{"monotonic_ns":1034542,"wall_ns":1783105933901021043,"modifier":0,"keys":[0,0,0,0,0,0],"result":"ok"}
{"monotonic_ns":2854542,"wall_ns":1783105933902841626,"modifier":1,"keys":[4,0,0,0,0,0],"result":"ok"}
{"monotonic_ns":33841504,"wall_ns":1783105933933829171,"modifier":0,"keys":[0,0,0,0,0,0],"result":"ok"}
{"monotonic_ns":84910884,"wall_ns":1783105933984897093,"modifier":0,"keys":[76,0,0,0,0,0],"result":"ok"}
{"monotonic_ns":115918845,"wall_ns":1783105934015905054,"modifier":0,"keys":[0,0,0,0,0,0],"result":"ok"}
{"monotonic_ns":467299339,"wall_ns":1783105934367284673,"modifier":0,"keys":[0,0,0,0,0,0],"result":"ok"}
{"monotonic_ns":467767755,"wall_ns":1783105934367753965,"modifier":2,"keys":[15,0,0,0,0,0],"result":"ok"}
{"monotonic_ns":472718214,"wall_ns":1783105934372704424,"modifier":0,"keys":[0,0,0,0,0,0],"result":"ok"}
{"monotonic_ns":481719632,"wall_ns":1783105934381705258,"modifier":0,"keys":[39,0,0,0,0,0],"result":"ok"}
{"monotonic_ns":486688757,"wall_ns":1783105934386674967,"modifier":0,"keys":[0,0,0,0,0,0],"result":"ok"}
{"monotonic_ns":494689175,"wall_ns":1783105934394674509,"modifier":0,"keys":[39,0,0,0,0,0],"result":"ok"}
{"monotonic_ns":499658009,"wall_ns":1783105934399643926,"modifier":0,"keys":[0,0,0,0,0,0],"result":"ok"}
{"monotonic_ns":508706093,"wall_ns":1783105934408692302,"modifier":0,"keys":[39,0,0,0,0,0],"result":"ok"}
{"monotonic_ns":513675218,"wall_ns":1783105934413660553,"modifier":0,"keys":[0,0,0,0,0,0],"result":"ok"}
{"monotonic_ns":521696344,"wall_ns":1783105934421681679,"modifier":0,"keys":[39,0,0,0,0,0],"result":"ok"}
{"monotonic_ns":526682095,"wall_ns":1783105934426668304,"modifier":0,"keys":[0,0,0,0,0,0],"result":"ok"}
{"monotonic_ns":534779929,"wall_ns":1783105934434766138,"modifier":0,"keys":[44,0,0,0,0,0],"result":"ok"}
{"monotonic_ns":539701513,"wall_ns":1783105934439687722,"modifier":0,"keys":[0,0,0,0,0,0],"result":"ok"}
{"monotonic_ns":548700889,"wall_ns":1783105934448686223,"modifier":0,"keys":[8,0,0,0,0,0],"result":"ok"}
{"monotonic_ns":553709389,"wall_ns":1783105934453694723,"modifier":0,"keys":[0,0,0,0,0,0],"result":"ok"}
{"monotonic_ns":561691140,"wall_ns":1783105934461677349,"modifier":0,"keys":[16,0,0,0,0,0],"result":"ok"}
{"monotonic_ns":566673099,"wall_ns":1783105934466659016,"modifier":0,"keys":[0,0,0,0,0,0],"result":"ok"}
{"monotonic_ns":574710266,"wall_ns":1783105934474696184,"modifier":0,"keys":[19,0,0,0,0,0],"result":"ok"}
{"monotonic_ns":579689308,"wall_ns":1783105934479674643,"modifier":0,"keys":[0,0,0,0,0,0],"result":"ok"}
{"monotonic_ns":588702976,"wall_ns":1783105934488688894,"modifier":0,"keys":[12,0,0,0,0,0],"result":"ok"}
{"monotonic_ns":593709726,"wall_ns":1783105934493696227,"modifier":0,"keys":[0,0,0,0,0,0],"result":"ok"}
{"monotonic_ns":601675727,"wall_ns":1783105934501661062,"modifier":0,"keys":[21,0,0,0,0,0],"result":"ok"}
{"monotonic_ns":606692394,"wall_ns":1783105934506677729,"modifier":0,"keys":[0,0,0,0,0,0],"result":"ok"}
{"monotonic_ns":614710312,"wall_ns":1783105934514696521,"modifier":0,"keys":[12,0,0,0,0,0],"result":"ok"}
{"monotonic_ns":619741854,"wall_ns":1783105934519727188,"modifier":0,"keys":[0,0,0,0,0,0],"result":"ok"}
{"monotonic_ns":628734230,"wall_ns":1783105934528719564,"modifier":0,"keys":[6,0,0,0,0,0],"result":"ok"}
{"monotonic_ns":633735730,"wall_ns":1783105934533721065,"modifier":0,"keys":[0,0,0,0,0,0],"result":"ok"}
{"monotonic_ns":641711356,"wall_ns":1783105934541697274,"modifier":0,"keys":[4,0,0,0,0,0],"result":"ok"}
{"monotonic_ns":646688065,"wall_ns":1783105934546673399,"modifier":0,"keys":[0,0,0,0,0,0],"result":"ok"}
{"monotonic_ns":654680608,"wall_ns":1783105934554666234,"modifier":0,"keys":[15,0,0,0,0,0],"result":"ok"}
{"monotonic_ns":659692316,"wall_ns":1783105934559677651,"modifier":0,"keys":[0,0,0,0,0,0],"result":"ok"}
{"monotonic_ns":668731359,"wall_ns":1783105934568717277,"modifier":0,"keys":[45,0,0,0,0,0],"result":"ok"}
{"monotonic_ns":673866151,"wall_ns":1783105934573851485,"modifier":0,"keys":[0,0,0,0,0,0],"result":"ok"}
{"monotonic_ns":681709944,"wall_ns":1783105934581695570,"modifier":0,"keys":[15,0,0,0,0,0],"result":"ok"}
{"monotonic_ns":686701527,"wall_ns":1783105934586686862,"modifier":0,"keys":[0,0,0,0,0,0],"result":"ok"}
{"monotonic_ns":695477487,"wall_ns":1783105934595462821,"modifier":0,"keys":[4,0,0,0,0,0],"result":"ok"}
{"monotonic_ns":700698029,"wall_ns":1783105934600684238,"modifier":0,"keys":[0,0,0,0,0,0],"result":"ok"}
{"monotonic_ns":708690280,"wall_ns":1783105934608676197,"modifier":0,"keys":[28,0,0,0,0,0],"result":"ok"}
{"monotonic_ns":713720655,"wall_ns":1783105934613706864,"modifier":0,"keys":[0,0,0,0,0,0],"result":"ok"}
{"monotonic_ns":721706489,"wall_ns":1783105934621692990,"modifier":0,"keys":[18,0,0,0,0,0],"result":"ok"}
{"monotonic_ns":726739490,"wall_ns":1783105934626724824,"modifier":0,"keys":[0,0,0,0,0,0],"result":"ok"}
{"monotonic_ns":734698199,"wall_ns":1783105934634684408,"modifier":0,"keys":[24,0,0,0,0,0],"result":"ok"}
{"monotonic_ns":739678991,"wall_ns":1783105934639665200,"modifier":0,"keys":[0,0,0,0,0,0],"result":"ok"}
{"monotonic_ns":748776075,"wall_ns":1783105934648761410,"modifier":0,"keys":[23,0,0,0,0,0],"result":"ok"}
{"monotonic_ns":753775243,"wall_ns":1783105934653760577,"modifier":0,"keys":[0,0,0,0,0,0],"result":"ok"}
{"monotonic_ns":761710035,"wall_ns":1783105934661695369,"modifier":0,"keys":[45,0,0,0,0,0],"result":"ok"}
{"monotonic_ns":766700160,"wall_ns":1783105934666686078,"modifier":0,"keys":[0,0,0,0,0,0],"result":"ok"}
{"monotonic_ns":774702036,"wall_ns":1783105934674688246,"modifier":0,"keys":[19,0,0,0,0,0],"result":"ok"}
{"monotonic_ns":779678453,"wall_ns":1783105934679663788,"modifier":0,"keys":[0,0,0,0,0,0],"result":"ok"}
{"monotonic_ns":788758329,"wall_ns":1783105934688744247,"modifier":0,"keys":[21,0,0,0,0,0],"result":"ok"}
{"monotonic_ns":793735622,"wall_ns":1783105934693720956,"modifier":0,"keys":[0,0,0,0,0,0],"result":"ok"}
{"monotonic_ns":801719122,"wall_ns":1783105934701704457,"modifier":0,"keys":[18,0,0,0,0,0],"result":"ok"}
{"monotonic_ns":806664914,"wall_ns":1783105934706650249,"modifier":0,"keys":[0,0,0,0,0,0],"result":"ok"}
{"monotonic_ns":814688082,"wall_ns":1783105934714673416,"modifier":0,"keys":[5,0,0,0,0,0],"result":"ok"}
{"monotonic_ns":819692499,"wall_ns":1783105934719677833,"modifier":0,"keys":[0,0,0,0,0,0],"result":"ok"}
{"monotonic_ns":828713458,"wall_ns":1783105934728699668,"modifier":0,"keys":[8,0,0,0,0,0],"result":"ok"}
{"monotonic_ns":833711167,"wall_ns":1783105934733696502,"modifier":0,"keys":[0,0,0,0,0,0],"result":"ok"}
{"monotonic_ns":841701376,"wall_ns":1783105934741686711,"modifier":0,"keys":[44,0,0,0,0,0],"result":"ok"}
{"monotonic_ns":846691210,"wall_ns":1783105934746677128,"modifier":0,"keys":[0,0,0,0,0,0],"result":"ok"}
{"monotonic_ns":854769503,"wall_ns":1783105934754756004,"modifier":2,"keys":[24,0,0,0,0,0],"result":"ok"}
{"monotonic_ns":859710045,"wall_ns":1783105934759695379,"modifier":0,"keys":[0,0,0,0,0,0],"result":"ok"}
{"monotonic_ns":868724879,"wall_ns":1783105934768711088,"modifier":2,"keys":[14,0,0,0,0,0],"result":"ok"}
{"monotonic_ns":873725505,"wall_ns":1783105934773711714,"modifier":0,"keys":[0,0,0,0,0,0],"result":"ok"}
{"monotonic_ns":881660589,"wall_ns":1783105934781646798,"modifier":0,"keys":[44,0,0,0,0,0],"result":"ok"}
{"monotonic_ns":886681923,"wall_ns":1783105934786667840,"modifier":0,"keys":[0,0,0,0,0,0],"result":"ok"}
{"monotonic_ns":894703048,"wall_ns":1783105934794688966,"modifier":0,"keys":[22,0,0,0,0,0],"result":"ok"}
{"monotonic_ns":899680924,"wall_ns":1783105934799667133,"modifier":0,"keys":[0,0,0,0,0,0],"result":"ok"}
{"monotonic_ns":908708591,"wall_ns":1783105934808693926,"modifier":0,"keys":[28,0,0,0,0,0],"result":"ok"}
{"monotonic_ns":913726134,"wall_ns":1783105934813712343,"modifier":0,"keys":[0,0,0,0,0,0],"result":"ok"}
{"monotonic_ns":921716051,"wall_ns":1783105934821702260,"modifier":0,"keys":[16,0,0,0,0,0],"result":"ok"}
{"monotonic_ns":926692468,"wall_ns":1783105934826677803,"modifier":0,"keys":[0,0,0,0,0,0],"result":"ok"}
{"monotonic_ns":934682677,"wall_ns":1783105934834668012,"modifier":0,"keys":[5,0,0,0,0,0],"result":"ok"}
{"monotonic_ns":939850136,"wall_ns":1783105934839835471,"modifier":0,"keys":[0,0,0,0,0,0],"result":"ok"}
{"monotonic_ns":948721762,"wall_ns":1783105934848707388,"modifier":0,"keys":[18,0,0,0,0,0],"result":"ok"}
{"monotonic_ns":953706346,"wall_ns":1783105934853691680,"modifier":0,"keys":[0,0,0,0,0,0],"result":"ok"}
{"monotonic_ns":961839763,"wall_ns":1783105934861825098,"modifier":0,"keys":[15,0,0,0,0,0],"result":"ok"}
{"monotonic_ns":966698931,"wall_ns":1783105934866684265,"modifier":0,"keys":[0,0,0,0,0,0],"result":"ok"}
{"monotonic_ns":974702556,"wall_ns":1783105934874687891,"modifier":0,"keys":[22,0,0,0,0,0],"result":"ok"}
{"monotonic_ns":979974432,"wall_ns":1783105934879960350,"modifier":0,"keys":[0,0,0,0,0,0],"result":"ok"}
{"monotonic_ns":988699349,"wall_ns":1783105934888684684,"modifier":0,"keys":[44,0,0,0,0,0],"result":"ok"}
{"monotonic_ns":993732642,"wall_ns":1783105934893718559,"modifier":0,"keys":[0,0,0,0,0,0],"result":"ok"}
{"monotonic_ns":1001714101,"wall_ns":1783105934901700602,"modifier":2,"keys":[52,0,0,0,0,0],"result":"ok"}
{"monotonic_ns":1006673893,"wall_ns":1783105934906659227,"modifier":0,"keys":[0,0,0,0,0,0],"result":"ok"}
{"monotonic_ns":1014697352,"wall_ns":1783105934914682978,"modifier":0,"keys":[44,0,0,0,0,0],"result":"ok"}
{"monotonic_ns":1019698269,"wall_ns":1783105934919683604,"modifier":0,"keys":[0,0,0,0,0,0],"result":"ok"}
{"monotonic_ns":1028706395,"wall_ns":1783105934928691729,"modifier":2,"keys":[31,0,0,0,0,0],"result":"ok"}
{"monotonic_ns":1033700604,"wall_ns":1783105934933686813,"modifier":0,"keys":[0,0,0,0,0,0],"result":"ok"}
{"monotonic_ns":1041694021,"wall_ns":1783105934941680231,"modifier":0,"keys":[44,0,0,0,0,0],"result":"ok"}
{"monotonic_ns":1046700480,"wall_ns":1783105934946686398,"modifier":0,"keys":[0,0,0,0,0,0],"result":"ok"}
{"monotonic_ns":1054793648,"wall_ns":1783105934954779857,"modifier":0,"keys":[49,0,0,0,0,0],"result":"ok"}
{"monotonic_ns":1063076399,"wall_ns":1783105934963062316,"modifier":0,"keys":[0,0,0,0,0,0],"result":"ok"}
{"monotonic_ns":1068733857,"wall_ns":1783105934968719192,"modifier":0,"keys":[44,0,0,0,0,0],"result":"ok"}
{"monotonic_ns":1073721650,"wall_ns":1783105934973706984,"modifier":0,"keys":[0,0,0,0,0,0],"result":"ok"}
{"monotonic_ns":1081713025,"wall_ns":1783105934981698360,"modifier":2,"keys":[49,0,0,0,0,0],"result":"ok"}
{"monotonic_ns":1086707818,"wall_ns":1783105934986693444,"modifier":0,"keys":[0,0,0,0,0,0],"result":"ok"}
{"monotonic_ns":1094713485,"wall_ns":1783105934994698819,"modifier":0,"keys":[44,0,0,0,0,0],"result":"ok"}
{"monotonic_ns":1099689027,"wall_ns":1783105934999674653,"modifier":0,"keys":[0,0,0,0,0,0],"result":"ok"}
{"monotonic_ns":1108706778,"wall_ns":1783105935008692988,"modifier":0,"keys":[100,0,0,0,0,0],"result":"ok"}
{"monotonic_ns":1113699529,"wall_ns":1783105935013684863,"modifier":0,"keys":[0,0,0,0,0,0],"result":"ok"}
{"monotonic_ns":1121750113,"wall_ns":1783105935021736030,"modifier":0,"keys":[44,0,0,0,0,0],"result":"ok"}
{"monotonic_ns":1126686280,"wall_ns":1783105935026671614,"modifier":0,"keys":[0,0,0,0,0,0],"result":"ok"}
{"monotonic_ns":1134705072,"wall_ns":1783105935034690698,"modifier":2,"keys":[100,0,0,0,0,0],"result":"ok"}
{"monotonic_ns":1139690240,"wall_ns":1783105935039676741,"modifier":0,"keys":[0,0,0,0,0,0],"result":"ok"}
{"monotonic_ns":1148697491,"wall_ns":1783105935048683700,"modifier":0,"keys":[44,0,0,0,0,0],"result":"ok"}
{"monotonic_ns":1153731074,"wall_ns":1783105935053716409,"modifier":0,"keys":[0,0,0,0,0,0],"result":"ok"}
{"monotonic_ns":1161716909,"wall_ns":1783105935061702243,"modifier":2,"keys":[32,0,0,0,0,0],"result":"ok"}
{"monotonic_ns":1167096117,"wall_ns":1783105935067081452,"modifier":0,"keys":[0,0,0,0,0,0],"result":"ok"}
{"monotonic_ns":1174813035,"wall_ns":1783105935074799244,"modifier":0,"keys":[44,0,0,0,0,0],"result":"ok"}
{"monotonic_ns":1179708660,"wall_ns":1783105935079693995,"modifier":0,"keys":[0,0,0,0,0,0],"result":"ok"}
{"monotonic_ns":1188709786,"wall_ns":1783105935088695996,"modifier":2,"keys":[54,0,0,0,0,0],"result":"ok"}
{"monotonic_ns":1193810453,"wall_ns":1783105935093796371,"modifier":0,"keys":[0,0,0,0,0,0],"result":"ok"}
{"monotonic_ns":1201715204,"wall_ns":1783105935101700830,"modifier":2,"keys":[55,0,0,0,0,0],"result":"ok"}
{"monotonic_ns":1206706205,"wall_ns":1783105935106692706,"modifier":0,"keys":[0,0,0,0,0,0],"result":"ok"}
{"monotonic_ns":1214709247,"wall_ns":1783105935114695165,"modifier":0,"keys":[44,0,0,0,0,0],"result":"ok"}
{"monotonic_ns":1219696748,"wall_ns":1783105935119682665,"modifier":0,"keys":[0,0,0,0,0,0],"result":"ok"}
{"monotonic_ns":1228683582,"wall_ns":1783105935128669500,"modifier":0,"keys":[8,0,0,0,0,0],"result":"ok"}
{"monotonic_ns":1233729707,"wall_ns":1783105935133715917,"modifier":0,"keys":[0,0,0,0,0,0],"result":"ok"}
{"monotonic_ns":1241708833,"wall_ns":1783105935141694168,"modifier":0,"keys":[17,0,0,0,0,0],"result":"ok"}
{"monotonic_ns":1246718209,"wall_ns":1783105935146704418,"modifier":0,"keys":[0,0,0,0,0,0],"result":"ok"}
{"monotonic_ns":1254702001,"wall_ns":1783105935154687336,"modifier":0,"keys":[7,0,0,0,0,0],"result":"ok"}
{"monotonic_ns":1259697960,"wall_ns":1783105935159684169,"modifier":0,"keys":[0,0,0,0,0,0],"result":"ok"}
{"monotonic_ns":1268928044,"wall_ns":1783105935168913379,"modifier":0,"keys":[40,0,0,0,0,0],"result":"ok"}
{"monotonic_ns":1273714878,"wall_ns":1783105935173700212,"modifier":0,"keys":[0,0,0,0,0,0],"result":"ok"}
{"monotonic_ns":1281789962,"wall_ns":1783105935181776463,"modifier":2,"keys":[15,0,0,0,0,0],"result":"ok"}
{"monotonic_ns":1286723213,"wall_ns":1783105935186709130,"modifier":0,"keys":[0,0,0,0,0,0],"result":"ok"}
{"monotonic_ns":1294710797,"wall_ns":1783105935194696131,"modifier":0,"keys":[39,0,0,0,0,0],"result":"ok"}
{"monotonic_ns":1299694214,"wall_ns":1783105935199680423,"modifier":0,"keys":[0,0,0,0,0,0],"result":"ok"}
{"monotonic_ns":1308781382,"wall_ns":1783105935208766716,"modifier":0,"keys":[39,0,0,0,0,0],"result":"ok"}
{"monotonic_ns":1313734174,"wall_ns":1783105935213719508,"modifier":0,"keys":[0,0,0,0,0,0],"result":"ok"}
{"monotonic_ns":1321705716,"wall_ns":1783105935221691926,"modifier":0,"keys":[39,0,0,0,0,0],"result":"ok"}
{"monotonic_ns":1326683592,"wall_ns":1783105935226668926,"modifier":0,"keys":[0,0,0,0,0,0],"result":"ok"}
{"monotonic_ns":1334705593,"wall_ns":1783105935234691802,"modifier":0,"keys":[30,0,0,0,0,0],"result":"ok"}
{"monotonic_ns":1339697760,"wall_ns":1783105935239683969,"modifier":0,"keys":[0,0,0,0,0,0],"result":"ok"}
{"monotonic_ns":1348724844,"wall_ns":1783105935248711053,"modifier":0,"keys":[44,0,0,0,0,0],"result":"ok"}
{"monotonic_ns":1353715553,"wall_ns":1783105935253700887,"modifier":0,"keys":[0,0,0,0,0,0],"result":"ok"}
{"monotonic_ns":1361701095,"wall_ns":1783105935261687013,"modifier":0,"keys":[21,0,0,0,0,0],"result":"ok"}
{"monotonic_ns":1366702596,"wall_ns":1783105935266687930,"modifier":0,"keys":[0,0,0,0,0,0],"result":"ok"}
{"monotonic_ns":1374710305,"wall_ns":1783105935274696223,"modifier":0,"keys":[8,0,0,0,0,0],"result":"ok"}
{"monotonic_ns":1379709764,"wall_ns":1783105935279695098,"modifier":0,"keys":[0,0,0,0,0,0],"result":"ok"}
{"monotonic_ns":1388799848,"wall_ns":1783105935288785182,"modifier":0,"keys":[19,0,0,0,0,0],"result":"ok"}
{"monotonic_ns":1393762557,"wall_ns":1783105935293748474,"modifier":0,"keys":[0,0,0,0,0,0],"result":"ok"}
{"monotonic_ns":1401692974,"wall_ns":1783105935301679184,"modifier":0,"keys":[8,0,0,0,0,0],"result":"ok"}
{"monotonic_ns":1406693016,"wall_ns":1783105935306678351,"modifier":0,"keys":[0,0,0,0,0,0],"result":"ok"}
{"monotonic_ns":1414714142,"wall_ns":1783105935314700352,"modifier":0,"keys":[4,0,0,0,0,0],"result":"ok"}
{"monotonic_ns":1419721184,"wall_ns":1783105935319706519,"modifier":0,"keys":[0,0,0,0,0,0],"result":"ok"}
{"monotonic_ns":1428723477,"wall_ns":1783105935328709686,"modifier":0,"keys":[23,0,0,0,0,0],"result":"ok"}
{"monotonic_ns":1433726727,"wall_ns":1783105935333712937,"modifier":0,"keys":[0,0,0,0,0,0],"result":"ok"}
{"monotonic_ns":1441708770,"wall_ns":1783105935341694688,"modifier":0,"keys":[22,0,0,0,0,0],"result":"ok"}
{"monotonic_ns":1446713187,"wall_ns":1783105935346698521,"modifier":0,"keys":[0,0,0,0,0,0],"result":"ok"}
{"monotonic_ns":1454796438,"wall_ns":1783105935354781772,"modifier":0,"keys":[44,0,0,0,0,0],"result":"ok"}
{"monotonic_ns":1459711313,"wall_ns":1783105935359696648,"modifier":0,"keys":[0,0,0,0,0,0],"result":"ok"}
{"monotonic_ns":1468714189,"wall_ns":1783105935368699524,"modifier":2,"keys":[52,0,0,0,0,0],"result":"ok"}
{"monotonic_ns":1473776940,"wall_ns":1783105935373762274,"modifier":0,"keys":[0,0,0,0,0,0],"result":"ok"}
{"monotonic_ns":1481712899,"wall_ns":1783105935381699108,"modifier":2,"keys":[52,0,0,0,0,0],"result":"ok"}
{"monotonic_ns":1486703608,"wall_ns":1783105935386688942,"modifier":0,"keys":[0,0,0,0,0,0],"result":"ok"}
{"monotonic_ns":1494776067,"wall_ns":1783105935394761985,"modifier":2,"keys":[52,0,0,0,0,0],"result":"ok"}
{"monotonic_ns":1499715734,"wall_ns":1783105935399701943,"modifier":0,"keys":[0,0,0,0,0,0],"result":"ok"}
{"monotonic_ns":1508697902,"wall_ns":1783105935408683819,"modifier":0,"keys":[44,0,0,0,0,0],"result":"ok"}
{"monotonic_ns":1513726236,"wall_ns":1783105935413712153,"modifier":0,"keys":[0,0,0,0,0,0],"result":"ok"}
{"monotonic_ns":1521701861,"wall_ns":1783105935421687196,"modifier":2,"keys":[31,0,0,0,0,0],"result":"ok"}
{"monotonic_ns":1526673029,"wall_ns":1783105935426658363,"modifier":0,"keys":[0,0,0,0,0,0],"result":"ok"}
{"monotonic_ns":1534896571,"wall_ns":1783105935434881905,"modifier":2,"keys":[31,0,0,0,0,0],"result":"ok"}
{"monotonic_ns":1539706155,"wall_ns":1783105935439691489,"modifier":0,"keys":[0,0,0,0,0,0],"result":"ok"}
{"monotonic_ns":1548723906,"wall_ns":1783105935448710115,"modifier":2,"keys":[31,0,0,0,0,0],"result":"ok"}
{"monotonic_ns":1553699156,"wall_ns":1783105935453685366,"modifier":0,"keys":[0,0,0,0,0,0],"result":"ok"}
{"monotonic_ns":1561708615,"wall_ns":1783105935461693950,"modifier":0,"keys":[44,0,0,0,0,0],"result":"ok"}
{"monotonic_ns":1566720324,"wall_ns":1783105935466705659,"modifier":0,"keys":[0,0,0,0,0,0],"result":"ok"}
{"monotonic_ns":1574708200,"wall_ns":1783105935474694409,"modifier":0,"keys":[49,0,0,0,0,0],"result":"ok"}
{"monotonic_ns":1579683742,"wall_ns":1783105935479669951,"modifier":0,"keys":[0,0,0,0,0,0],"result":"ok"}
{"monotonic_ns":1588716660,"wall_ns":1783105935488701994,"modifier":0,"keys":[49,0,0,0,0,0],"result":"ok"}
{"monotonic_ns":1593742660,"wall_ns":1783105935493728870,"modifier":0,"keys":[0,0,0,0,0,0],"result":"ok"}
{"monotonic_ns":1601727911,"wall_ns":1783105935501713245,"modifier":0,"keys":[49,0,0,0,0,0],"result":"ok"}
{"monotonic_ns":1606751287,"wall_ns":1783105935506736621,"modifier":0,"keys":[0,0,0,0,0,0],"result":"ok"}
{"monotonic_ns":1614715246,"wall_ns":1783105935514701455,"modifier":0,"keys":[44,0,0,0,0,0],"result":"ok"}
{"monotonic_ns":1619699538,"wall_ns":1783105935519685456,"modifier":0,"keys":[0,0,0,0,0,0],"result":"ok"}
{"monotonic_ns":1628704455,"wall_ns":1783105935528689790,"modifier":2,"keys":[49,0,0,0,0,0],"result":"ok"}
{"monotonic_ns":1633729289,"wall_ns":1783105935533714624,"modifier":0,"keys":[0,0,0,0,0,0],"result":"ok"}
{"monotonic_ns":1641725040,"wall_ns":1783105935541710374,"modifier":2,"keys":[49,0,0,0,0,0],"result":"ok"}
{"monotonic_ns":1646754541,"wall_ns":1783105935546739875,"modifier":0,"keys":[0,0,0,0,0,0],"result":"ok"}
{"monotonic_ns":1654709166,"wall_ns":1783105935554694501,"modifier":2,"keys":[49,0,0,0,0,0],"result":"ok"}
{"monotonic_ns":1659694334,"wall_ns":1783105935559679668,"modifier":0,"keys":[0,0,0,0,0,0],"result":"ok"}
{"monotonic_ns":1668804834,"wall_ns":1783105935568791044,"modifier":0,"keys":[44,0,0,0,0,0],"result":"ok"}
{"monotonic_ns":1673732252,"wall_ns":1783105935573718461,"modifier":0,"keys":[0,0,0,0,0,0],"result":"ok"}
{"monotonic_ns":1681770586,"wall_ns":1783105935581755920,"modifier":0,"keys":[100,0,0,0,0,0],"result":"ok"}
{"monotonic_ns":1686711711,"wall_ns":1783105935586698212,"modifier":0,"keys":[0,0,0,0,0,0],"result":"ok"}
{"monotonic_ns":1694712712,"wall_ns":1783105935594698046,"modifier":0,"keys":[100,0,0,0,0,0],"result":"ok"}
{"monotonic_ns":1699699921,"wall_ns":1783105935599686130,"modifier":0,"keys":[0,0,0,0,0,0],"result":"ok"}
{"monotonic_ns":1708754130,"wall_ns":1783105935608739464,"modifier":0,"keys":[44,0,0,0,0,0],"result":"ok"}
{"monotonic_ns":1713745714,"wall_ns":1783105935613732215,"modifier":0,"keys":[0,0,0,0,0,0],"result":"ok"}
{"monotonic_ns":1721725715,"wall_ns":1783105935621711049,"modifier":2,"keys":[100,0,0,0,0,0],"result":"ok"}
{"monotonic_ns":1726699507,"wall_ns":1783105935626684841,"modifier":0,"keys":[0,0,0,0,0,0],"result":"ok"}
{"monotonic_ns":1734707508,"wall_ns":1783105935634693425,"modifier":2,"keys":[100,0,0,0,0,0],"result":"ok"}
{"monotonic_ns":1739707842,"wall_ns":1783105935639693176,"modifier":0,"keys":[0,0,0,0,0,0],"result":"ok"}
{"monotonic_ns":1748713926,"wall_ns":1783105935648700135,"modifier":2,"keys":[100,0,0,0,0,0],"result":"ok"}
{"monotonic_ns":1753705801,"wall_ns":1783105935653691136,"modifier":0,"keys":[0,0,0,0,0,0],"result":"ok"}
{"monotonic_ns":1761786427,"wall_ns":1783105935661771761,"modifier":0,"keys":[44,0,0,0,0,0],"result":"ok"}
{"monotonic_ns":1766700428,"wall_ns":1783105935666685762,"modifier":0,"keys":[0,0,0,0,0,0],"result":"ok"}
{"monotonic_ns":1774711637,"wall_ns":1783105935674697846,"modifier":2,"keys":[32,0,0,0,0,0],"result":"ok"}
{"monotonic_ns":1779830387,"wall_ns":1783105935679816597,"modifier":0,"keys":[0,0,0,0,0,0],"result":"ok"}
{"monotonic_ns":1788715430,"wall_ns":1783105935688700764,"modifier":2,"keys":[32,0,0,0,0,0],"result":"ok"}
{"monotonic_ns":1793751930,"wall_ns":1783105935693737265,"modifier":0,"keys":[0,0,0,0,0,0],"result":"ok"}
{"monotonic_ns":1801754389,"wall_ns":1783105935701740015,"modifier":2,"keys":[32,0,0,0,0,0],"result":"ok"}
{"monotonic_ns":1806697265,"wall_ns":1783105935706683474,"modifier":0,"keys":[0,0,0,0,0,0],"result":"ok"}
{"monotonic_ns":1814707599,"wall_ns":1783105935714692933,"modifier":0,"keys":[44,0,0,0,0,0],"result":"ok"}
{"monotonic_ns":1819709391,"wall_ns":1783105935719695601,"modifier":0,"keys":[0,0,0,0,0,0],"result":"ok"}
{"monotonic_ns":1828723934,"wall_ns":1783105935728709268,"modifier":2,"keys":[54,0,0,0,0,0],"result":"ok"}
{"monotonic_ns":1833712601,"wall_ns":1783105935733697935,"modifier":0,"keys":[0,0,0,0,0,0],"result":"ok"}
{"monotonic_ns":1841708935,"wall_ns":1783105935741694853,"modifier":2,"keys":[55,0,0,0,0,0],"result":"ok"}
{"monotonic_ns":1846711602,"wall_ns":1783105935746697812,"modifier":0,"keys":[0,0,0,0,0,0],"result":"ok"}
{"monotonic_ns":1854722228,"wall_ns":1783105935754707562,"modifier":2,"keys":[54,0,0,0,0,0],"result":"ok"}
{"monotonic_ns":1859690770,"wall_ns":1783105935759676105,"modifier":0,"keys":[0,0,0,0,0,0],"result":"ok"}
{"monotonic_ns":1868717563,"wall_ns":1783105935768703772,"modifier":2,"keys":[55,0,0,0,0,0],"result":"ok"}
{"monotonic_ns":1873734230,"wall_ns":1783105935773719564,"modifier":0,"keys":[0,0,0,0,0,0],"result":"ok"}
{"monotonic_ns":1881713648,"wall_ns":1783105935781698982,"modifier":2,"keys":[54,0,0,0,0,0],"result":"ok"}
{"monotonic_ns":1886708731,"wall_ns":1783105935786694066,"modifier":0,"keys":[0,0,0,0,0,0],"result":"ok"}
{"monotonic_ns":1894719940,"wall_ns":1783105935794706150,"modifier":2,"keys":[55,0,0,0,0,0],"result":"ok"}
{"monotonic_ns":1899727274,"wall_ns":1783105935799713484,"modifier":0,"keys":[0,0,0,0,0,0],"result":"ok"}
{"monotonic_ns":1908731609,"wall_ns":1783105935808717818,"modifier":0,"keys":[40,0,0,0,0,0],"result":"ok"}
{"monotonic_ns":1913712109,"wall_ns":1783105935813698027,"modifier":0,"keys":[0,0,0,0,0,0],"result":"ok"}
{"monotonic_ns":1921708735,"wall_ns":1783105935821694069,"modifier":2,"keys":[15,0,0,0,0,0],"result":"ok"}
{"monotonic_ns":1926692152,"wall_ns":1783105935826677486,"modifier":0,"keys":[0,0,0,0,0,0],"result":"ok"}
{"monotonic_ns":1934751486,"wall_ns":1783105935834736820,"modifier":0,"keys":[39,0,0,0,0,0],"result":"ok"}
{"monotonic_ns":1939705445,"wall_ns":1783105935839691946,"modifier":0,"keys":[0,0,0,0,0,0],"result":"ok"}
{"monotonic_ns":1948721738,"wall_ns":1783105935848707072,"modifier":0,"keys":[39,0,0,0,0,0],"result":"ok"}
{"monotonic_ns":1953808113,"wall_ns":1783105935853793739,"modifier":0,"keys":[0,0,0,0,0,0],"result":"ok"}
{"monotonic_ns":1961711989,"wall_ns":1783105935861697323,"modifier":0,"keys":[39,0,0,0,0,0],"result":"ok"}
{"monotonic_ns":1966703281,"wall_ns":1783105935866689199,"modifier":0,"keys":[0,0,0,0,0,0],"result":"ok"}
{"monotonic_ns":1974720615,"wall_ns":1783105935874706825,"modifier":0,"keys":[31,0,0,0,0,0],"result":"ok"}
{"monotonic_ns":1979696449,"wall_ns":1783105935879681783,"modifier":0,"keys":[0,0,0,0,0,0],"result":"ok"}
{"monotonic_ns":1988694367,"wall_ns":1783105935888679701,"modifier":0,"keys":[44,0,0,0,0,0],"result":"ok"}
{"monotonic_ns":1993815450,"wall_ns":1783105935893800785,"modifier":0,"keys":[0,0,0,0,0,0],"result":"ok"}
{"monotonic_ns":2001763076,"wall_ns":1783105935901749286,"modifier":0,"keys":[22,0,0,0,0,0],"result":"ok"}
{"monotonic_ns":2006780910,"wall_ns":1783105935906766828,"modifier":0,"keys":[0,0,0,0,0,0],"result":"ok"}
{"monotonic_ns":2014723578,"wall_ns":1783105935914708912,"modifier":0,"keys":[11,0,0,0,0,0],"result":"ok"}
{"monotonic_ns":2019715745,"wall_ns":1783105935919701079,"modifier":0,"keys":[0,0,0,0,0,0],"result":"ok"}
{"monotonic_ns":2028715121,"wall_ns":1783105935928701330,"modifier":0,"keys":[12,0,0,0,0,0],"result":"ok"}
{"monotonic_ns":2033690954,"wall_ns":1783105935933676289,"modifier":0,"keys":[0,0,0,0,0,0],"result":"ok"}
{"monotonic_ns":2041709164,"wall_ns":1783105935941694790,"modifier":0,"keys":[9,0,0,0,0,0],"result":"ok"}
{"monotonic_ns":2046729331,"wall_ns":1783105935946715540,"modifier":0,"keys":[0,0,0,0,0,0],"result":"ok"}
{"monotonic_ns":2054719832,"wall_ns":1783105935954705166,"modifier":0,"keys":[23,0,0,0,0,0],"result":"ok"}
{"monotonic_ns":2059681082,"wall_ns":1783105935959667291,"modifier":0,"keys":[0,0,0,0,0,0],"result":"ok"}
{"monotonic_ns":2067808083,"wall_ns":1783105935967794292,"modifier":0,"keys":[8,0,0,0,0,0],"result":"ok"}
{"monotonic_ns":2072740458,"wall_ns":1783105935972726668,"modifier":0,"keys":[0,0,0,0,0,0],"result":"ok"}
{"monotonic_ns":2081771043,"wall_ns":1783105935981757252,"modifier":0,"keys":[7,0,0,0,0,0],"result":"ok"}
{"monotonic_ns":2086738418,"wall_ns":1783105935986724627,"modifier":0,"keys":[0,0,0,0,0,0],"result":"ok"}
{"monotonic_ns":2094705586,"wall_ns":1783105935994690920,"modifier":0,"keys":[45,0,0,0,0,0],"result":"ok"}
{"monotonic_ns":2099720211,"wall_ns":1783105935999705545,"modifier":0,"keys":[0,0,0,0,0,0],"result":"ok"}
{"monotonic_ns":2108726587,"wall_ns":1783105936008711921,"modifier":0,"keys":[19,0,0,0,0,0],"result":"ok"}
{"monotonic_ns":2113714379,"wall_ns":1783105936013699713,"modifier":0,"keys":[0,0,0,0,0,0],"result":"ok"}
{"monotonic_ns":2121732588,"wall_ns":1783105936021718506,"modifier":0,"keys":[4,0,0,0,0,0],"result":"ok"}
{"monotonic_ns":2126717172,"wall_ns":1783105936026703381,"modifier":0,"keys":[0,0,0,0,0,0],"result":"ok"}
{"monotonic_ns":2134799256,"wall_ns":1783105936034785757,"modifier":0,"keys":[12,0,0,0,0,0],"result":"ok"}
{"monotonic_ns":2139735132,"wall_ns":1783105936039721049,"modifier":0,"keys":[0,0,0,0,0,0],"result":"ok"}
{"monotonic_ns":2148725758,"wall_ns":1783105936048711675,"modifier":0,"keys":[21,0,0,0,0,0],"result":"ok"}
{"monotonic_ns":2153741841,"wall_ns":1783105936053727176,"modifier":0,"keys":[0,0,0,0,0,0],"result":"ok"}
{"monotonic_ns":2161722717,"wall_ns":1783105936061708927,"modifier":0,"keys":[22,0,0,0,0,0],"result":"ok"}
{"monotonic_ns":2166716926,"wall_ns":1783105936066702260,"modifier":0,"keys":[0,0,0,0,0,0],"result":"ok"}
{"monotonic_ns":2174751177,"wall_ns":1783105936074736511,"modifier":0,"keys":[44,0,0,0,0,0],"result":"ok"}
{"monotonic_ns":2179772802,"wall_ns":1783105936079758137,"modifier":0,"keys":[0,0,0,0,0,0],"result":"ok"}
{"monotonic_ns":2188718220,"wall_ns":1783105936088703554,"modifier":0,"keys":[31,0,0,0,0,0],"result":"ok"}
{"monotonic_ns":2193768721,"wall_ns":1783105936093754055,"modifier":0,"keys":[0,0,0,0,0,0],"result":"ok"}
{"monotonic_ns":2201730055,"wall_ns":1783105936101715389,"modifier":2,"keys":[31,0,0,0,0,0],"result":"ok"}
{"monotonic_ns":2206697430,"wall_ns":1783105936106682764,"modifier":0,"keys":[0,0,0,0,0,0],"result":"ok"}
{"monotonic_ns":2214765514,"wall_ns":1783105936114751724,"modifier":0,"keys":[44,0,0,0,0,0],"result":"ok"}
{"monotonic_ns":2219713640,"wall_ns":1783105936119698974,"modifier":0,"keys":[0,0,0,0,0,0],"result":"ok"}
{"monotonic_ns":2228722641,"wall_ns":1783105936128709142,"modifier":0,"keys":[32,0,0,0,0,0],"result":"ok"}
{"monotonic_ns":2233883975,"wall_ns":1783105936133869309,"modifier":0,"keys":[0,0,0,0,0,0],"result":"ok"}
{"monotonic_ns":2241725142,"wall_ns":1783105936141711351,"modifier":2,"keys":[32,0,0,0,0,0],"result":"ok"}
{"monotonic_ns":2246724893,"wall_ns":1783105936146710227,"modifier":0,"keys":[0,0,0,0,0,0],"result":"ok"}
{"monotonic_ns":2254754768,"wall_ns":1783105936154740394,"modifier":0,"keys":[44,0,0,0,0,0],"result":"ok"}
{"monotonic_ns":2259703769,"wall_ns":1783105936159689103,"modifier":0,"keys":[0,0,0,0,0,0],"result":"ok"}
{"monotonic_ns":2268726478,"wall_ns":1783105936168712687,"modifier":0,"keys":[20,0,0,0,0,0],"result":"ok"}
{"monotonic_ns":2273730312,"wall_ns":1783105936173716521,"modifier":0,"keys":[0,0,0,0,0,0],"result":"ok"}
{"monotonic_ns":2281739771,"wall_ns":1783105936181725105,"modifier":0,"keys":[24,0,0,0,0,0],"result":"ok"}
{"monotonic_ns":2286700438,"wall_ns":1783105936186686356,"modifier":0,"keys":[0,0,0,0,0,0],"result":"ok"}
{"monotonic_ns":2294835314,"wall_ns":1783105936194820648,"modifier":0,"keys":[18,0,0,0,0,0],"result":"ok"}
{"monotonic_ns":2299721023,"wall_ns":1783105936199706357,"modifier":0,"keys":[0,0,0,0,0,0],"result":"ok"}
{"monotonic_ns":2308767940,"wall_ns":1783105936208754150,"modifier":0,"keys":[23,0,0,0,0,0],"result":"ok"}
{"monotonic_ns":2313709649,"wall_ns":1783105936213694984,"modifier":0,"keys":[0,0,0,0,0,0],"result":"ok"}
{"monotonic_ns":2321707150,"wall_ns":1783105936221692484,"modifier":0,"keys":[8,0,0,0,0,0],"result":"ok"}
{"monotonic_ns":2326713609,"wall_ns":1783105936226698943,"modifier":0,"keys":[0,0,0,0,0,0],"result":"ok"}
{"monotonic_ns":2334724526,"wall_ns":1783105936234709861,"modifier":2,"keys":[52,0,0,0,0,0],"result":"ok"}
{"monotonic_ns":2339700360,"wall_ns":1783105936239685695,"modifier":0,"keys":[0,0,0,0,0,0],"result":"ok"}
{"monotonic_ns":2348738528,"wall_ns":1783105936248724737,"modifier":0,"keys":[44,0,0,0,0,0],"result":"ok"}
{"monotonic_ns":2353720195,"wall_ns":1783105936253705529,"modifier":0,"keys":[0,0,0,0,0,0],"result":"ok"}
{"monotonic_ns":2361725571,"wall_ns":1783105936261710905,"modifier":0,"keys":[22,0,0,0,0,0],"result":"ok"}
{"monotonic_ns":2366710155,"wall_ns":1783105936266696364,"modifier":0,"keys":[0,0,0,0,0,0],"result":"ok"}
{"monotonic_ns":2374719905,"wall_ns":1783105936274705240,"modifier":0,"keys":[15,0,0,0,0,0],"result":"ok"}
{"monotonic_ns":2379726073,"wall_ns":1783105936279711407,"modifier":0,"keys":[0,0,0,0,0,0],"result":"ok"}
{"monotonic_ns":2388728657,"wall_ns":1783105936288713991,"modifier":0,"keys":[4,0,0,0,0,0],"result":"ok"}
{"monotonic_ns":2393753199,"wall_ns":1783105936293739408,"modifier":0,"keys":[0,0,0,0,0,0],"result":"ok"}
{"monotonic_ns":2401729991,"wall_ns":1783105936301715326,"modifier":0,"keys":[22,0,0,0,0,0],"result":"ok"}
{"monotonic_ns":2406695909,"wall_ns":1783105936306682118,"modifier":0,"keys":[0,0,0,0,0,0],"result":"ok"}
{"monotonic_ns":2414735993,"wall_ns":1783105936314721910,"modifier":0,"keys":[11,0,0,0,0,0],"result":"ok"}
{"monotonic_ns":2419741868,"wall_ns":1783105936319727786,"modifier":0,"keys":[0,0,0,0,0,0],"result":"ok"}
{"monotonic_ns":2428784994,"wall_ns":1783105936328770620,"modifier":0,"keys":[100,0,0,0,0,0],"result":"ok"}
{"monotonic_ns":2433720578,"wall_ns":1783105936333706787,"modifier":0,"keys":[0,0,0,0,0,0],"result":"ok"}
{"monotonic_ns":2441725370,"wall_ns":1783105936341710705,"modifier":0,"keys":[44,0,0,0,0,0],"result":"ok"}
{"monotonic_ns":2446830704,"wall_ns":1783105936346816914,"modifier":0,"keys":[0,0,0,0,0,0],"result":"ok"}
{"monotonic_ns":2454722330,"wall_ns":1783105936354708539,"modifier":0,"keys":[19,0,0,0,0,0],"result":"ok"}
{"monotonic_ns":2459702539,"wall_ns":1783105936359687873,"modifier":0,"keys":[0,0,0,0,0,0],"result":"ok"}
{"monotonic_ns":2468775123,"wall_ns":1783105936368761332,"modifier":0,"keys":[12,0,0,0,0,0],"result":"ok"}
{"monotonic_ns":2473716249,"wall_ns":1783105936373702458,"modifier":0,"keys":[0,0,0,0,0,0],"result":"ok"}
{"monotonic_ns":2481725999,"wall_ns":1783105936381712500,"modifier":0,"keys":[19,0,0,0,0,0],"result":"ok"}
{"monotonic_ns":2486856125,"wall_ns":1783105936386842334,"modifier":0,"keys":[0,0,0,0,0,0],"result":"ok"}
{"monotonic_ns":2494729959,"wall_ns":1783105936394716168,"modifier":0,"keys":[8,0,0,0,0,0],"result":"ok"}
{"monotonic_ns":2499722126,"wall_ns":1783105936399707461,"modifier":0,"keys":[0,0,0,0,0,0],"result":"ok"}
{"monotonic_ns":2508727044,"wall_ns":1783105936408712378,"modifier":2,"keys":[100,0,0,0,0,0],"result":"ok"}
{"monotonic_ns":2513709586,"wall_ns":1783105936413694920,"modifier":0,"keys":[0,0,0,0,0,0],"result":"ok"}
{"monotonic_ns":2521705337,"wall_ns":1783105936421690671,"modifier":0,"keys":[44,0,0,0,0,0],"result":"ok"}
{"monotonic_ns":2526731629,"wall_ns":1783105936426717547,"modifier":0,"keys":[0,0,0,0,0,0],"result":"ok"}
{"monotonic_ns":2534733796,"wall_ns":1783105936434720006,"modifier":0,"keys":[11,0,0,0,0,0],"result":"ok"}
{"monotonic_ns":2539771172,"wall_ns":1783105936439756506,"modifier":0,"keys":[0,0,0,0,0,0],"result":"ok"}
{"monotonic_ns":2548727090,"wall_ns":1783105936448713007,"modifier":0,"keys":[4,0,0,0,0,0],"result":"ok"}
{"monotonic_ns":2553726840,"wall_ns":1783105936453712758,"modifier":0,"keys":[0,0,0,0,0,0],"result":"ok"}
{"monotonic_ns":2561921216,"wall_ns":1783105936461907134,"modifier":0,"keys":[22,0,0,0,0,0],"result":"ok"}
{"monotonic_ns":2566719425,"wall_ns":1783105936466704759,"modifier":0,"keys":[0,0,0,0,0,0],"result":"ok"}
{"monotonic_ns":2574731217,"wall_ns":1783105936474717135,"modifier":0,"keys":[11,0,0,0,0,0],"result":"ok"}
{"monotonic_ns":2579725718,"wall_ns":1783105936479711052,"modifier":0,"keys":[0,0,0,0,0,0],"result":"ok"}
{"monotonic_ns":2588730344,"wall_ns":1783105936488716553,"modifier":0,"keys":[49,0,0,0,0,0],"result":"ok"}
{"monotonic_ns":2593756344,"wall_ns":1783105936493741678,"modifier":0,"keys":[0,0,0,0,0,0],"result":"ok"}
{"monotonic_ns":2601739845,"wall_ns":1783105936501726346,"modifier":0,"keys":[44,0,0,0,0,0],"result":"ok"}
{"monotonic_ns":2606717429,"wall_ns":1783105936506702763,"modifier":0,"keys":[0,0,0,0,0,0],"result":"ok"}
{"monotonic_ns":2614733596,"wall_ns":1783105936514718930,"modifier":0,"keys":[23,0,0,0,0,0],"result":"ok"}
{"monotonic_ns":2619852055,"wall_ns":1783105936519838264,"modifier":0,"keys":[0,0,0,0,0,0],"result":"ok"}
{"monotonic_ns":2628719598,"wall_ns":1783105936528704932,"modifier":0,"keys":[12,0,0,0,0,0],"result":"ok"}
{"monotonic_ns":2633712056,"wall_ns":1783105936533697391,"modifier":0,"keys":[0,0,0,0,0,0],"result":"ok"}
{"monotonic_ns":2641771974,"wall_ns":1783105936541757308,"modifier":0,"keys":[15,0,0,0,0,0],"result":"ok"}
{"monotonic_ns":2646729141,"wall_ns":1783105936546715350,"modifier":0,"keys":[0,0,0,0,0,0],"result":"ok"}
{"monotonic_ns":2654720225,"wall_ns":1783105936554706434,"modifier":0,"keys":[7,0,0,0,0,0],"result":"ok"}
{"monotonic_ns":2659722017,"wall_ns":1783105936559708227,"modifier":0,"keys":[0,0,0,0,0,0],"result":"ok"}
{"monotonic_ns":2668750560,"wall_ns":1783105936568735894,"modifier":0,"keys":[8,0,0,0,0,0],"result":"ok"}
{"monotonic_ns":2674333935,"wall_ns":1783105936574320145,"modifier":0,"keys":[0,0,0,0,0,0],"result":"ok"}
{"monotonic_ns":2681891895,"wall_ns":1783105936581877229,"modifier":2,"keys":[49,0,0,0,0,0],"result":"ok"}
{"monotonic_ns":2686637895,"wall_ns":1783105936586624104,"modifier":0,"keys":[0,0,0,0,0,0],"result":"ok"}
{"monotonic_ns":2694702771,"wall_ns":1783105936594688980,"modifier":0,"keys":[0,0,0,0,0,0],"result":"ok"}
