{"monotonic_ns":1215083,"wall_ns":1783105919443629674,"modifier":0,"keys":[0,0,0,0,0,0],"result":"ok"}
{"monotonic_ns":2691500,"wall_ns":1783105919445123590,"modifier":1,"keys":[4,0,0,0,0,0],"result":"ok"}
{"monotonic_ns":33567628,"wall_ns":1783105919475984260,"modifier":0,"keys":[0,0,0,0,0,0],"result":"ok"}
{"monotonic_ns":84417967,"wall_ns":1783105919526833432,"modifier":0,"keys":[76,0,0,0,0,0],"result":"ok"}
{"monotonic_ns":115392095,"wall_ns":1783105919557807852,"modifier":0,"keys":[0,0,0,0,0,0],"result":"ok"}
{"monotonic_ns":466520880,"wall_ns":1783105919908935470,"modifier":0,"keys":[0,0,0,0,0,0],"result":"ok"}
{"monotonic_ns":467024880,"wall_ns":1783105919909439470,"modifier":2,"keys":[15,0,0,0,0,0],"result":"ok"}
{"monotonic_ns":472055547,"wall_ns":1783105919914471013,"modifier":0,"keys":[0,0,0,0,0,0],"result":"ok"}
{"monotonic_ns":481052007,"wall_ns":1783105919923467472,"modifier":0,"keys":[39,0,0,0,0,0],"result":"ok"}
{"monotonic_ns":486032799,"wall_ns":1783105919928448264,"modifier":0,"keys":[0,0,0,0,0,0],"result":"ok"}
{"monotonic_ns":494040800,"wall_ns":1783105919936456265,"modifier":0,"keys":[39,0,0,0,0,0],"result":"ok"}
{"monotonic_ns":499022758,"wall_ns":1783105919941438224,"modifier":0,"keys":[0,0,0,0,0,0],"result":"ok"}
{"monotonic_ns":507081217,"wall_ns":1783105919949496391,"modifier":0,"keys":[39,0,0,0,0,0],"result":"ok"}
{"monotonic_ns":512023801,"wall_ns":1783105919954439267,"modifier":0,"keys":[0,0,0,0,0,0],"result":"ok"}
{"monotonic_ns":521151219,"wall_ns":1783105919963566684,"modifier":0,"keys":[39,0,0,0,0,0],"result":"ok"}
{"monotonic_ns":525971011,"wall_ns":1783105919968385893,"modifier":0,"keys":[0,0,0,0,0,0],"result":"ok"}
{"monotonic_ns":534057470,"wall_ns":1783105919976474102,"modifier":0,"keys":[44,0,0,0,0,0],"result":"ok"}
{"monotonic_ns":538986346,"wall_ns":1783105919981400936,"modifier":0,"keys":[0,0,0,0,0,0],"result":"ok"}
{"monotonic_ns":547013305,"wall_ns":1783105919989427895,"modifier":0,"keys":[8,0,0,0,0,0],"result":"ok"}
{"monotonic_ns":551953847,"wall_ns":1783105919994369312,"modifier":0,"keys":[0,0,0,0,0,0],"result":"ok"}
{"monotonic_ns":561084473,"wall_ns":1783105920003499063,"modifier":0,"keys":[16,0,0,0,0,0],"result":"ok"}
{"monotonic_ns":566009557,"wall_ns":1783105920008424147,"modifier":0,"keys":[0,0,0,0,0,0],"result":"ok"}
{"monotonic_ns":573982266,"wall_ns":1783105920016396856,"modifier":0,"keys":[19,0,0,0,0,0],"result":"ok"}
{"monotonic_ns":579029266,"wall_ns":1783105920021444440,"modifier":0,"keys":[0,0,0,0,0,0],"result":"ok"}
{"monotonic_ns":587043392,"wall_ns":1783105920029457983,"modifier":0,"keys":[12,0,0,0,0,0],"result":"ok"}
{"monotonic_ns":592033809,"wall_ns":1783105920034448400,"modifier":0,"keys":[0,0,0,0,0,0],"result":"ok"}
{"monotonic_ns":601124477,"wall_ns":1783105920043539651,"modifier":0,"keys":[21,0,0,0,0,0],"result":"ok"}
{"monotonic_ns":606078727,"wall_ns":1783105920048494193,"modifier":0,"keys":[0,0,0,0,0,0],"result":"ok"}
{"monotonic_ns":614044728,"wall_ns":1783105920056459319,"modifier":0,"keys":[12,0,0,0,0,0],"result":"ok"}
{"monotonic_ns":619010937,"wall_ns":1783105920061425527,"modifier":0,"keys":[0,0,0,0,0,0],"result":"ok"}
{"monotonic_ns":627086313,"wall_ns":1783105920069500612,"modifier":0,"keys":[6,0,0,0,0,0],"result":"ok"}
{"monotonic_ns":632008188,"wall_ns":1783105920074423654,"modifier":0,"keys":[0,0,0,0,0,0],"result":"ok"}
{"monotonic_ns":641072898,"wall_ns":1783105920083488363,"modifier":0,"keys":[4,0,0,0,0,0],"result":"ok"}
{"monotonic_ns":646072356,"wall_ns":1783105920088488113,"modifier":0,"keys":[0,0,0,0,0,0],"result":"ok"}
{"monotonic_ns":654026982,"wall_ns":1783105920096441864,"modifier":0,"keys":[15,0,0,0,0,0],"result":"ok"}
{"monotonic_ns":659667816,"wall_ns":1783105920102083281,"modifier":0,"keys":[0,0,0,0,0,0],"result":"ok"}
{"monotonic_ns":667080817,"wall_ns":1783105920109495407,"modifier":0,"keys":[45,0,0,0,0,0],"result":"ok"}
{"monotonic_ns":672108567,"wall_ns":1783105920114524033,"modifier":0,"keys":[0,0,0,0,0,0],"result":"ok"}
{"monotonic_ns":681051068,"wall_ns":1783105920123465659,"modifier":0,"keys":[15,0,0,0,0,0],"result":"ok"}
{"monotonic_ns":686040319,"wall_ns":1783105920128454909,"modifier":0,"keys":[0,0,0,0,0,0],"result":"ok"}
{"monotonic_ns":694090611,"wall_ns":1783105920136506077,"modifier":0,"keys":[4,0,0,0,0,0],"result":"ok"}
{"monotonic_ns":699117195,"wall_ns":1783105920141531785,"modifier":0,"keys":[0,0,0,0,0,0],"result":"ok"}
{"monotonic_ns":707055488,"wall_ns":1783105920149470078,"modifier":0,"keys":[28,0,0,0,0,0],"result":"ok"}
{"monotonic_ns":712036280,"wall_ns":1783105920154450870,"modifier":0,"keys":[0,0,0,0,0,0],"result":"ok"}
{"monotonic_ns":721042072,"wall_ns":1783105920163457538,"modifier":0,"keys":[18,0,0,0,0,0],"result":"ok"}
{"monotonic_ns":726024031,"wall_ns":1783105920168438621,"modifier":0,"keys":[0,0,0,0,0,0],"result":"ok"}
{"monotonic_ns":734079282,"wall_ns":1783105920176494747,"modifier":0,"keys":[24,0,0,0,0,0],"result":"ok"}
{"monotonic_ns":739037324,"wall_ns":1783105920181452789,"modifier":0,"keys":[0,0,0,0,0,0],"result":"ok"}
{"monotonic_ns":747032200,"wall_ns":1783105920189446790,"modifier":0,"keys":[23,0,0,0,0,0],"result":"ok"}
{"monotonic_ns":752029909,"wall_ns":1783105920194444499,"modifier":0,"keys":[0,0,0,0,0,0],"result":"ok"}
{"monotonic_ns":761042118,"wall_ns":1783105920203456708,"modifier":0,"keys":[45,0,0,0,0,0],"result":"ok"}
{"monotonic_ns":766025535,"wall_ns":1783105920208440126,"modifier":0,"keys":[0,0,0,0,0,0],"result":"ok"}
{"monotonic_ns":774066786,"wall_ns":1783105920216481376,"modifier":0,"keys":[19,0,0,0,0,0],"result":"ok"}
{"monotonic_ns":779039120,"wall_ns":1783105920221453710,"modifier":0,"keys":[0,0,0,0,0,0],"result":"ok"}
{"monotonic_ns":787041287,"wall_ns":1783105920229455878,"modifier":0,"keys":[21,0,0,0,0,0],"result":"ok"}
{"monotonic_ns":792041621,"wall_ns":1783105920234457086,"modifier":0,"keys":[0,0,0,0,0,0],"result":"ok"}
{"monotonic_ns":801042455,"wall_ns":1783105920243458212,"modifier":0,"keys":[18,0,0,0,0,0],"result":"ok"}
{"monotonic_ns":806142248,"wall_ns":1783105920248557421,"modifier":0,"keys":[0,0,0,0,0,0],"result":"ok"}
{"monotonic_ns":814085790,"wall_ns":1783105920256500380,"modifier":0,"keys":[5,0,0,0,0,0],"result":"ok"}
{"monotonic_ns":819339874,"wall_ns":1783105920261755923,"modifier":0,"keys":[0,0,0,0,0,0],"result":"ok"}
{"monotonic_ns":827090916,"wall_ns":1783105920269506382,"modifier":0,"keys":[8,0,0,0,0,0],"result":"ok"}
{"monotonic_ns":834105500,"wall_ns":1783105920276521841,"modifier":0,"keys":[0,0,0,0,0,0],"result":"ok"}
{"monotonic_ns":841139043,"wall_ns":1783105920283553925,"modifier":0,"keys":[44,0,0,0,0,0],"result":"ok"}
{"monotonic_ns":846054502,"wall_ns":1783105920288469675,"modifier":0,"keys":[0,0,0,0,0,0],"result":"ok"}
{"monotonic_ns":854139502,"wall_ns":1783105920296555843,"modifier":2,"keys":[24,0,0,0,0,0],"result":"ok"}
{"monotonic_ns":859060211,"wall_ns":1783105920301474802,"modifier":0,"keys":[0,0,0,0,0,0],"result":"ok"}
{"monotonic_ns":867048670,"wall_ns":1783105920309463261,"modifier":2,"keys":[14,0,0,0,0,0],"result":"ok"}
{"monotonic_ns":872147879,"wall_ns":1783105920314562469,"modifier":0,"keys":[0,0,0,0,0,0],"result":"ok"}
{"monotonic_ns":881042838,"wall_ns":1783105920323457720,"modifier":0,"keys":[44,0,0,0,0,0],"result":"ok"}
{"monotonic_ns":886020131,"wall_ns":1783105920328434721,"modifier":0,"keys":[0,0,0,0,0,0],"result":"ok"}
{"monotonic_ns":894144215,"wall_ns":1783105920336558805,"modifier":0,"keys":[22,0,0,0,0,0],"result":"ok"}
{"monotonic_ns":899045674,"wall_ns":1783105920341461139,"modifier":0,"keys":[0,0,0,0,0,0],"result":"ok"}
{"monotonic_ns":907050174,"wall_ns":1783105920349465640,"modifier":0,"keys":[28,0,0,0,0,0],"result":"ok"}
{"monotonic_ns":912102717,"wall_ns":1783105920354518182,"modifier":0,"keys":[0,0,0,0,0,0],"result":"ok"}
{"monotonic_ns":921039676,"wall_ns":1783105920363455141,"modifier":0,"keys":[16,0,0,0,0,0],"result":"ok"}
{"monotonic_ns":926036218,"wall_ns":1783105920368451683,"modifier":0,"keys":[0,0,0,0,0,0],"result":"ok"}
{"monotonic_ns":934052969,"wall_ns":1783105920376468434,"modifier":0,"keys":[5,0,0,0,0,0],"result":"ok"}
{"monotonic_ns":939037261,"wall_ns":1783105920381451851,"modifier":0,"keys":[0,0,0,0,0,0],"result":"ok"}
{"monotonic_ns":947098345,"wall_ns":1783105920389513810,"modifier":0,"keys":[18,0,0,0,0,0],"result":"ok"}
{"monotonic_ns":952049096,"wall_ns":1783105920394463686,"modifier":0,"keys":[0,0,0,0,0,0],"result":"ok"}
{"monotonic_ns":961053430,"wall_ns":1783105920403468020,"modifier":0,"keys":[15,0,0,0,0,0],"result":"ok"}
{"monotonic_ns":966067180,"wall_ns":1783105920408481771,"modifier":0,"keys":[0,0,0,0,0,0],"result":"ok"}
{"monotonic_ns":974062348,"wall_ns":1783105920416477521,"modifier":0,"keys":[22,0,0,0,0,0],"result":"ok"}
{"monotonic_ns":979037307,"wall_ns":1783105920421452480,"modifier":0,"keys":[0,0,0,0,0,0],"result":"ok"}
{"monotonic_ns":987093141,"wall_ns":1783105920429508023,"modifier":0,"keys":[44,0,0,0,0,0],"result":"ok"}
{"monotonic_ns":992062850,"wall_ns":1783105920434477440,"modifier":0,"keys":[0,0,0,0,0,0],"result":"ok"}
{"monotonic_ns":1001043850,"wall_ns":1783105920443459607,"modifier":2,"keys":[31,0,0,0,0,0],"result":"ok"}
{"monotonic_ns":1006041851,"wall_ns":1783105920448456441,"modifier":0,"keys":[0,0,0,0,0,0],"result":"ok"}
{"monotonic_ns":1014066477,"wall_ns":1783105920456481650,"modifier":0,"keys":[44,0,0,0,0,0],"result":"ok"}
{"monotonic_ns":1019042894,"wall_ns":1783105920461457484,"modifier":0,"keys":[0,0,0,0,0,0],"result":"ok"}
{"monotonic_ns":1027048270,"wall_ns":1783105920469462860,"modifier":2,"keys":[52,0,0,0,0,0],"result":"ok"}
{"monotonic_ns":1032025854,"wall_ns":1783105920474441319,"modifier":0,"keys":[0,0,0,0,0,0],"result":"ok"}
{"monotonic_ns":1041052646,"wall_ns":1783105920483468111,"modifier":0,"keys":[44,0,0,0,0,0],"result":"ok"}
{"monotonic_ns":1046036355,"wall_ns":1783105920488450945,"modifier":0,"keys":[0,0,0,0,0,0],"result":"ok"}
{"monotonic_ns":1054039689,"wall_ns":1783105920496454279,"modifier":2,"keys":[32,0,0,0,0,0],"result":"ok"}
{"monotonic_ns":1059024856,"wall_ns":1783105920501439447,"modifier":0,"keys":[0,0,0,0,0,0],"result":"ok"}
{"monotonic_ns":1067084190,"wall_ns":1783105920509498781,"modifier":0,"keys":[44,0,0,0,0,0],"result":"ok"}
{"monotonic_ns":1072047774,"wall_ns":1783105920514463240,"modifier":0,"keys":[0,0,0,0,0,0],"result":"ok"}
{"monotonic_ns":1081066983,"wall_ns":1783105920523481574,"modifier":2,"keys":[53,0,0,0,0,0],"result":"ok"}
{"monotonic_ns":1086048359,"wall_ns":1783105920528462949,"modifier":0,"keys":[0,0,0,0,0,0],"result":"ok"}
{"monotonic_ns":1094040610,"wall_ns":1783105920536455200,"modifier":0,"keys":[44,0,0,0,0,0],"result":"ok"}
{"monotonic_ns":1099081194,"wall_ns":1783105920541496367,"modifier":0,"keys":[0,0,0,0,0,0],"result":"ok"}
{"monotonic_ns":1107056528,"wall_ns":1783105920549471118,"modifier":0,"keys":[49,0,0,0,0,0],"result":"ok"}
{"monotonic_ns":1112065903,"wall_ns":1783105920554480494,"modifier":0,"keys":[0,0,0,0,0,0],"result":"ok"}
{"monotonic_ns":1121039029,"wall_ns":1783105920563453620,"modifier":0,"keys":[44,0,0,0,0,0],"result":"ok"}
{"monotonic_ns":1126038196,"wall_ns":1783105920568452787,"modifier":0,"keys":[0,0,0,0,0,0],"result":"ok"}
{"monotonic_ns":1134043572,"wall_ns":1783105920576458162,"modifier":2,"keys":[49,0,0,0,0,0],"result":"ok"}
{"monotonic_ns":1139156489,"wall_ns":1783105920581571080,"modifier":0,"keys":[0,0,0,0,0,0],"result":"ok"}
{"monotonic_ns":1147033532,"wall_ns":1783105920589448122,"modifier":0,"keys":[44,0,0,0,0,0],"result":"ok"}
{"monotonic_ns":1152042907,"wall_ns":1783105920594457498,"modifier":0,"keys":[0,0,0,0,0,0],"result":"ok"}
{"monotonic_ns":1161072033,"wall_ns":1783105920603487499,"modifier":0,"keys":[44,0,0,0,0,0],"result":"ok"}
{"monotonic_ns":1166019575,"wall_ns":1783105920608434166,"modifier":0,"keys":[0,0,0,0,0,0],"result":"ok"}
{"monotonic_ns":1174040993,"wall_ns":1783105920616455583,"modifier":2,"keys":[54,0,0,0,0,0],"result":"ok"}
{"monotonic_ns":1179026452,"wall_ns":1783105920621441042,"modifier":0,"keys":[0,0,0,0,0,0],"result":"ok"}
{"monotonic_ns":1187042911,"wall_ns":1783105920629457793,"modifier":2,"keys":[55,0,0,0,0,0],"result":"ok"}
{"monotonic_ns":1192040911,"wall_ns":1783105920634456377,"modifier":0,"keys":[0,0,0,0,0,0],"result":"ok"}
{"monotonic_ns":1200139329,"wall_ns":1783105920642554502,"modifier":0,"keys":[44,0,0,0,0,0],"result":"ok"}
{"monotonic_ns":1205055079,"wall_ns":1783105920647469670,"modifier":0,"keys":[0,0,0,0,0,0],"result":"ok"}
{"monotonic_ns":1214051247,"wall_ns":1783105920656465837,"modifier":0,"keys":[8,0,0,0,0,0],"result":"ok"}
{"monotonic_ns":1219164164,"wall_ns":1783105920661579338,"modifier":0,"keys":[0,0,0,0,0,0],"result":"ok"}
{"monotonic_ns":1227063956,"wall_ns":1783105920669478547,"modifier":0,"keys":[17,0,0,0,0,0],"result":"ok"}
{"monotonic_ns":1232042415,"wall_ns":1783105920674457006,"modifier":0,"keys":[0,0,0,0,0,0],"result":"ok"}
{"monotonic_ns":1241050833,"wall_ns":1783105920683466298,"modifier":0,"keys":[7,0,0,0,0,0],"result":"ok"}
{"monotonic_ns":1246036292,"wall_ns":1783105920688450882,"modifier":0,"keys":[0,0,0,0,0,0],"result":"ok"}
{"monotonic_ns":1254044293,"wall_ns":1783105920696459466,"modifier":0,"keys":[40,0,0,0,0,0],"result":"ok"}
{"monotonic_ns":1259088960,"wall_ns":1783105920701504425,"modifier":0,"keys":[0,0,0,0,0,0],"result":"ok"}
{"monotonic_ns":1267058461,"wall_ns":1783105920709473051,"modifier":2,"keys":[15,0,0,0,0,0],"result":"ok"}
{"monotonic_ns":1272044211,"wall_ns":1783105920714459676,"modifier":0,"keys":[0,0,0,0,0,0],"result":"ok"}
{"monotonic_ns":1281129337,"wall_ns":1783105920723544802,"modifier":0,"keys":[39,0,0,0,0,0],"result":"ok"}
{"monotonic_ns":1286052379,"wall_ns":1783105920728467844,"modifier":0,"keys":[0,0,0,0,0,0],"result":"ok"}
{"monotonic_ns":1294091880,"wall_ns":1783105920736507054,"modifier":0,"keys":[39,0,0,0,0,0],"result":"ok"}
{"monotonic_ns":1299043797,"wall_ns":1783105920741458387,"modifier":0,"keys":[0,0,0,0,0,0],"result":"ok"}
{"monotonic_ns":1307059673,"wall_ns":1783105920749475138,"modifier":0,"keys":[39,0,0,0,0,0],"result":"ok"}
{"monotonic_ns":1312029090,"wall_ns":1783105920754444555,"modifier":0,"keys":[0,0,0,0,0,0],"result":"ok"}
{"monotonic_ns":1321045674,"wall_ns":1783105920763460265,"modifier":0,"keys":[30,0,0,0,0,0],"result":"ok"}
{"monotonic_ns":1326034633,"wall_ns":1783105920768449223,"modifier":0,"keys":[0,0,0,0,0,0],"result":"ok"}
{"monotonic_ns":1334050509,"wall_ns":1783105920776465099,"modifier":0,"keys":[44,0,0,0,0,0],"result":"ok"}
{"monotonic_ns":1339042676,"wall_ns":1783105920781457266,"modifier":0,"keys":[0,0,0,0,0,0],"result":"ok"}
{"monotonic_ns":1347071094,"wall_ns":1783105920789486267,"modifier":0,"keys":[21,0,0,0,0,0],"result":"ok"}
{"monotonic_ns":1352130344,"wall_ns":1783105920794545809,"modifier":0,"keys":[0,0,0,0,0,0],"result":"ok"}
{"monotonic_ns":1361053012,"wall_ns":1783105920803468477,"modifier":0,"keys":[8,0,0,0,0,0],"result":"ok"}
{"monotonic_ns":1366021262,"wall_ns":1783105920808436436,"modifier":0,"keys":[0,0,0,0,0,0],"result":"ok"}
{"monotonic_ns":1374173346,"wall_ns":1783105920816587937,"modifier":0,"keys":[19,0,0,0,0,0],"result":"ok"}
{"monotonic_ns":1379037180,"wall_ns":1783105920821452645,"modifier":0,"keys":[0,0,0,0,0,0],"result":"ok"}
{"monotonic_ns":1387053348,"wall_ns":1783105920829468230,"modifier":0,"keys":[8,0,0,0,0,0],"result":"ok"}
{"monotonic_ns":1392079056,"wall_ns":1783105920834493647,"modifier":0,"keys":[0,0,0,0,0,0],"result":"ok"}
{"monotonic_ns":1401048391,"wall_ns":1783105920843463564,"modifier":0,"keys":[4,0,0,0,0,0],"result":"ok"}
{"monotonic_ns":1406044641,"wall_ns":1783105920848459231,"modifier":0,"keys":[0,0,0,0,0,0],"result":"ok"}
{"monotonic_ns":1414088517,"wall_ns":1783105920856504274,"modifier":0,"keys":[23,0,0,0,0,0],"result":"ok"}
{"monotonic_ns":1419029642,"wall_ns":1783105920861445108,"modifier":0,"keys":[0,0,0,0,0,0],"result":"ok"}
{"monotonic_ns":1427051352,"wall_ns":1783105920869466525,"modifier":0,"keys":[22,0,0,0,0,0],"result":"ok"}
{"monotonic_ns":1432037394,"wall_ns":1783105920874451984,"modifier":0,"keys":[0,0,0,0,0,0],"result":"ok"}
{"monotonic_ns":1441059520,"wall_ns":1783105920883474985,"modifier":0,"keys":[44,0,0,0,0,0],"result":"ok"}
{"monotonic_ns":1446043812,"wall_ns":1783105920888458402,"modifier":0,"keys":[0,0,0,0,0,0],"result":"ok"}
{"monotonic_ns":1454054729,"wall_ns":1783105920896469320,"modifier":2,"keys":[31,0,0,0,0,0],"result":"ok"}
{"monotonic_ns":1459059438,"wall_ns":1783105920901474320,"modifier":0,"keys":[0,0,0,0,0,0],"result":"ok"}
{"monotonic_ns":1467050814,"wall_ns":1783105920909465404,"modifier":2,"keys":[31,0,0,0,0,0],"result":"ok"}
{"monotonic_ns":1472025481,"wall_ns":1783105920914440655,"modifier":0,"keys":[0,0,0,0,0,0],"result":"ok"}
{"monotonic_ns":1481048482,"wall_ns":1783105920923463947,"modifier":2,"keys":[31,0,0,0,0,0],"result":"ok"}
{"monotonic_ns":1486044733,"wall_ns":1783105920928459323,"modifier":0,"keys":[0,0,0,0,0,0],"result":"ok"}
{"monotonic_ns":1494081608,"wall_ns":1783105920936496199,"modifier":0,"keys":[44,0,0,0,0,0],"result":"ok"}
{"monotonic_ns":1499049275,"wall_ns":1783105920941464741,"modifier":0,"keys":[0,0,0,0,0,0],"result":"ok"}
{"monotonic_ns":1507059318,"wall_ns":1783105920949473908,"modifier":2,"keys":[52,0,0,0,0,0],"result":"ok"}
{"monotonic_ns":1512047402,"wall_ns":1783105920954461992,"modifier":0,"keys":[0,0,0,0,0,0],"result":"ok"}
{"monotonic_ns":1521059028,"wall_ns":1783105920963474493,"modifier":2,"keys":[52,0,0,0,0,0],"result":"ok"}
{"monotonic_ns":1526174278,"wall_ns":1783105920968589744,"modifier":0,"keys":[0,0,0,0,0,0],"result":"ok"}
{"monotonic_ns":1534061821,"wall_ns":1783105920976476411,"modifier":2,"keys":[52,0,0,0,0,0],"result":"ok"}
{"monotonic_ns":1539032113,"wall_ns":1783105920981447870,"modifier":0,"keys":[0,0,0,0,0,0],"result":"ok"}
{"monotonic_ns":1547036905,"wall_ns":1783105920989451787,"modifier":0,"keys":[44,0,0,0,0,0],"result":"ok"}
{"monotonic_ns":1552045114,"wall_ns":1783105920994459704,"modifier":0,"keys":[0,0,0,0,0,0],"result":"ok"}
{"monotonic_ns":1561064907,"wall_ns":1783105921003479789,"modifier":2,"keys":[32,0,0,0,0,0],"result":"ok"}
{"monotonic_ns":1566175491,"wall_ns":1783105921008590081,"modifier":0,"keys":[0,0,0,0,0,0],"result":"ok"}
{"monotonic_ns":1574052533,"wall_ns":1783105921016467123,"modifier":2,"keys":[32,0,0,0,0,0],"result":"ok"}
{"monotonic_ns":1579042950,"wall_ns":1783105921021458416,"modifier":0,"keys":[0,0,0,0,0,0],"result":"ok"}
{"monotonic_ns":1587087993,"wall_ns":1783105921029502583,"modifier":2,"keys":[32,0,0,0,0,0],"result":"ok"}
{"monotonic_ns":1592037868,"wall_ns":1783105921034452458,"modifier":0,"keys":[0,0,0,0,0,0],"result":"ok"}
{"monotonic_ns":1601135827,"wall_ns":1783105921043551293,"modifier":0,"keys":[44,0,0,0,0,0],"result":"ok"}
{"monotonic_ns":1606058870,"wall_ns":1783105921048473460,"modifier":0,"keys":[0,0,0,0,0,0],"result":"ok"}
{"monotonic_ns":1614066579,"wall_ns":1783105921056481169,"modifier":2,"keys":[53,0,0,0,0,0],"result":"ok"}
{"monotonic_ns":1619033954,"wall_ns":1783105921061448545,"modifier":0,"keys":[0,0,0,0,0,0],"result":"ok"}
{"monotonic_ns":1627181663,"wall_ns":1783105921069596254,"modifier":2,"keys":[53,0,0,0,0,0],"result":"ok"}
{"monotonic_ns":1632070872,"wall_ns":1783105921074485463,"modifier":0,"keys":[0,0,0,0,0,0],"result":"ok"}
{"monotonic_ns":1641116623,"wall_ns":1783105921083531505,"modifier":2,"keys":[53,0,0,0,0,0],"result":"ok"}
{"monotonic_ns":1646036749,"wall_ns":1783105921088487214,"modifier":0,"keys":[0,0,0,0,0,0],"result":"ok"}
{"monotonic_ns":1654049999,"wall_ns":1783105921096465465,"modifier":0,"keys":[44,0,0,0,0,0],"result":"ok"}
{"monotonic_ns":1659060250,"wall_ns":1783105921101474840,"modifier":0,"keys":[0,0,0,0,0,0],"result":"ok"}
{"monotonic_ns":1667053084,"wall_ns":1783105921109467674,"modifier":0,"keys":[49,0,0,0,0,0],"result":"ok"}
{"monotonic_ns":1671950751,"wall_ns":1783105921114365342,"modifier":0,"keys":[0,0,0,0,0,0],"result":"ok"}
{"monotonic_ns":1681074669,"wall_ns":1783105921123489842,"modifier":0,"keys":[49,0,0,0,0,0],"result":"ok"}
{"monotonic_ns":1686047586,"wall_ns":1783105921128462176,"modifier":0,"keys":[0,0,0,0,0,0],"result":"ok"}
{"monotonic_ns":1694064920,"wall_ns":1783105921136480677,"modifier":0,"keys":[44,0,0,0,0,0],"result":"ok"}
{"monotonic_ns":1699109004,"wall_ns":1783105921141524469,"modifier":0,"keys":[0,0,0,0,0,0],"result":"ok"}
{"monotonic_ns":1707076171,"wall_ns":1783105921149491637,"modifier":2,"keys":[49,0,0,0,0,0],"result":"ok"}
{"monotonic_ns":1712056380,"wall_ns":1783105921154470971,"modifier":0,"keys":[0,0,0,0,0,0],"result":"ok"}
{"monotonic_ns":1721070339,"wall_ns":1783105921163484930,"modifier":2,"keys":[49,0,0,0,0,0],"result":"ok"}
{"monotonic_ns":1726042965,"wall_ns":1783105921168458430,"modifier":0,"keys":[0,0,0,0,0,0],"result":"ok"}
{"monotonic_ns":1734054174,"wall_ns":1783105921176468764,"modifier":2,"keys":[49,0,0,0,0,0],"result":"ok"}
{"monotonic_ns":1739088050,"wall_ns":1783105921181503515,"modifier":0,"keys":[0,0,0,0,0,0],"result":"ok"}
{"monotonic_ns":1747042384,"wall_ns":1783105921189456974,"modifier":0,"keys":[44,0,0,0,0,0],"result":"ok"}
{"monotonic_ns":1752051759,"wall_ns":1783105921194466350,"modifier":0,"keys":[0,0,0,0,0,0],"result":"ok"}
{"monotonic_ns":1761068343,"wall_ns":1783105921203483809,"modifier":0,"keys":[44,0,0,0,0,0],"result":"ok"}
{"monotonic_ns":1766061386,"wall_ns":1783105921208475976,"modifier":0,"keys":[0,0,0,0,0,0],"result":"ok"}
{"monotonic_ns":1774087761,"wall_ns":1783105921216503227,"modifier":2,"keys":[54,0,0,0,0,0],"result":"ok"}
{"monotonic_ns":1779041137,"wall_ns":1783105921221456311,"modifier":0,"keys":[0,0,0,0,0,0],"result":"ok"}
{"monotonic_ns":1787068096,"wall_ns":1783105921229483561,"modifier":2,"keys":[55,0,0,0,0,0],"result":"ok"}
{"monotonic_ns":1792034888,"wall_ns":1783105921234449479,"modifier":0,"keys":[0,0,0,0,0,0],"result":"ok"}
{"monotonic_ns":1801064889,"wall_ns":1783105921243479480,"modifier":2,"keys":[54,0,0,0,0,0],"result":"ok"}
{"monotonic_ns":1806051806,"wall_ns":1783105921248467272,"modifier":0,"keys":[0,0,0,0,0,0],"result":"ok"}
{"monotonic_ns":1814077307,"wall_ns":1783105921256491897,"modifier":2,"keys":[55,0,0,0,0,0],"result":"ok"}
{"monotonic_ns":1819072099,"wall_ns":1783105921261486690,"modifier":0,"keys":[0,0,0,0,0,0],"result":"ok"}
{"monotonic_ns":1827044517,"wall_ns":1783105921269459982,"modifier":2,"keys":[54,0,0,0,0,0],"result":"ok"}
{"monotonic_ns":1832165892,"wall_ns":1783105921274581358,"modifier":0,"keys":[0,0,0,0,0,0],"result":"ok"}
{"monotonic_ns":1841052685,"wall_ns":1783105921283467275,"modifier":2,"keys":[55,0,0,0,0,0],"result":"ok"}
{"monotonic_ns":1846030560,"wall_ns":1783105921288445151,"modifier":0,"keys":[0,0,0,0,0,0],"result":"ok"}
{"monotonic_ns":1854180020,"wall_ns":1783105921296594610,"modifier":0,"keys":[40,0,0,0,0,0],"result":"ok"}
{"monotonic_ns":1859058728,"wall_ns":1783105921301473319,"modifier":0,"keys":[0,0,0,0,0,0],"result":"ok"}
{"monotonic_ns":1867071687,"wall_ns":1783105921309486278,"modifier":2,"keys":[15,0,0,0,0,0],"result":"ok"}
{"monotonic_ns":1872125396,"wall_ns":1783105921314540570,"modifier":0,"keys":[0,0,0,0,0,0],"result":"ok"}
{"monotonic_ns":1881063231,"wall_ns":1783105921323477821,"modifier":0,"keys":[39,0,0,0,0,0],"result":"ok"}
{"monotonic_ns":1886052773,"wall_ns":1783105921328467363,"modifier":0,"keys":[0,0,0,0,0,0],"result":"ok"}
{"monotonic_ns":1894068357,"wall_ns":1783105921336482947,"modifier":0,"keys":[39,0,0,0,0,0],"result":"ok"}
{"monotonic_ns":1899035441,"wall_ns":1783105921341450031,"modifier":0,"keys":[0,0,0,0,0,0],"result":"ok"}
{"monotonic_ns":1907052483,"wall_ns":1783105921349467657,"modifier":0,"keys":[39,0,0,0,0,0],"result":"ok"}
{"monotonic_ns":1912053400,"wall_ns":1783105921354467991,"modifier":0,"keys":[0,0,0,0,0,0],"result":"ok"}
{"monotonic_ns":1921069110,"wall_ns":1783105921363483700,"modifier":0,"keys":[31,0,0,0,0,0],"result":"ok"}
{"monotonic_ns":1926076152,"wall_ns":1783105921368490742,"modifier":0,"keys":[0,0,0,0,0,0],"result":"ok"}
{"monotonic_ns":1934076861,"wall_ns":1783105921376492326,"modifier":0,"keys":[44,0,0,0,0,0],"result":"ok"}
{"monotonic_ns":1939060278,"wall_ns":1783105921381475743,"modifier":0,"keys":[0,0,0,0,0,0],"result":"ok"}
{"monotonic_ns":1947124279,"wall_ns":1783105921389539453,"modifier":0,"keys":[22,0,0,0,0,0],"result":"ok"}
{"monotonic_ns":1952078529,"wall_ns":1783105921394493120,"modifier":0,"keys":[0,0,0,0,0,0],"result":"ok"}
{"monotonic_ns":1961052530,"wall_ns":1783105921403467412,"modifier":0,"keys":[11,0,0,0,0,0],"result":"ok"}
{"monotonic_ns":1966034489,"wall_ns":1783105921408449663,"modifier":0,"keys":[0,0,0,0,0,0],"result":"ok"}
{"monotonic_ns":1974085657,"wall_ns":1783105921416500247,"modifier":0,"keys":[12,0,0,0,0,0],"result":"ok"}
{"monotonic_ns":1979053324,"wall_ns":1783105921421467914,"modifier":0,"keys":[0,0,0,0,0,0],"result":"ok"}
{"monotonic_ns":1987068033,"wall_ns":1783105921429482915,"modifier":0,"keys":[9,0,0,0,0,0],"result":"ok"}
{"monotonic_ns":1992058158,"wall_ns":1783105921434473915,"modifier":0,"keys":[0,0,0,0,0,0],"result":"ok"}
{"monotonic_ns":2001084659,"wall_ns":1783105921443500416,"modifier":0,"keys":[23,0,0,0,0,0],"result":"ok"}
{"monotonic_ns":2006022576,"wall_ns":1783105921448437167,"modifier":0,"keys":[0,0,0,0,0,0],"result":"ok"}
{"monotonic_ns":2014053036,"wall_ns":1783105921456468501,"modifier":0,"keys":[8,0,0,0,0,0],"result":"ok"}
{"monotonic_ns":2019044619,"wall_ns":1783105921461460085,"modifier":0,"keys":[0,0,0,0,0,0],"result":"ok"}
{"monotonic_ns":2027096954,"wall_ns":1783105921469511544,"modifier":0,"keys":[7,0,0,0,0,0],"result":"ok"}
{"monotonic_ns":2032046246,"wall_ns":1783105921474461419,"modifier":0,"keys":[0,0,0,0,0,0],"result":"ok"}
{"monotonic_ns":2041081788,"wall_ns":1783105921483496962,"modifier":0,"keys":[45,0,0,0,0,0],"result":"ok"}
{"monotonic_ns":2046064039,"wall_ns":1783105921488478629,"modifier":0,"keys":[0,0,0,0,0,0],"result":"ok"}
{"monotonic_ns":2054055123,"wall_ns":1783105921496469713,"modifier":0,"keys":[19,0,0,0,0,0],"result":"ok"}
{"monotonic_ns":2059054290,"wall_ns":1783105921501469755,"modifier":0,"keys":[0,0,0,0,0,0],"result":"ok"}
{"monotonic_ns":2067055583,"wall_ns":1783105921509470465,"modifier":0,"keys":[4,0,0,0,0,0],"result":"ok"}
{"monotonic_ns":2072077500,"wall_ns":1783105921514492090,"modifier":0,"keys":[0,0,0,0,0,0],"result":"ok"}
{"monotonic_ns":2081052667,"wall_ns":1783105921523468133,"modifier":0,"keys":[12,0,0,0,0,0],"result":"ok"}
{"monotonic_ns":2086068751,"wall_ns":1783105921528483341,"modifier":0,"keys":[0,0,0,0,0,0],"result":"ok"}
{"monotonic_ns":2094065669,"wall_ns":1783105921536480259,"modifier":0,"keys":[21,0,0,0,0,0],"result":"ok"}
{"monotonic_ns":2099545794,"wall_ns":1783105921541961259,"modifier":0,"keys":[0,0,0,0,0,0],"result":"ok"}
{"monotonic_ns":2107107837,"wall_ns":1783105921549522427,"modifier":0,"keys":[22,0,0,0,0,0],"result":"ok"}
{"monotonic_ns":2112046629,"wall_ns":1783105921554462094,"modifier":0,"keys":[0,0,0,0,0,0],"result":"ok"}
{"monotonic_ns":2121071380,"wall_ns":1783105921563486553,"modifier":0,"keys":[44,0,0,0,0,0],"result":"ok"}
{"monotonic_ns":2126069672,"wall_ns":1783105921568485137,"modifier":0,"keys":[0,0,0,0,0,0],"result":"ok"}
{"monotonic_ns":2134161381,"wall_ns":1783105921576577138,"modifier":0,"keys":[31,0,0,0,0,0],"result":"ok"}
{"monotonic_ns":2139062548,"wall_ns":1783105921581477430,"modifier":0,"keys":[0,0,0,0,0,0],"result":"ok"}
{"monotonic_ns":2147034091,"wall_ns":1783105921589448681,"modifier":2,"keys":[52,0,0,0,0,0],"result":"ok"}
{"monotonic_ns":2152064466,"wall_ns":1783105921594479056,"modifier":0,"keys":[0,0,0,0,0,0],"result":"ok"}
{"monotonic_ns":2161060634,"wall_ns":1783105921603476099,"modifier":0,"keys":[44,0,0,0,0,0],"result":"ok"}
{"monotonic_ns":2166057468,"wall_ns":1783105921608472058,"modifier":0,"keys":[0,0,0,0,0,0],"result":"ok"}
{"monotonic_ns":2174064593,"wall_ns":1783105921616479184,"modifier":0,"keys":[32,0,0,0,0,0],"result":"ok"}
{"monotonic_ns":2179039552,"wall_ns":1783105921621454726,"modifier":0,"keys":[0,0,0,0,0,0],"result":"ok"}
{"monotonic_ns":2187114636,"wall_ns":1783105921629530102,"modifier":0,"keys":[44,0,0,0,0,0],"result":"ok"}
{"monotonic_ns":2192059262,"wall_ns":1783105921634475019,"modifier":0,"keys":[0,0,0,0,0,0],"result":"ok"}
{"monotonic_ns":2201068263,"wall_ns":1783105921643482853,"modifier":0,"keys":[20,0,0,0,0,0],"result":"ok"}
{"monotonic_ns":2206043513,"wall_ns":1783105921648458104,"modifier":0,"keys":[0,0,0,0,0,0],"result":"ok"}
{"monotonic_ns":2214060847,"wall_ns":1783105921656476896,"modifier":0,"keys":[24,0,0,0,0,0],"result":"ok"}
{"monotonic_ns":2219060015,"wall_ns":1783105921661474605,"modifier":0,"keys":[0,0,0,0,0,0],"result":"ok"}
{"monotonic_ns":2227106515,"wall_ns":1783105921669521106,"modifier":0,"keys":[18,0,0,0,0,0],"result":"ok"}
{"monotonic_ns":2231959557,"wall_ns":1783105921674375023,"modifier":0,"keys":[0,0,0,0,0,0],"result":"ok"}
{"monotonic_ns":2241061892,"wall_ns":1783105921683476482,"modifier":0,"keys":[23,0,0,0,0,0],"result":"ok"}
{"monotonic_ns":2246051726,"wall_ns":1783105921688467191,"modifier":0,"keys":[0,0,0,0,0,0],"result":"ok"}
{"monotonic_ns":2254065268,"wall_ns":1783105921696480442,"modifier":0,"keys":[8,0,0,0,0,0],"result":"ok"}
{"monotonic_ns":2259090685,"wall_ns":1783105921701505276,"modifier":0,"keys":[0,0,0,0,0,0],"result":"ok"}
{"monotonic_ns":2267078269,"wall_ns":1783105921709493735,"modifier":2,"keys":[31,0,0,0,0,0],"result":"ok"}
{"monotonic_ns":2272066353,"wall_ns":1783105921714482110,"modifier":0,"keys":[0,0,0,0,0,0],"result":"ok"}
{"monotonic_ns":2281026062,"wall_ns":1783105921723441236,"modifier":0,"keys":[44,0,0,0,0,0],"result":"ok"}
{"monotonic_ns":2286059355,"wall_ns":1783105921728473945,"modifier":0,"keys":[0,0,0,0,0,0],"result":"ok"}
{"monotonic_ns":2294078147,"wall_ns":1783105921736493321,"modifier":0,"keys":[22,0,0,0,0,0],"result":"ok"}
{"monotonic_ns":2299049023,"wall_ns":1783105921741464488,"modifier":0,"keys":[0,0,0,0,0,0],"result":"ok"}
{"monotonic_ns":2307071607,"wall_ns":1783105921749487072,"modifier":0,"keys":[15,0,0,0,0,0],"result":"ok"}
{"monotonic_ns":2312054441,"wall_ns":1783105921754470198,"modifier":0,"keys":[0,0,0,0,0,0],"result":"ok"}
{"monotonic_ns":2321101650,"wall_ns":1783105921763517407,"modifier":0,"keys":[4,0,0,0,0,0],"result":"ok"}
{"monotonic_ns":2326062317,"wall_ns":1783105921768476907,"modifier":0,"keys":[0,0,0,0,0,0],"result":"ok"}
{"monotonic_ns":2334070609,"wall_ns":1783105921776486075,"modifier":0,"keys":[22,0,0,0,0,0],"result":"ok"}
{"monotonic_ns":2339178860,"wall_ns":1783105921781594325,"modifier":0,"keys":[0,0,0,0,0,0],"result":"ok"}
{"monotonic_ns":2347030236,"wall_ns":1783105921789445701,"modifier":0,"keys":[11,0,0,0,0,0],"result":"ok"}
{"monotonic_ns":2352038153,"wall_ns":1783105921794452743,"modifier":0,"keys":[0,0,0,0,0,0],"result":"ok"}
{"monotonic_ns":2361053279,"wall_ns":1783105921803467869,"modifier":0,"keys":[49,0,0,0,0,0],"result":"ok"}
{"monotonic_ns":2366051863,"wall_ns":1783105921808466745,"modifier":0,"keys":[0,0,0,0,0,0],"result":"ok"}
{"monotonic_ns":2374077072,"wall_ns":1783105921816492537,"modifier":0,"keys":[44,0,0,0,0,0],"result":"ok"}
{"monotonic_ns":2379207489,"wall_ns":1783105921821622079,"modifier":0,"keys":[0,0,0,0,0,0],"result":"ok"}
{"monotonic_ns":2387067323,"wall_ns":1783105921829482788,"modifier":0,"keys":[19,0,0,0,0,0],"result":"ok"}
{"monotonic_ns":2392051615,"wall_ns":1783105921834467081,"modifier":0,"keys":[0,0,0,0,0,0],"result":"ok"}
{"monotonic_ns":2401192158,"wall_ns":1783105921843608206,"modifier":0,"keys":[12,0,0,0,0,0],"result":"ok"}
{"monotonic_ns":2406055992,"wall_ns":1783105921848470582,"modifier":0,"keys":[0,0,0,0,0,0],"result":"ok"}
{"monotonic_ns":2414073034,"wall_ns":1783105921856489083,"modifier":0,"keys":[19,0,0,0,0,0],"result":"ok"}
{"monotonic_ns":2419062576,"wall_ns":1783105921861478042,"modifier":0,"keys":[0,0,0,0,0,0],"result":"ok"}
{"monotonic_ns":2427072035,"wall_ns":1783105921869486626,"modifier":0,"keys":[8,0,0,0,0,0],"result":"ok"}
{"monotonic_ns":2432043203,"wall_ns":1783105921874458668,"modifier":0,"keys":[0,0,0,0,0,0],"result":"ok"}
{"monotonic_ns":2440113037,"wall_ns":1783105921882528502,"modifier":2,"keys":[49,0,0,0,0,0],"result":"ok"}
{"monotonic_ns":2445066121,"wall_ns":1783105921887481294,"modifier":0,"keys":[0,0,0,0,0,0],"result":"ok"}
{"monotonic_ns":2454084163,"wall_ns":1783105921896498753,"modifier":0,"keys":[44,0,0,0,0,0],"result":"ok"}
{"monotonic_ns":2459068747,"wall_ns":1783105921901484504,"modifier":0,"keys":[0,0,0,0,0,0],"result":"ok"}
{"monotonic_ns":2467071498,"wall_ns":1783105921909486088,"modifier":0,"keys":[11,0,0,0,0,0],"result":"ok"}
{"monotonic_ns":2472059873,"wall_ns":1783105921914474464,"modifier":0,"keys":[0,0,0,0,0,0],"result":"ok"}
{"monotonic_ns":2481082291,"wall_ns":1783105921923497465,"modifier":0,"keys":[4,0,0,0,0,0],"result":"ok"}
{"monotonic_ns":2486076500,"wall_ns":1783105921928491090,"modifier":0,"keys":[0,0,0,0,0,0],"result":"ok"}
{"monotonic_ns":2494081875,"wall_ns":1783105921936497341,"modifier":0,"keys":[22,0,0,0,0,0],"result":"ok"}
{"monotonic_ns":2499052168,"wall_ns":1783105921941467633,"modifier":0,"keys":[0,0,0,0,0,0],"result":"ok"}
{"monotonic_ns":2507087293,"wall_ns":1783105921949501884,"modifier":0,"keys":[11,0,0,0,0,0],"result":"ok"}
{"monotonic_ns":2512061669,"wall_ns":1783105921954476259,"modifier":0,"keys":[0,0,0,0,0,0],"result":"ok"}
{"monotonic_ns":2521077378,"wall_ns":1783105921963493135,"modifier":2,"keys":[32,0,0,0,0,0],"result":"ok"}
{"monotonic_ns":2526102504,"wall_ns":1783105921968517094,"modifier":0,"keys":[0,0,0,0,0,0],"result":"ok"}
{"monotonic_ns":2534070254,"wall_ns":1783105921976485136,"modifier":0,"keys":[44,0,0,0,0,0],"result":"ok"}
{"monotonic_ns":2539069422,"wall_ns":1783105921981484012,"modifier":0,"keys":[0,0,0,0,0,0],"result":"ok"}
{"monotonic_ns":2547077131,"wall_ns":1783105921989492304,"modifier":0,"keys":[23,0,0,0,0,0],"result":"ok"}
{"monotonic_ns":2552104881,"wall_ns":1783105921994520347,"modifier":0,"keys":[0,0,0,0,0,0],"result":"ok"}
{"monotonic_ns":2561077716,"wall_ns":1783105922003492598,"modifier":0,"keys":[12,0,0,0,0,0],"result":"ok"}
{"monotonic_ns":2566067841,"wall_ns":1783105922008483015,"modifier":0,"keys":[0,0,0,0,0,0],"result":"ok"}
{"monotonic_ns":2574084300,"wall_ns":1783105922016499182,"modifier":0,"keys":[15,0,0,0,0,0],"result":"ok"}
{"monotonic_ns":2579085801,"wall_ns":1783105922021500974,"modifier":0,"keys":[0,0,0,0,0,0],"result":"ok"}
{"monotonic_ns":2587081551,"wall_ns":1783105922029496433,"modifier":0,"keys":[7,0,0,0,0,0],"result":"ok"}
{"monotonic_ns":2592070802,"wall_ns":1783105922034485392,"modifier":0,"keys":[0,0,0,0,0,0],"result":"ok"}
{"monotonic_ns":2600662136,"wall_ns":1783105922043078185,"modifier":0,"keys":[8,0,0,0,0,0],"result":"ok"}
{"monotonic_ns":2606206720,"wall_ns":1783105922048621310,"modifier":0,"keys":[0,0,0,0,0,0],"result":"ok"}
{"monotonic_ns":2614079388,"wall_ns":1783105922056493978,"modifier":2,"keys":[53,0,0,0,0,0],"result":"ok"}
{"monotonic_ns":2619066888,"wall_ns":1783105922061482353,"modifier":0,"keys":[0,0,0,0,0,0],"result":"ok"}
{"monotonic_ns":2627060597,"wall_ns":1783105922069475188,"modifier":0,"keys":[0,0,0,0,0,0],"result":"ok"}
