{"monotonic_ns":976500,"wall_ns":1783105962917777458,"modifier":0,"keys":[0,0,0,0,0,0],"result":"ok"}
{"monotonic_ns":2341208,"wall_ns":1783105962919143917,"modifier":1,"keys":[4,0,0,0,0,0],"result":"ok"}
{"monotonic_ns":33758670,"wall_ns":1783105962950561378,"modifier":0,"keys":[0,0,0,0,0,0],"result":"ok"}
{"monotonic_ns":84509550,"wall_ns":1783105963001311092,"modifier":0,"keys":[76,0,0,0,0,0],"result":"ok"}
{"monotonic_ns":115594511,"wall_ns":1783105963032396053,"modifier":0,"keys":[0,0,0,0,0,0],"result":"ok"}
{"monotonic_ns":466975588,"wall_ns":1783105963383776255,"modifier":0,"keys":[0,0,0,0,0,0],"result":"ok"}
{"monotonic_ns":468134380,"wall_ns":1783105963384936797,"modifier":2,"keys":[15,0,0,0,0,0],"result":"ok"}
{"monotonic_ns":473329839,"wall_ns":1783105963390130797,"modifier":0,"keys":[0,0,0,0,0,0],"result":"ok"}
{"monotonic_ns":481338131,"wall_ns":1783105963398138215,"modifier":0,"keys":[39,0,0,0,0,0],"result":"ok"}
{"monotonic_ns":486351590,"wall_ns":1783105963403151965,"modifier":0,"keys":[0,0,0,0,0,0],"result":"ok"}
{"monotonic_ns":494373591,"wall_ns":1783105963411174549,"modifier":0,"keys":[39,0,0,0,0,0],"result":"ok"}
{"monotonic_ns":499368092,"wall_ns":1783105963416168758,"modifier":0,"keys":[0,0,0,0,0,0],"result":"ok"}
{"monotonic_ns":507314259,"wall_ns":1783105963424115217,"modifier":0,"keys":[39,0,0,0,0,0],"result":"ok"}
{"monotonic_ns":512385176,"wall_ns":1783105963429186426,"modifier":0,"keys":[0,0,0,0,0,0],"result":"ok"}
{"monotonic_ns":521395927,"wall_ns":1783105963438196885,"modifier":0,"keys":[39,0,0,0,0,0],"result":"ok"}
{"monotonic_ns":526390136,"wall_ns":1783105963443191386,"modifier":0,"keys":[0,0,0,0,0,0],"result":"ok"}
{"monotonic_ns":534472220,"wall_ns":1783105963451274345,"modifier":0,"keys":[44,0,0,0,0,0],"result":"ok"}
{"monotonic_ns":539446596,"wall_ns":1783105963456248137,"modifier":0,"keys":[0,0,0,0,0,0],"result":"ok"}
{"monotonic_ns":547388680,"wall_ns":1783105963464188763,"modifier":0,"keys":[8,0,0,0,0,0],"result":"ok"}
{"monotonic_ns":552449389,"wall_ns":1783105963469250055,"modifier":0,"keys":[0,0,0,0,0,0],"result":"ok"}
{"monotonic_ns":561369139,"wall_ns":1783105963478170098,"modifier":0,"keys":[16,0,0,0,0,0],"result":"ok"}
{"monotonic_ns":566392223,"wall_ns":1783105963483193765,"modifier":0,"keys":[0,0,0,0,0,0],"result":"ok"}
{"monotonic_ns":574358224,"wall_ns":1783105963491158599,"modifier":0,"keys":[19,0,0,0,0,0],"result":"ok"}
{"monotonic_ns":579438475,"wall_ns":1783105963496238558,"modifier":0,"keys":[0,0,0,0,0,0],"result":"ok"}
{"monotonic_ns":587381434,"wall_ns":1783105963504182100,"modifier":0,"keys":[12,0,0,0,0,0],"result":"ok"}
{"monotonic_ns":592449726,"wall_ns":1783105963509250976,"modifier":0,"keys":[0,0,0,0,0,0],"result":"ok"}
{"monotonic_ns":601420227,"wall_ns":1783105963518221477,"modifier":0,"keys":[21,0,0,0,0,0],"result":"ok"}
{"monotonic_ns":607412811,"wall_ns":1783105963524214352,"modifier":0,"keys":[0,0,0,0,0,0],"result":"ok"}
{"monotonic_ns":614366436,"wall_ns":1783105963531166520,"modifier":0,"keys":[12,0,0,0,0,0],"result":"ok"}
{"monotonic_ns":619434145,"wall_ns":1783105963536235395,"modifier":0,"keys":[0,0,0,0,0,0],"result":"ok"}
{"monotonic_ns":627390229,"wall_ns":1783105963544191188,"modifier":0,"keys":[6,0,0,0,0,0],"result":"ok"}
{"monotonic_ns":632827480,"wall_ns":1783105963549628438,"modifier":0,"keys":[0,0,0,0,0,0],"result":"ok"}
{"monotonic_ns":640868731,"wall_ns":1783105963557669689,"modifier":0,"keys":[4,0,0,0,0,0],"result":"ok"}
{"monotonic_ns":646538148,"wall_ns":1783105963563339398,"modifier":0,"keys":[0,0,0,0,0,0],"result":"ok"}
{"monotonic_ns":654386024,"wall_ns":1783105963571186107,"modifier":0,"keys":[15,0,0,0,0,0],"result":"ok"}
{"monotonic_ns":659437108,"wall_ns":1783105963576238649,"modifier":0,"keys":[0,0,0,0,0,0],"result":"ok"}
{"monotonic_ns":667324650,"wall_ns":1783105963584125608,"modifier":0,"keys":[45,0,0,0,0,0],"result":"ok"}
{"monotonic_ns":672476359,"wall_ns":1783105963589277609,"modifier":0,"keys":[0,0,0,0,0,0],"result":"ok"}
{"monotonic_ns":681397568,"wall_ns":1783105963598198527,"modifier":0,"keys":[15,0,0,0,0,0],"result":"ok"}
{"monotonic_ns":686571152,"wall_ns":1783105963603372694,"modifier":0,"keys":[0,0,0,0,0,0],"result":"ok"}
{"monotonic_ns":694371778,"wall_ns":1783105963611173028,"modifier":0,"keys":[4,0,0,0,0,0],"result":"ok"}
{"monotonic_ns":699448820,"wall_ns":1783105963616250070,"modifier":0,"keys":[0,0,0,0,0,0],"result":"ok"}
{"monotonic_ns":708154488,"wall_ns":1783105963624955154,"modifier":0,"keys":[28,0,0,0,0,0],"result":"ok"}
{"monotonic_ns":713464280,"wall_ns":1783105963630265821,"modifier":0,"keys":[0,0,0,0,0,0],"result":"ok"}
{"monotonic_ns":721406656,"wall_ns":1783105963638206739,"modifier":0,"keys":[18,0,0,0,0,0],"result":"ok"}
{"monotonic_ns":726404364,"wall_ns":1783105963643205031,"modifier":0,"keys":[0,0,0,0,0,0],"result":"ok"}
{"monotonic_ns":734416449,"wall_ns":1783105963651216532,"modifier":0,"keys":[24,0,0,0,0,0],"result":"ok"}
{"monotonic_ns":739771449,"wall_ns":1783105963656573866,"modifier":0,"keys":[0,0,0,0,0,0],"result":"ok"}
{"monotonic_ns":747616408,"wall_ns":1783105963664416492,"modifier":0,"keys":[23,0,0,0,0,0],"result":"ok"}
{"monotonic_ns":752522534,"wall_ns":1783105963669324075,"modifier":0,"keys":[0,0,0,0,0,0],"result":"ok"}
{"monotonic_ns":761399993,"wall_ns":1783105963678200076,"modifier":0,"keys":[45,0,0,0,0,0],"result":"ok"}
{"monotonic_ns":766418118,"wall_ns":1783105963683219368,"modifier":0,"keys":[0,0,0,0,0,0],"result":"ok"}
{"monotonic_ns":774375661,"wall_ns":1783105963691176619,"modifier":0,"keys":[19,0,0,0,0,0],"result":"ok"}
{"monotonic_ns":779449203,"wall_ns":1783105963696250745,"modifier":0,"keys":[0,0,0,0,0,0],"result":"ok"}
{"monotonic_ns":787398579,"wall_ns":1783105963704198662,"modifier":0,"keys":[21,0,0,0,0,0],"result":"ok"}
{"monotonic_ns":792689704,"wall_ns":1783105963709491246,"modifier":0,"keys":[0,0,0,0,0,0],"result":"ok"}
{"monotonic_ns":801406455,"wall_ns":1783105963718207997,"modifier":0,"keys":[18,0,0,0,0,0],"result":"ok"}
{"monotonic_ns":806665497,"wall_ns":1783105963723467039,"modifier":0,"keys":[0,0,0,0,0,0],"result":"ok"}
{"monotonic_ns":814382707,"wall_ns":1783105963731183665,"modifier":0,"keys":[5,0,0,0,0,0],"result":"ok"}
{"monotonic_ns":819420082,"wall_ns":1783105963736221332,"modifier":0,"keys":[0,0,0,0,0,0],"result":"ok"}
{"monotonic_ns":827384916,"wall_ns":1783105963744185875,"modifier":0,"keys":[8,0,0,0,0,0],"result":"ok"}
{"monotonic_ns":832516792,"wall_ns":1783105963749316875,"modifier":0,"keys":[0,0,0,0,0,0],"result":"ok"}
{"monotonic_ns":841405626,"wall_ns":1783105963758206584,"modifier":0,"keys":[44,0,0,0,0,0],"result":"ok"}
{"monotonic_ns":846401293,"wall_ns":1783105963763202251,"modifier":0,"keys":[0,0,0,0,0,0],"result":"ok"}
{"monotonic_ns":854517211,"wall_ns":1783105963771318752,"modifier":2,"keys":[24,0,0,0,0,0],"result":"ok"}
{"monotonic_ns":859454836,"wall_ns":1783105963776256378,"modifier":0,"keys":[0,0,0,0,0,0],"result":"ok"}
{"monotonic_ns":867313504,"wall_ns":1783105963784113587,"modifier":2,"keys":[14,0,0,0,0,0],"result":"ok"}
{"monotonic_ns":872407171,"wall_ns":1783105963789208421,"modifier":0,"keys":[0,0,0,0,0,0],"result":"ok"}
{"monotonic_ns":881409463,"wall_ns":1783105963798210422,"modifier":0,"keys":[44,0,0,0,0,0],"result":"ok"}
{"monotonic_ns":886571964,"wall_ns":1783105963803373797,"modifier":0,"keys":[0,0,0,0,0,0],"result":"ok"}
{"monotonic_ns":894376090,"wall_ns":1783105963811176756,"modifier":0,"keys":[22,0,0,0,0,0],"result":"ok"}
{"monotonic_ns":899440590,"wall_ns":1783105963816242132,"modifier":0,"keys":[0,0,0,0,0,0],"result":"ok"}
{"monotonic_ns":907454424,"wall_ns":1783105963824255966,"modifier":0,"keys":[28,0,0,0,0,0],"result":"ok"}
{"monotonic_ns":912437258,"wall_ns":1783105963829238216,"modifier":0,"keys":[0,0,0,0,0,0],"result":"ok"}
{"monotonic_ns":921394926,"wall_ns":1783105963838195009,"modifier":0,"keys":[16,0,0,0,0,0],"result":"ok"}
{"monotonic_ns":926392343,"wall_ns":1783105963843193593,"modifier":0,"keys":[0,0,0,0,0,0],"result":"ok"}
{"monotonic_ns":934371469,"wall_ns":1783105963851171552,"modifier":0,"keys":[5,0,0,0,0,0],"result":"ok"}
{"monotonic_ns":939447052,"wall_ns":1783105963856248594,"modifier":0,"keys":[0,0,0,0,0,0],"result":"ok"}
{"monotonic_ns":947445720,"wall_ns":1783105963864245803,"modifier":0,"keys":[18,0,0,0,0,0],"result":"ok"}
{"monotonic_ns":952433220,"wall_ns":1783105963869234470,"modifier":0,"keys":[0,0,0,0,0,0],"result":"ok"}
{"monotonic_ns":961559763,"wall_ns":1783105963878359846,"modifier":0,"keys":[15,0,0,0,0,0],"result":"ok"}
{"monotonic_ns":966355930,"wall_ns":1783105963883156888,"modifier":0,"keys":[0,0,0,0,0,0],"result":"ok"}
{"monotonic_ns":974363348,"wall_ns":1783105963891164306,"modifier":0,"keys":[22,0,0,0,0,0],"result":"ok"}
{"monotonic_ns":979441848,"wall_ns":1783105963896243098,"modifier":0,"keys":[0,0,0,0,0,0],"result":"ok"}
{"monotonic_ns":987387724,"wall_ns":1783105963904188682,"modifier":0,"keys":[44,0,0,0,0,0],"result":"ok"}
{"monotonic_ns":992494224,"wall_ns":1783105963909295474,"modifier":0,"keys":[0,0,0,0,0,0],"result":"ok"}
{"monotonic_ns":1001462684,"wall_ns":1783105963918263642,"modifier":2,"keys":[52,0,0,0,0,0],"result":"ok"}
{"monotonic_ns":1006451934,"wall_ns":1783105963923253476,"modifier":0,"keys":[0,0,0,0,0,0],"result":"ok"}
{"monotonic_ns":1014413852,"wall_ns":1783105963931215102,"modifier":0,"keys":[44,0,0,0,0,0],"result":"ok"}
{"monotonic_ns":1019628269,"wall_ns":1783105963936430102,"modifier":0,"keys":[0,0,0,0,0,0],"result":"ok"}
{"monotonic_ns":1027384561,"wall_ns":1783105963944185811,"modifier":2,"keys":[31,0,0,0,0,0],"result":"ok"}
{"monotonic_ns":1032519645,"wall_ns":1783105963949320895,"modifier":0,"keys":[0,0,0,0,0,0],"result":"ok"}
{"monotonic_ns":1041392146,"wall_ns":1783105963958193104,"modifier":0,"keys":[44,0,0,0,0,0],"result":"ok"}
{"monotonic_ns":1046422813,"wall_ns":1783105963963223772,"modifier":0,"keys":[0,0,0,0,0,0],"result":"ok"}
{"monotonic_ns":1054362856,"wall_ns":1783105963971162939,"modifier":0,"keys":[49,0,0,0,0,0],"result":"ok"}
{"monotonic_ns":1059445148,"wall_ns":1783105963976246106,"modifier":0,"keys":[0,0,0,0,0,0],"result":"ok"}
{"monotonic_ns":1067394232,"wall_ns":1783105963984195190,"modifier":0,"keys":[44,0,0,0,0,0],"result":"ok"}
{"monotonic_ns":1072479441,"wall_ns":1783105963989280399,"modifier":0,"keys":[0,0,0,0,0,0],"result":"ok"}
{"monotonic_ns":1081412608,"wall_ns":1783105963998213567,"modifier":2,"keys":[49,0,0,0,0,0],"result":"ok"}
{"monotonic_ns":1086410609,"wall_ns":1783105964003212151,"modifier":0,"keys":[0,0,0,0,0,0],"result":"ok"}
{"monotonic_ns":1094380693,"wall_ns":1783105964011180776,"modifier":0,"keys":[44,0,0,0,0,0],"result":"ok"}
{"monotonic_ns":1099397944,"wall_ns":1783105964016198319,"modifier":0,"keys":[0,0,0,0,0,0],"result":"ok"}
{"monotonic_ns":1107388153,"wall_ns":1783105964024188819,"modifier":0,"keys":[100,0,0,0,0,0],"result":"ok"}
{"monotonic_ns":1112460528,"wall_ns":1783105964029261778,"modifier":0,"keys":[0,0,0,0,0,0],"result":"ok"}
{"monotonic_ns":1121411196,"wall_ns":1783105964038212154,"modifier":0,"keys":[44,0,0,0,0,0],"result":"ok"}
{"monotonic_ns":1126402196,"wall_ns":1783105964043203155,"modifier":0,"keys":[0,0,0,0,0,0],"result":"ok"}
{"monotonic_ns":1134365572,"wall_ns":1783105964051166530,"modifier":2,"keys":[100,0,0,0,0,0],"result":"ok"}
{"monotonic_ns":1139429781,"wall_ns":1783105964056231031,"modifier":0,"keys":[0,0,0,0,0,0],"result":"ok"}
{"monotonic_ns":1147469282,"wall_ns":1783105964064270240,"modifier":0,"keys":[44,0,0,0,0,0],"result":"ok"}
{"monotonic_ns":1152435782,"wall_ns":1783105964069237032,"modifier":0,"keys":[0,0,0,0,0,0],"result":"ok"}
{"monotonic_ns":1161447408,"wall_ns":1783105964078247783,"modifier":2,"keys":[32,0,0,0,0,0],"result":"ok"}
{"monotonic_ns":1166522992,"wall_ns":1783105964083323659,"modifier":0,"keys":[0,0,0,0,0,0],"result":"ok"}
{"monotonic_ns":1174370284,"wall_ns":1783105964091171243,"modifier":0,"keys":[44,0,0,0,0,0],"result":"ok"}
{"monotonic_ns":1179442077,"wall_ns":1783105964096243327,"modifier":0,"keys":[0,0,0,0,0,0],"result":"ok"}
{"monotonic_ns":1187440161,"wall_ns":1783105964104241411,"modifier":2,"keys":[54,0,0,0,0,0],"result":"ok"}
{"monotonic_ns":1193564870,"wall_ns":1783105964110413953,"modifier":0,"keys":[0,0,0,0,0,0],"result":"ok"}
{"monotonic_ns":1201416829,"wall_ns":1783105964118217787,"modifier":2,"keys":[55,0,0,0,0,0],"result":"ok"}
{"monotonic_ns":1206455954,"wall_ns":1783105964123257204,"modifier":0,"keys":[0,0,0,0,0,0],"result":"ok"}
{"monotonic_ns":1214452580,"wall_ns":1783105964131253538,"modifier":0,"keys":[44,0,0,0,0,0],"result":"ok"}
{"monotonic_ns":1219461081,"wall_ns":1783105964136262039,"modifier":0,"keys":[0,0,0,0,0,0],"result":"ok"}
{"monotonic_ns":1227390915,"wall_ns":1783105964144191873,"modifier":0,"keys":[8,0,0,0,0,0],"result":"ok"}
{"monotonic_ns":1232423915,"wall_ns":1783105964149225165,"modifier":0,"keys":[0,0,0,0,0,0],"result":"ok"}
{"monotonic_ns":1241397041,"wall_ns":1783105964158197999,"modifier":0,"keys":[17,0,0,0,0,0],"result":"ok"}
{"monotonic_ns":1246385125,"wall_ns":1783105964163186375,"modifier":0,"keys":[0,0,0,0,0,0],"result":"ok"}
{"monotonic_ns":1254516501,"wall_ns":1783105964171317459,"modifier":0,"keys":[7,0,0,0,0,0],"result":"ok"}
{"monotonic_ns":1259436918,"wall_ns":1783105964176237876,"modifier":0,"keys":[0,0,0,0,0,0],"result":"ok"}
{"monotonic_ns":1267424502,"wall_ns":1783105964184225169,"modifier":0,"keys":[40,0,0,0,0,0],"result":"ok"}
{"monotonic_ns":1272615586,"wall_ns":1783105964189417419,"modifier":0,"keys":[0,0,0,0,0,0],"result":"ok"}
{"monotonic_ns":1281537962,"wall_ns":1783105964198338920,"modifier":2,"keys":[15,0,0,0,0,0],"result":"ok"}
{"monotonic_ns":1286384296,"wall_ns":1783105964203185254,"modifier":0,"keys":[0,0,0,0,0,0],"result":"ok"}
{"monotonic_ns":1294374796,"wall_ns":1783105964211175755,"modifier":0,"keys":[39,0,0,0,0,0],"result":"ok"}
{"monotonic_ns":1300438839,"wall_ns":1783105964217240380,"modifier":0,"keys":[0,0,0,0,0,0],"result":"ok"}
{"monotonic_ns":1307389256,"wall_ns":1783105964224190506,"modifier":0,"keys":[39,0,0,0,0,0],"result":"ok"}
{"monotonic_ns":1312445882,"wall_ns":1783105964229245965,"modifier":0,"keys":[0,0,0,0,0,0],"result":"ok"}
{"monotonic_ns":1321425133,"wall_ns":1783105964238225799,"modifier":0,"keys":[39,0,0,0,0,0],"result":"ok"}
{"monotonic_ns":1326507133,"wall_ns":1783105964243308383,"modifier":0,"keys":[0,0,0,0,0,0],"result":"ok"}
{"monotonic_ns":1334376592,"wall_ns":1783105964251177259,"modifier":0,"keys":[30,0,0,0,0,0],"result":"ok"}
{"monotonic_ns":1339444593,"wall_ns":1783105964256245843,"modifier":0,"keys":[0,0,0,0,0,0],"result":"ok"}
{"monotonic_ns":1347511218,"wall_ns":1783105964264312468,"modifier":0,"keys":[44,0,0,0,0,0],"result":"ok"}
{"monotonic_ns":1352413844,"wall_ns":1783105964269215386,"modifier":0,"keys":[0,0,0,0,0,0],"result":"ok"}
{"monotonic_ns":1361406512,"wall_ns":1783105964278207470,"modifier":0,"keys":[21,0,0,0,0,0],"result":"ok"}
{"monotonic_ns":1366467804,"wall_ns":1783105964283269054,"modifier":0,"keys":[0,0,0,0,0,0],"result":"ok"}
{"monotonic_ns":1374400263,"wall_ns":1783105964291200346,"modifier":0,"keys":[8,0,0,0,0,0],"result":"ok"}
{"monotonic_ns":1379452513,"wall_ns":1783105964296253763,"modifier":0,"keys":[0,0,0,0,0,0],"result":"ok"}
{"monotonic_ns":1387385847,"wall_ns":1783105964304187097,"modifier":0,"keys":[19,0,0,0,0,0],"result":"ok"}
{"monotonic_ns":1392454723,"wall_ns":1783105964309255098,"modifier":0,"keys":[0,0,0,0,0,0],"result":"ok"}
{"monotonic_ns":1401429016,"wall_ns":1783105964318229682,"modifier":0,"keys":[8,0,0,0,0,0],"result":"ok"}
{"monotonic_ns":1406446849,"wall_ns":1783105964323248099,"modifier":0,"keys":[0,0,0,0,0,0],"result":"ok"}
{"monotonic_ns":1414374642,"wall_ns":1783105964331175600,"modifier":0,"keys":[4,0,0,0,0,0],"result":"ok"}
{"monotonic_ns":1419476184,"wall_ns":1783105964336277726,"modifier":0,"keys":[0,0,0,0,0,0],"result":"ok"}
{"monotonic_ns":1427399310,"wall_ns":1783105964344200268,"modifier":0,"keys":[23,0,0,0,0,0],"result":"ok"}
{"monotonic_ns":1432427644,"wall_ns":1783105964349229185,"modifier":0,"keys":[0,0,0,0,0,0],"result":"ok"}
{"monotonic_ns":1441460853,"wall_ns":1783105964358262103,"modifier":0,"keys":[22,0,0,0,0,0],"result":"ok"}
{"monotonic_ns":1446459728,"wall_ns":1783105964363261270,"modifier":0,"keys":[0,0,0,0,0,0],"result":"ok"}
{"monotonic_ns":1454441479,"wall_ns":1783105964371242146,"modifier":0,"keys":[44,0,0,0,0,0],"result":"ok"}
{"monotonic_ns":1459423730,"wall_ns":1783105964376225271,"modifier":0,"keys":[0,0,0,0,0,0],"result":"ok"}
{"monotonic_ns":1467384481,"wall_ns":1783105964384185439,"modifier":2,"keys":[52,0,0,0,0,0],"result":"ok"}
{"monotonic_ns":1472432064,"wall_ns":1783105964389233023,"modifier":0,"keys":[0,0,0,0,0,0],"result":"ok"}
{"monotonic_ns":1481424440,"wall_ns":1783105964398224524,"modifier":2,"keys":[52,0,0,0,0,0],"result":"ok"}
{"monotonic_ns":1486418941,"wall_ns":1783105964403220482,"modifier":0,"keys":[0,0,0,0,0,0],"result":"ok"}
{"monotonic_ns":1494453483,"wall_ns":1783105964411254442,"modifier":2,"keys":[52,0,0,0,0,0],"result":"ok"}
{"monotonic_ns":1499456442,"wall_ns":1783105964416257692,"modifier":0,"keys":[0,0,0,0,0,0],"result":"ok"}
{"monotonic_ns":1507480776,"wall_ns":1783105964424281735,"modifier":0,"keys":[44,0,0,0,0,0],"result":"ok"}
{"monotonic_ns":1512515818,"wall_ns":1783105964429316777,"modifier":0,"keys":[0,0,0,0,0,0],"result":"ok"}
{"monotonic_ns":1521422153,"wall_ns":1783105964438223111,"modifier":2,"keys":[31,0,0,0,0,0],"result":"ok"}
{"monotonic_ns":1526430945,"wall_ns":1783105964443232195,"modifier":0,"keys":[0,0,0,0,0,0],"result":"ok"}
{"monotonic_ns":1534523529,"wall_ns":1783105964451323612,"modifier":2,"keys":[31,0,0,0,0,0],"result":"ok"}
{"monotonic_ns":1539431113,"wall_ns":1783105964456232071,"modifier":0,"keys":[0,0,0,0,0,0],"result":"ok"}
{"monotonic_ns":1547389530,"wall_ns":1783105964464190489,"modifier":2,"keys":[31,0,0,0,0,0],"result":"ok"}
{"monotonic_ns":1552426322,"wall_ns":1783105964469227281,"modifier":0,"keys":[0,0,0,0,0,0],"result":"ok"}
{"monotonic_ns":1561423073,"wall_ns":1783105964478224032,"modifier":0,"keys":[44,0,0,0,0,0],"result":"ok"}
{"monotonic_ns":1566442657,"wall_ns":1783105964483244199,"modifier":0,"keys":[0,0,0,0,0,0],"result":"ok"}
{"monotonic_ns":1574403700,"wall_ns":1783105964491240241,"modifier":0,"keys":[49,0,0,0,0,0],"result":"ok"}
{"monotonic_ns":1580445575,"wall_ns":1783105964497246825,"modifier":0,"keys":[0,0,0,0,0,0],"result":"ok"}
{"monotonic_ns":1587382868,"wall_ns":1783105964504182951,"modifier":0,"keys":[49,0,0,0,0,0],"result":"ok"}
{"monotonic_ns":1592451451,"wall_ns":1783105964509253285,"modifier":0,"keys":[0,0,0,0,0,0],"result":"ok"}
{"monotonic_ns":1601415244,"wall_ns":1783105964518216202,"modifier":0,"keys":[49,0,0,0,0,0],"result":"ok"}
{"monotonic_ns":1606569286,"wall_ns":1783105964523370536,"modifier":0,"keys":[0,0,0,0,0,0],"result":"ok"}
{"monotonic_ns":1614366995,"wall_ns":1783105964531167662,"modifier":0,"keys":[44,0,0,0,0,0],"result":"ok"}
{"monotonic_ns":1619434996,"wall_ns":1783105964536235079,"modifier":0,"keys":[0,0,0,0,0,0],"result":"ok"}
{"monotonic_ns":1627649205,"wall_ns":1783105964544450163,"modifier":2,"keys":[49,0,0,0,0,0],"result":"ok"}
{"monotonic_ns":1633416622,"wall_ns":1783105964550217872,"modifier":0,"keys":[0,0,0,0,0,0],"result":"ok"}
{"monotonic_ns":1641419081,"wall_ns":1783105964558220331,"modifier":2,"keys":[49,0,0,0,0,0],"result":"ok"}
{"monotonic_ns":1646545415,"wall_ns":1783105964563346374,"modifier":0,"keys":[0,0,0,0,0,0],"result":"ok"}
{"monotonic_ns":1654365874,"wall_ns":1783105964571167124,"modifier":2,"keys":[49,0,0,0,0,0],"result":"ok"}
{"monotonic_ns":1659438541,"wall_ns":1783105964576240083,"modifier":0,"keys":[0,0,0,0,0,0],"result":"ok"}
{"monotonic_ns":1667389959,"wall_ns":1783105964584190917,"modifier":0,"keys":[44,0,0,0,0,0],"result":"ok"}
{"monotonic_ns":1672446001,"wall_ns":1783105964589247543,"modifier":0,"keys":[0,0,0,0,0,0],"result":"ok"}
{"monotonic_ns":1681492044,"wall_ns":1783105964598293294,"modifier":0,"keys":[100,0,0,0,0,0],"result":"ok"}
{"monotonic_ns":1686432878,"wall_ns":1783105964603234128,"modifier":0,"keys":[0,0,0,0,0,0],"result":"ok"}
{"monotonic_ns":1694459545,"wall_ns":1783105964611260503,"modifier":0,"keys":[100,0,0,0,0,0],"result":"ok"}
{"monotonic_ns":1699520545,"wall_ns":1783105964616321504,"modifier":0,"keys":[0,0,0,0,0,0],"result":"ok"}
{"monotonic_ns":1707399921,"wall_ns":1783105964624200880,"modifier":0,"keys":[44,0,0,0,0,0],"result":"ok"}
{"monotonic_ns":1712503213,"wall_ns":1783105964629303297,"modifier":0,"keys":[0,0,0,0,0,0],"result":"ok"}
{"monotonic_ns":1721411006,"wall_ns":1783105964638211964,"modifier":2,"keys":[100,0,0,0,0,0],"result":"ok"}
{"monotonic_ns":1726473465,"wall_ns":1783105964643274423,"modifier":0,"keys":[0,0,0,0,0,0],"result":"ok"}
{"monotonic_ns":1734457257,"wall_ns":1783105964651258216,"modifier":2,"keys":[100,0,0,0,0,0],"result":"ok"}
{"monotonic_ns":1739457883,"wall_ns":1783105964656258841,"modifier":0,"keys":[0,0,0,0,0,0],"result":"ok"}
{"monotonic_ns":1747386550,"wall_ns":1783105964664187217,"modifier":2,"keys":[100,0,0,0,0,0],"result":"ok"}
{"monotonic_ns":1752450467,"wall_ns":1783105964669251717,"modifier":0,"keys":[0,0,0,0,0,0],"result":"ok"}
{"monotonic_ns":1761418052,"wall_ns":1783105964678219010,"modifier":0,"keys":[44,0,0,0,0,0],"result":"ok"}
{"monotonic_ns":1766452511,"wall_ns":1783105964683253761,"modifier":0,"keys":[0,0,0,0,0,0],"result":"ok"}
{"monotonic_ns":1774424928,"wall_ns":1783105964691226178,"modifier":2,"keys":[32,0,0,0,0,0],"result":"ok"}
{"monotonic_ns":1779456470,"wall_ns":1783105964696257720,"modifier":0,"keys":[0,0,0,0,0,0],"result":"ok"}
{"monotonic_ns":1787442013,"wall_ns":1783105964704242679,"modifier":2,"keys":[32,0,0,0,0,0],"result":"ok"}
{"monotonic_ns":1792440596,"wall_ns":1783105964709241846,"modifier":0,"keys":[0,0,0,0,0,0],"result":"ok"}
{"monotonic_ns":1801426264,"wall_ns":1783105964718227222,"modifier":2,"keys":[32,0,0,0,0,0],"result":"ok"}
{"monotonic_ns":1806384306,"wall_ns":1783105964723185848,"modifier":0,"keys":[0,0,0,0,0,0],"result":"ok"}
{"monotonic_ns":1814597932,"wall_ns":1783105964731398599,"modifier":0,"keys":[44,0,0,0,0,0],"result":"ok"}
{"monotonic_ns":1819402266,"wall_ns":1783105964736203516,"modifier":0,"keys":[0,0,0,0,0,0],"result":"ok"}
{"monotonic_ns":1827435642,"wall_ns":1783105964744236600,"modifier":2,"keys":[54,0,0,0,0,0],"result":"ok"}
{"monotonic_ns":1832512684,"wall_ns":1783105964749314809,"modifier":0,"keys":[0,0,0,0,0,0],"result":"ok"}
{"monotonic_ns":1841499518,"wall_ns":1783105964758300476,"modifier":2,"keys":[55,0,0,0,0,0],"result":"ok"}
{"monotonic_ns":1846444144,"wall_ns":1783105964763245394,"modifier":0,"keys":[0,0,0,0,0,0],"result":"ok"}
{"monotonic_ns":1854433186,"wall_ns":1783105964771232978,"modifier":2,"keys":[54,0,0,0,0,0],"result":"ok"}
{"monotonic_ns":1859481645,"wall_ns":1783105964776282603,"modifier":0,"keys":[0,0,0,0,0,0],"result":"ok"}
{"monotonic_ns":1867548271,"wall_ns":1783105964784349229,"modifier":2,"keys":[55,0,0,0,0,0],"result":"ok"}
{"monotonic_ns":1872375938,"wall_ns":1783105964789176896,"modifier":0,"keys":[0,0,0,0,0,0],"result":"ok"}
{"monotonic_ns":1881423730,"wall_ns":1783105964798224397,"modifier":2,"keys":[54,0,0,0,0,0],"result":"ok"}
{"monotonic_ns":1886717189,"wall_ns":1783105964803519023,"modifier":0,"keys":[0,0,0,0,0,0],"result":"ok"}
{"monotonic_ns":1894522190,"wall_ns":1783105964811323148,"modifier":2,"keys":[55,0,0,0,0,0],"result":"ok"}
{"monotonic_ns":1899399732,"wall_ns":1783105964816200107,"modifier":0,"keys":[0,0,0,0,0,0],"result":"ok"}
{"monotonic_ns":1907394900,"wall_ns":1783105964824195566,"modifier":0,"keys":[40,0,0,0,0,0],"result":"ok"}
{"monotonic_ns":1912439275,"wall_ns":1783105964829239650,"modifier":0,"keys":[0,0,0,0,0,0],"result":"ok"}
{"monotonic_ns":1921413276,"wall_ns":1783105964838214234,"modifier":2,"keys":[15,0,0,0,0,0],"result":"ok"}
{"monotonic_ns":1926414777,"wall_ns":1783105964843215735,"modifier":0,"keys":[0,0,0,0,0,0],"result":"ok"}
{"monotonic_ns":1934401777,"wall_ns":1783105964851203027,"modifier":0,"keys":[39,0,0,0,0,0],"result":"ok"}
{"monotonic_ns":1939531028,"wall_ns":1783105964856331111,"modifier":0,"keys":[0,0,0,0,0,0],"result":"ok"}
{"monotonic_ns":1947465237,"wall_ns":1783105964864266195,"modifier":0,"keys":[39,0,0,0,0,0],"result":"ok"}
{"monotonic_ns":1952509613,"wall_ns":1783105964869311154,"modifier":0,"keys":[0,0,0,0,0,0],"result":"ok"}
{"monotonic_ns":1961386488,"wall_ns":1783105964878187447,"modifier":0,"keys":[39,0,0,0,0,0],"result":"ok"}
{"monotonic_ns":1966415114,"wall_ns":1783105964883216364,"modifier":0,"keys":[0,0,0,0,0,0],"result":"ok"}
{"monotonic_ns":1974417573,"wall_ns":1783105964891218240,"modifier":0,"keys":[31,0,0,0,0,0],"result":"ok"}
{"monotonic_ns":1979490532,"wall_ns":1783105964896292074,"modifier":0,"keys":[0,0,0,0,0,0],"result":"ok"}
{"monotonic_ns":1987392658,"wall_ns":1783105964904192741,"modifier":0,"keys":[44,0,0,0,0,0],"result":"ok"}
{"monotonic_ns":1992418075,"wall_ns":1783105964909219033,"modifier":0,"keys":[0,0,0,0,0,0],"result":"ok"}
{"monotonic_ns":2001447784,"wall_ns":1783105964918248451,"modifier":0,"keys":[22,0,0,0,0,0],"result":"ok"}
{"monotonic_ns":2006369368,"wall_ns":1783105964923170326,"modifier":0,"keys":[0,0,0,0,0,0],"result":"ok"}
{"monotonic_ns":2014455244,"wall_ns":1783105964931256202,"modifier":0,"keys":[11,0,0,0,0,0],"result":"ok"}
{"monotonic_ns":2019404536,"wall_ns":1783105964936206078,"modifier":0,"keys":[0,0,0,0,0,0],"result":"ok"}
{"monotonic_ns":2027384828,"wall_ns":1783105964944185787,"modifier":0,"keys":[12,0,0,0,0,0],"result":"ok"}
{"monotonic_ns":2032445829,"wall_ns":1783105964949247079,"modifier":0,"keys":[0,0,0,0,0,0],"result":"ok"}
{"monotonic_ns":2041484872,"wall_ns":1783105964958286122,"modifier":0,"keys":[9,0,0,0,0,0],"result":"ok"}
{"monotonic_ns":2047252872,"wall_ns":1783105964964182164,"modifier":0,"keys":[0,0,0,0,0,0],"result":"ok"}
{"monotonic_ns":2054444206,"wall_ns":1783105964971244289,"modifier":0,"keys":[23,0,0,0,0,0],"result":"ok"}
{"monotonic_ns":2059466707,"wall_ns":1783105964976267665,"modifier":0,"keys":[0,0,0,0,0,0],"result":"ok"}
{"monotonic_ns":2067443791,"wall_ns":1783105964984244749,"modifier":0,"keys":[8,0,0,0,0,0],"result":"ok"}
{"monotonic_ns":2072692333,"wall_ns":1783105964989493875,"modifier":0,"keys":[0,0,0,0,0,0],"result":"ok"}
{"monotonic_ns":2081423084,"wall_ns":1783105964998223459,"modifier":0,"keys":[7,0,0,0,0,0],"result":"ok"}
{"monotonic_ns":2086413793,"wall_ns":1783105965003214751,"modifier":0,"keys":[0,0,0,0,0,0],"result":"ok"}
{"monotonic_ns":2094382710,"wall_ns":1783105965011182793,"modifier":0,"keys":[45,0,0,0,0,0],"result":"ok"}
{"monotonic_ns":2099408711,"wall_ns":1783105965016210252,"modifier":0,"keys":[0,0,0,0,0,0],"result":"ok"}
{"monotonic_ns":2107393086,"wall_ns":1783105965024194336,"modifier":0,"keys":[19,0,0,0,0,0],"result":"ok"}
{"monotonic_ns":2112453795,"wall_ns":1783105965029254754,"modifier":0,"keys":[0,0,0,0,0,0],"result":"ok"}
{"monotonic_ns":2121411171,"wall_ns":1783105965038211255,"modifier":0,"keys":[4,0,0,0,0,0],"result":"ok"}
{"monotonic_ns":2126484130,"wall_ns":1783105965043285088,"modifier":0,"keys":[0,0,0,0,0,0],"result":"ok"}
{"monotonic_ns":2134532089,"wall_ns":1783105965051333923,"modifier":0,"keys":[12,0,0,0,0,0],"result":"ok"}
{"monotonic_ns":2139357715,"wall_ns":1783105965056157798,"modifier":0,"keys":[0,0,0,0,0,0],"result":"ok"}
{"monotonic_ns":2147399257,"wall_ns":1783105965064199340,"modifier":0,"keys":[21,0,0,0,0,0],"result":"ok"}
{"monotonic_ns":2152420883,"wall_ns":1783105965069222424,"modifier":0,"keys":[0,0,0,0,0,0],"result":"ok"}
{"monotonic_ns":2161429300,"wall_ns":1783105965078229384,"modifier":0,"keys":[22,0,0,0,0,0],"result":"ok"}
{"monotonic_ns":2166530259,"wall_ns":1783105965083331217,"modifier":0,"keys":[0,0,0,0,0,0],"result":"ok"}
{"monotonic_ns":2174372010,"wall_ns":1783105965091172093,"modifier":0,"keys":[44,0,0,0,0,0],"result":"ok"}
{"monotonic_ns":2179438552,"wall_ns":1783105965096239510,"modifier":0,"keys":[0,0,0,0,0,0],"result":"ok"}
{"monotonic_ns":2187511011,"wall_ns":1783105965104312553,"modifier":0,"keys":[31,0,0,0,0,0],"result":"ok"}
{"monotonic_ns":2192410720,"wall_ns":1783105965109211678,"modifier":0,"keys":[0,0,0,0,0,0],"result":"ok"}
{"monotonic_ns":2201441888,"wall_ns":1783105965118242554,"modifier":2,"keys":[31,0,0,0,0,0],"result":"ok"}
{"monotonic_ns":2206470221,"wall_ns":1783105965123271180,"modifier":0,"keys":[0,0,0,0,0,0],"result":"ok"}
{"monotonic_ns":2214467722,"wall_ns":1783105965131267806,"modifier":0,"keys":[44,0,0,0,0,0],"result":"ok"}
{"monotonic_ns":2219474181,"wall_ns":1783105965136275431,"modifier":0,"keys":[0,0,0,0,0,0],"result":"ok"}
{"monotonic_ns":2227392349,"wall_ns":1783105965144193015,"modifier":0,"keys":[32,0,0,0,0,0],"result":"ok"}
{"monotonic_ns":2232517807,"wall_ns":1783105965149319057,"modifier":0,"keys":[0,0,0,0,0,0],"result":"ok"}
{"monotonic_ns":2241418892,"wall_ns":1783105965158218975,"modifier":2,"keys":[32,0,0,0,0,0],"result":"ok"}
{"monotonic_ns":2246411934,"wall_ns":1783105965163212600,"modifier":0,"keys":[0,0,0,0,0,0],"result":"ok"}
{"monotonic_ns":2254514435,"wall_ns":1783105965171315685,"modifier":0,"keys":[44,0,0,0,0,0],"result":"ok"}
{"monotonic_ns":2259428143,"wall_ns":1783105965176229393,"modifier":0,"keys":[0,0,0,0,0,0],"result":"ok"}
{"monotonic_ns":2267439936,"wall_ns":1783105965184240894,"modifier":0,"keys":[20,0,0,0,0,0],"result":"ok"}
{"monotonic_ns":2272585520,"wall_ns":1783105965189387061,"modifier":0,"keys":[0,0,0,0,0,0],"result":"ok"}
{"monotonic_ns":2281430604,"wall_ns":1783105965198231271,"modifier":0,"keys":[24,0,0,0,0,0],"result":"ok"}
{"monotonic_ns":2286423938,"wall_ns":1783105965203225188,"modifier":0,"keys":[0,0,0,0,0,0],"result":"ok"}
{"monotonic_ns":2294400730,"wall_ns":1783105965211201980,"modifier":0,"keys":[18,0,0,0,0,0],"result":"ok"}
{"monotonic_ns":2299452106,"wall_ns":1783105965216253356,"modifier":0,"keys":[0,0,0,0,0,0],"result":"ok"}
{"monotonic_ns":2307467107,"wall_ns":1783105965224268357,"modifier":0,"keys":[23,0,0,0,0,0],"result":"ok"}
{"monotonic_ns":2312449940,"wall_ns":1783105965229251190,"modifier":0,"keys":[0,0,0,0,0,0],"result":"ok"}
{"monotonic_ns":2321396233,"wall_ns":1783105965238196608,"modifier":0,"keys":[8,0,0,0,0,0],"result":"ok"}
{"monotonic_ns":2326717400,"wall_ns":1783105965243518067,"modifier":0,"keys":[0,0,0,0,0,0],"result":"ok"}
{"monotonic_ns":2334440151,"wall_ns":1783105965251240234,"modifier":2,"keys":[52,0,0,0,0,0],"result":"ok"}
{"monotonic_ns":2339436985,"wall_ns":1783105965256237651,"modifier":0,"keys":[0,0,0,0,0,0],"result":"ok"}
{"monotonic_ns":2347597527,"wall_ns":1783105965264400236,"modifier":0,"keys":[44,0,0,0,0,0],"result":"ok"}
{"monotonic_ns":2352415861,"wall_ns":1783105965269217694,"modifier":0,"keys":[0,0,0,0,0,0],"result":"ok"}
{"monotonic_ns":2361418154,"wall_ns":1783105965278219112,"modifier":0,"keys":[22,0,0,0,0,0],"result":"ok"}
{"monotonic_ns":2366473613,"wall_ns":1783105965283274863,"modifier":0,"keys":[0,0,0,0,0,0],"result":"ok"}
{"monotonic_ns":2374462363,"wall_ns":1783105965291263322,"modifier":0,"keys":[15,0,0,0,0,0],"result":"ok"}
{"monotonic_ns":2379502655,"wall_ns":1783105965296303905,"modifier":0,"keys":[0,0,0,0,0,0],"result":"ok"}
{"monotonic_ns":2387432781,"wall_ns":1783105965304234031,"modifier":0,"keys":[4,0,0,0,0,0],"result":"ok"}
{"monotonic_ns":2392415323,"wall_ns":1783105965309215698,"modifier":0,"keys":[0,0,0,0,0,0],"result":"ok"}
{"monotonic_ns":2401439491,"wall_ns":1783105965318240449,"modifier":0,"keys":[22,0,0,0,0,0],"result":"ok"}
{"monotonic_ns":2406460533,"wall_ns":1783105965323261492,"modifier":0,"keys":[0,0,0,0,0,0],"result":"ok"}
{"monotonic_ns":2414444326,"wall_ns":1783105965331244409,"modifier":0,"keys":[11,0,0,0,0,0],"result":"ok"}
{"monotonic_ns":2419540910,"wall_ns":1783105965336342451,"modifier":0,"keys":[0,0,0,0,0,0],"result":"ok"}
{"monotonic_ns":2427396660,"wall_ns":1783105965344197619,"modifier":0,"keys":[100,0,0,0,0,0],"result":"ok"}
{"monotonic_ns":2432483911,"wall_ns":1783105965349285744,"modifier":0,"keys":[0,0,0,0,0,0],"result":"ok"}
{"monotonic_ns":2441437495,"wall_ns":1783105965358237578,"modifier":0,"keys":[44,0,0,0,0,0],"result":"ok"}
{"monotonic_ns":2446452121,"wall_ns":1783105965363253371,"modifier":0,"keys":[0,0,0,0,0,0],"result":"ok"}
{"monotonic_ns":2454501538,"wall_ns":1783105965371302788,"modifier":0,"keys":[19,0,0,0,0,0],"result":"ok"}
{"monotonic_ns":2459434789,"wall_ns":1783105965376236330,"modifier":0,"keys":[0,0,0,0,0,0],"result":"ok"}
{"monotonic_ns":2467439873,"wall_ns":1783105965384240831,"modifier":0,"keys":[12,0,0,0,0,0],"result":"ok"}
{"monotonic_ns":2472409581,"wall_ns":1783105965389211123,"modifier":0,"keys":[0,0,0,0,0,0],"result":"ok"}
{"monotonic_ns":2481498499,"wall_ns":1783105965398299749,"modifier":0,"keys":[19,0,0,0,0,0],"result":"ok"}
{"monotonic_ns":2486456833,"wall_ns":1783105965403257791,"modifier":0,"keys":[0,0,0,0,0,0],"result":"ok"}
{"monotonic_ns":2494643334,"wall_ns":1783105965411443417,"modifier":0,"keys":[8,0,0,0,0,0],"result":"ok"}
{"monotonic_ns":2500518084,"wall_ns":1783105965417319334,"modifier":0,"keys":[0,0,0,0,0,0],"result":"ok"}
{"monotonic_ns":2508099960,"wall_ns":1783105965424901210,"modifier":2,"keys":[100,0,0,0,0,0],"result":"ok"}
{"monotonic_ns":2513487919,"wall_ns":1783105965430289461,"modifier":0,"keys":[0,0,0,0,0,0],"result":"ok"}
{"monotonic_ns":2521410461,"wall_ns":1783105965438210836,"modifier":0,"keys":[44,0,0,0,0,0],"result":"ok"}
{"monotonic_ns":2526470004,"wall_ns":1783105965443271254,"modifier":0,"keys":[0,0,0,0,0,0],"result":"ok"}
{"monotonic_ns":2534450296,"wall_ns":1783105965451250379,"modifier":0,"keys":[11,0,0,0,0,0],"result":"ok"}
{"monotonic_ns":2539435463,"wall_ns":1783105965456236713,"modifier":0,"keys":[0,0,0,0,0,0],"result":"ok"}
{"monotonic_ns":2547446089,"wall_ns":1783105965464247047,"modifier":0,"keys":[4,0,0,0,0,0],"result":"ok"}
{"monotonic_ns":2552442631,"wall_ns":1783105965469243881,"modifier":0,"keys":[0,0,0,0,0,0],"result":"ok"}
{"monotonic_ns":2561418674,"wall_ns":1783105965478219340,"modifier":0,"keys":[22,0,0,0,0,0],"result":"ok"}
{"monotonic_ns":2566465383,"wall_ns":1783105965483266633,"modifier":0,"keys":[0,0,0,0,0,0],"result":"ok"}
{"monotonic_ns":2574460842,"wall_ns":1783105965491261800,"modifier":0,"keys":[11,0,0,0,0,0],"result":"ok"}
{"monotonic_ns":2579479259,"wall_ns":1783105965496280217,"modifier":0,"keys":[0,0,0,0,0,0],"result":"ok"}
{"monotonic_ns":2587540343,"wall_ns":1783105965504341010,"modifier":0,"keys":[49,0,0,0,0,0],"result":"ok"}
{"monotonic_ns":2592407094,"wall_ns":1783105965509208635,"modifier":0,"keys":[0,0,0,0,0,0],"result":"ok"}
{"monotonic_ns":2601434178,"wall_ns":1783105965518235136,"modifier":0,"keys":[44,0,0,0,0,0],"result":"ok"}
{"monotonic_ns":2606641303,"wall_ns":1783105965523442553,"modifier":0,"keys":[0,0,0,0,0,0],"result":"ok"}
{"monotonic_ns":2614449221,"wall_ns":1783105965531249304,"modifier":0,"keys":[23,0,0,0,0,0],"result":"ok"}
{"monotonic_ns":2619513721,"wall_ns":1783105965536314971,"modifier":0,"keys":[0,0,0,0,0,0],"result":"ok"}
{"monotonic_ns":2627447930,"wall_ns":1783105965544248889,"modifier":0,"keys":[12,0,0,0,0,0],"result":"ok"}
{"monotonic_ns":2632455556,"wall_ns":1783105965549257098,"modifier":0,"keys":[0,0,0,0,0,0],"result":"ok"}
{"monotonic_ns":2641429557,"wall_ns":1783105965558230223,"modifier":0,"keys":[15,0,0,0,0,0],"result":"ok"}
{"monotonic_ns":2646425224,"wall_ns":1783105965563226182,"modifier":0,"keys":[0,0,0,0,0,0],"result":"ok"}
{"monotonic_ns":2654434683,"wall_ns":1783105965571235933,"modifier":0,"keys":[7,0,0,0,0,0],"result":"ok"}
{"monotonic_ns":2659718225,"wall_ns":1783105965576519184,"modifier":0,"keys":[0,0,0,0,0,0],"result":"ok"}
{"monotonic_ns":2667768809,"wall_ns":1783105965584568893,"modifier":0,"keys":[8,0,0,0,0,0],"result":"ok"}
{"monotonic_ns":2673484310,"wall_ns":1783105965590285560,"modifier":0,"keys":[0,0,0,0,0,0],"result":"ok"}
{"monotonic_ns":2681454394,"wall_ns":1783105965598255061,"modifier":2,"keys":[49,0,0,0,0,0],"result":"ok"}
{"monotonic_ns":2686583645,"wall_ns":1783105965603385186,"modifier":0,"keys":[0,0,0,0,0,0],"result":"ok"}
{"monotonic_ns":2694432104,"wall_ns":1783105965611232479,"modifier":0,"keys":[0,0,0,0,0,0],"result":"ok"}
