{"monotonic_ns":32383148920,"wall_ns":1783096194944866165,"modifier":2,"keys":[0,0,0,0,0,0],"result":"ok"}
{"monotonic_ns":32434896716,"wall_ns":1783096194996613378,"modifier":0,"keys":[0,0,0,0,0,0],"result":"ok"}
{"monotonic_ns":32938854767,"wall_ns":1783096195500572596,"modifier":0,"keys":[0,0,0,0,0,0],"result":"ok"}
{"monotonic_ns":32939866850,"wall_ns":1783096195501584679,"modifier":1,"keys":[4,0,0,0,0,0],"result":"ok"}
{"monotonic_ns":32969087478,"wall_ns":1783096195530805307,"modifier":0,"keys":[0,0,0,0,0,0],"result":"ok"}
{"monotonic_ns":33019416900,"wall_ns":1783096195581134437,"modifier":0,"keys":[76,0,0,0,0,0],"result":"ok"}
{"monotonic_ns":33050187737,"wall_ns":1783096195611904690,"modifier":0,"keys":[0,0,0,0,0,0],"result":"ok"}
{"monotonic_ns":33349503100,"wall_ns":1783096195911220345,"modifier":0,"keys":[0,0,0,0,0,0],"result":"ok"}
{"monotonic_ns":33349825100,"wall_ns":1783096195911542929,"modifier":0,"keys":[18,0,0,0,0,0],"result":"ok"}
{"monotonic_ns":33354437225,"wall_ns":1783096195916155054,"modifier":0,"keys":[0,0,0,0,0,0],"result":"ok"}
{"monotonic_ns":33360105476,"wall_ns":1783096195921822721,"modifier":0,"keys":[21,0,0,0,0,0],"result":"ok"}
{"monotonic_ns":33365744560,"wall_ns":1783096195927460930,"modifier":0,"keys":[0,0,0,0,0,0],"result":"ok"}
{"monotonic_ns":33370950519,"wall_ns":1783096195932667472,"modifier":0,"keys":[6,0,0,0,0,0],"result":"ok"}
{"monotonic_ns":33376862603,"wall_ns":1783096195938579556,"modifier":0,"keys":[0,0,0,0,0,0],"result":"ok"}
{"monotonic_ns":33382005270,"wall_ns":1783096195943722807,"modifier":0,"keys":[11,0,0,0,0,0],"result":"ok"}
{"monotonic_ns":33386950479,"wall_ns":1783096195948668016,"modifier":0,"keys":[0,0,0,0,0,0],"result":"ok"}
{"monotonic_ns":33393596688,"wall_ns":1783096195955313933,"modifier":0,"keys":[8,0,0,0,0,0],"result":"ok"}
{"monotonic_ns":33398312647,"wall_ns":1783096195960030184,"modifier":0,"keys":[0,0,0,0,0,0],"result":"ok"}
{"monotonic_ns":33404725522,"wall_ns":1783096195966442768,"modifier":0,"keys":[22,0,0,0,0,0],"result":"ok"}
{"monotonic_ns":33409775439,"wall_ns":1783096195971492976,"modifier":0,"keys":[0,0,0,0,0,0],"result":"ok"}
{"monotonic_ns":33414978190,"wall_ns":1783096195976695144,"modifier":0,"keys":[23,0,0,0,0,0],"result":"ok"}
{"monotonic_ns":33420781482,"wall_ns":1783096195982499602,"modifier":0,"keys":[0,0,0,0,0,0],"result":"ok"}
{"monotonic_ns":33426793899,"wall_ns":1783096195988511145,"modifier":0,"keys":[21,0,0,0,0,0],"result":"ok"}
{"monotonic_ns":33431719858,"wall_ns":1783096195993437104,"modifier":0,"keys":[0,0,0,0,0,0],"result":"ok"}
{"monotonic_ns":33436991442,"wall_ns":1783096195998708979,"modifier":0,"keys":[4,0,0,0,0,0],"result":"ok"}
{"monotonic_ns":33443135693,"wall_ns":1783096196004853521,"modifier":0,"keys":[0,0,0,0,0,0],"result":"ok"}
{"monotonic_ns":33447925152,"wall_ns":1783096196009641814,"modifier":0,"keys":[23,0,0,0,0,0],"result":"ok"}
{"monotonic_ns":33453211610,"wall_ns":1783096196014928856,"modifier":0,"keys":[0,0,0,0,0,0],"result":"ok"}
{"monotonic_ns":33459988194,"wall_ns":1783096196021705148,"modifier":0,"keys":[18,0,0,0,0,0],"result":"ok"}
{"monotonic_ns":33464415112,"wall_ns":1783096196026132357,"modifier":0,"keys":[0,0,0,0,0,0],"result":"ok"}
{"monotonic_ns":33470501320,"wall_ns":1783096196032219149,"modifier":0,"keys":[21,0,0,0,0,0],"result":"ok"}
{"monotonic_ns":33475177321,"wall_ns":1783096196036895150,"modifier":0,"keys":[0,0,0,0,0,0],"result":"ok"}
{"monotonic_ns":33481257405,"wall_ns":1783096196042975234,"modifier":0,"keys":[44,0,0,0,0,0],"result":"ok"}
{"monotonic_ns":33486464822,"wall_ns":1783096196048182942,"modifier":0,"keys":[0,0,0,0,0,0],"result":"ok"}
{"monotonic_ns":33493614448,"wall_ns":1783096196055331985,"modifier":0,"keys":[11,0,0,0,0,0],"result":"ok"}
{"monotonic_ns":33497834865,"wall_ns":1783096196059552694,"modifier":0,"keys":[0,0,0,0,0,0],"result":"ok"}
{"monotonic_ns":33502883907,"wall_ns":1783096196064601152,"modifier":0,"keys":[8,0,0,0,0,0],"result":"ok"}
{"monotonic_ns":33507923908,"wall_ns":1783096196069641445,"modifier":0,"keys":[0,0,0,0,0,0],"result":"ok"}
{"monotonic_ns":33514488158,"wall_ns":1783096196076204820,"modifier":0,"keys":[15,0,0,0,0,0],"result":"ok"}
{"monotonic_ns":33519802617,"wall_ns":1783096196081520446,"modifier":0,"keys":[0,0,0,0,0,0],"result":"ok"}
{"monotonic_ns":33524899784,"wall_ns":1783096196086616738,"modifier":0,"keys":[15,0,0,0,0,0],"result":"ok"}
{"monotonic_ns":33531240618,"wall_ns":1783096196092958155,"modifier":0,"keys":[0,0,0,0,0,0],"result":"ok"}
{"monotonic_ns":33535861785,"wall_ns":1783096196097579322,"modifier":0,"keys":[18,0,0,0,0,0],"result":"ok"}
{"monotonic_ns":33541263161,"wall_ns":1783096196102981281,"modifier":0,"keys":[0,0,0,0,0,0],"result":"ok"}
{"monotonic_ns":33547911120,"wall_ns":1783096196109628657,"modifier":0,"keys":[40,0,0,0,0,0],"result":"ok"}
{"monotonic_ns":33551843662,"wall_ns":1783096196113561782,"modifier":0,"keys":[0,0,0,0,0,0],"result":"ok"}
