{"monotonic_ns":1213625,"wall_ns":1783105948445428837,"modifier":0,"keys":[0,0,0,0,0,0],"result":"ok"}
{"monotonic_ns":2498417,"wall_ns":1783105948446713629,"modifier":1,"keys":[4,0,0,0,0,0],"result":"ok"}
{"monotonic_ns":34126462,"wall_ns":1783105948478343716,"modifier":0,"keys":[0,0,0,0,0,0],"result":"ok"}
{"monotonic_ns":84900967,"wall_ns":1783105948529117054,"modifier":0,"keys":[76,0,0,0,0,0],"result":"ok"}
{"monotonic_ns":115875095,"wall_ns":1783105948560091474,"modifier":0,"keys":[0,0,0,0,0,0],"result":"ok"}
{"monotonic_ns":467254422,"wall_ns":1783105948911469343,"modifier":0,"keys":[0,0,0,0,0,0],"result":"ok"}
{"monotonic_ns":467747631,"wall_ns":1783105948911962551,"modifier":2,"keys":[15,0,0,0,0,0],"result":"ok"}
{"monotonic_ns":472698964,"wall_ns":1783105948916914760,"modifier":0,"keys":[0,0,0,0,0,0],"result":"ok"}
{"monotonic_ns":481711757,"wall_ns":1783105948925926969,"modifier":0,"keys":[39,0,0,0,0,0],"result":"ok"}
{"monotonic_ns":486693716,"wall_ns":1783105948930908636,"modifier":0,"keys":[0,0,0,0,0,0],"result":"ok"}
{"monotonic_ns":494745175,"wall_ns":1783105948938960679,"modifier":0,"keys":[39,0,0,0,0,0],"result":"ok"}
{"monotonic_ns":499762426,"wall_ns":1783105948943977346,"modifier":0,"keys":[0,0,0,0,0,0],"result":"ok"}
{"monotonic_ns":508700260,"wall_ns":1783105948952916055,"modifier":0,"keys":[39,0,0,0,0,0],"result":"ok"}
{"monotonic_ns":513754844,"wall_ns":1783105948957970639,"modifier":0,"keys":[0,0,0,0,0,0],"result":"ok"}
{"monotonic_ns":521738928,"wall_ns":1783105948965953848,"modifier":0,"keys":[39,0,0,0,0,0],"result":"ok"}
{"monotonic_ns":526900845,"wall_ns":1783105948971117515,"modifier":0,"keys":[0,0,0,0,0,0],"result":"ok"}
{"monotonic_ns":534856346,"wall_ns":1783105948979072433,"modifier":0,"keys":[44,0,0,0,0,0],"result":"ok"}
{"monotonic_ns":539767721,"wall_ns":1783105948983983808,"modifier":0,"keys":[0,0,0,0,0,0],"result":"ok"}
{"monotonic_ns":548700597,"wall_ns":1783105948992915517,"modifier":0,"keys":[8,0,0,0,0,0],"result":"ok"}
{"monotonic_ns":553774723,"wall_ns":1783105948997990518,"modifier":0,"keys":[0,0,0,0,0,0],"result":"ok"}
{"monotonic_ns":561722640,"wall_ns":1783105949005938144,"modifier":0,"keys":[16,0,0,0,0,0],"result":"ok"}
{"monotonic_ns":566785682,"wall_ns":1783105949011001478,"modifier":0,"keys":[0,0,0,0,0,0],"result":"ok"}
{"monotonic_ns":574744100,"wall_ns":1783105949018959895,"modifier":0,"keys":[19,0,0,0,0,0],"result":"ok"}
{"monotonic_ns":579903392,"wall_ns":1783105949024119479,"modifier":0,"keys":[0,0,0,0,0,0],"result":"ok"}
{"monotonic_ns":588723684,"wall_ns":1783105949032938605,"modifier":0,"keys":[12,0,0,0,0,0],"result":"ok"}
{"monotonic_ns":593790810,"wall_ns":1783105949038006605,"modifier":0,"keys":[0,0,0,0,0,0],"result":"ok"}
{"monotonic_ns":601740477,"wall_ns":1783105949045955689,"modifier":0,"keys":[21,0,0,0,0,0],"result":"ok"}
{"monotonic_ns":607823478,"wall_ns":1783105949052038982,"modifier":0,"keys":[0,0,0,0,0,0],"result":"ok"}
{"monotonic_ns":614754062,"wall_ns":1783105949058969274,"modifier":0,"keys":[12,0,0,0,0,0],"result":"ok"}
{"monotonic_ns":619799896,"wall_ns":1783105949064014816,"modifier":0,"keys":[0,0,0,0,0,0],"result":"ok"}
{"monotonic_ns":628804230,"wall_ns":1783105949073037525,"modifier":0,"keys":[6,0,0,0,0,0],"result":"ok"}
{"monotonic_ns":634042856,"wall_ns":1783105949078259818,"modifier":0,"keys":[0,0,0,0,0,0],"result":"ok"}
{"monotonic_ns":641727981,"wall_ns":1783105949085944360,"modifier":0,"keys":[4,0,0,0,0,0],"result":"ok"}
{"monotonic_ns":646786649,"wall_ns":1783105949091002736,"modifier":0,"keys":[0,0,0,0,0,0],"result":"ok"}
{"monotonic_ns":654783566,"wall_ns":1783105949098998486,"modifier":0,"keys":[15,0,0,0,0,0],"result":"ok"}
{"monotonic_ns":659922442,"wall_ns":1783105949104138529,"modifier":0,"keys":[0,0,0,0,0,0],"result":"ok"}
{"monotonic_ns":668715026,"wall_ns":1783105949112930529,"modifier":0,"keys":[45,0,0,0,0,0],"result":"ok"}
{"monotonic_ns":673784776,"wall_ns":1783105949118000572,"modifier":0,"keys":[0,0,0,0,0,0],"result":"ok"}
{"monotonic_ns":682066944,"wall_ns":1783105949126283031,"modifier":0,"keys":[15,0,0,0,0,0],"result":"ok"}
{"monotonic_ns":687816278,"wall_ns":1783105949132032656,"modifier":0,"keys":[0,0,0,0,0,0],"result":"ok"}
{"monotonic_ns":694739570,"wall_ns":1783105949138955365,"modifier":0,"keys":[4,0,0,0,0,0],"result":"ok"}
{"monotonic_ns":699802029,"wall_ns":1783105949144017824,"modifier":0,"keys":[0,0,0,0,0,0],"result":"ok"}
{"monotonic_ns":708751530,"wall_ns":1783105949152967325,"modifier":0,"keys":[28,0,0,0,0,0],"result":"ok"}
{"monotonic_ns":713792114,"wall_ns":1783105949158008201,"modifier":0,"keys":[0,0,0,0,0,0],"result":"ok"}
{"monotonic_ns":721731864,"wall_ns":1783105949165947951,"modifier":0,"keys":[18,0,0,0,0,0],"result":"ok"}
{"monotonic_ns":726789948,"wall_ns":1783105949171006035,"modifier":0,"keys":[0,0,0,0,0,0],"result":"ok"}
{"monotonic_ns":734789199,"wall_ns":1783105949179004994,"modifier":0,"keys":[24,0,0,0,0,0],"result":"ok"}
{"monotonic_ns":740007408,"wall_ns":1783105949184223787,"modifier":0,"keys":[0,0,0,0,0,0],"result":"ok"}
{"monotonic_ns":748713951,"wall_ns":1783105949192929746,"modifier":0,"keys":[23,0,0,0,0,0],"result":"ok"}
{"monotonic_ns":753772909,"wall_ns":1783105949197988705,"modifier":0,"keys":[0,0,0,0,0,0],"result":"ok"}
{"monotonic_ns":761753494,"wall_ns":1783105949205968414,"modifier":0,"keys":[45,0,0,0,0,0],"result":"ok"}
{"monotonic_ns":766782411,"wall_ns":1783105949210998206,"modifier":0,"keys":[0,0,0,0,0,0],"result":"ok"}
{"monotonic_ns":774747245,"wall_ns":1783105949218963040,"modifier":0,"keys":[19,0,0,0,0,0],"result":"ok"}
{"monotonic_ns":779794245,"wall_ns":1783105949224009166,"modifier":0,"keys":[0,0,0,0,0,0],"result":"ok"}
{"monotonic_ns":788712246,"wall_ns":1783105949232927167,"modifier":0,"keys":[21,0,0,0,0,0],"result":"ok"}
{"monotonic_ns":793793955,"wall_ns":1783105949238009750,"modifier":0,"keys":[0,0,0,0,0,0],"result":"ok"}
{"monotonic_ns":801728748,"wall_ns":1783105949245944251,"modifier":0,"keys":[18,0,0,0,0,0],"result":"ok"}
{"monotonic_ns":806783040,"wall_ns":1783105949250998252,"modifier":0,"keys":[0,0,0,0,0,0],"result":"ok"}
{"monotonic_ns":814754582,"wall_ns":1783105949258970378,"modifier":0,"keys":[5,0,0,0,0,0],"result":"ok"}
{"monotonic_ns":819751124,"wall_ns":1783105949263966920,"modifier":0,"keys":[0,0,0,0,0,0],"result":"ok"}
{"monotonic_ns":828763334,"wall_ns":1783105949272978254,"modifier":0,"keys":[8,0,0,0,0,0],"result":"ok"}
{"monotonic_ns":833749667,"wall_ns":1783105949277964879,"modifier":0,"keys":[0,0,0,0,0,0],"result":"ok"}
{"monotonic_ns":841720043,"wall_ns":1783105949285934964,"modifier":0,"keys":[44,0,0,0,0,0],"result":"ok"}
{"monotonic_ns":846834419,"wall_ns":1783105949291049922,"modifier":0,"keys":[0,0,0,0,0,0],"result":"ok"}
{"monotonic_ns":854855836,"wall_ns":1783105949299071923,"modifier":2,"keys":[24,0,0,0,0,0],"result":"ok"}
{"monotonic_ns":859772170,"wall_ns":1783105949303988257,"modifier":0,"keys":[0,0,0,0,0,0],"result":"ok"}
{"monotonic_ns":868727796,"wall_ns":1783105949312943591,"modifier":2,"keys":[14,0,0,0,0,0],"result":"ok"}
{"monotonic_ns":873793171,"wall_ns":1783105949318008383,"modifier":0,"keys":[0,0,0,0,0,0],"result":"ok"}
{"monotonic_ns":881741964,"wall_ns":1783105949325957176,"modifier":0,"keys":[44,0,0,0,0,0],"result":"ok"}
{"monotonic_ns":886870631,"wall_ns":1783105949331086426,"modifier":0,"keys":[0,0,0,0,0,0],"result":"ok"}
{"monotonic_ns":894743007,"wall_ns":1783105949338958511,"modifier":0,"keys":[22,0,0,0,0,0],"result":"ok"}
{"monotonic_ns":899817716,"wall_ns":1783105949344033511,"modifier":0,"keys":[0,0,0,0,0,0],"result":"ok"}
{"monotonic_ns":908738925,"wall_ns":1783105949352953845,"modifier":0,"keys":[28,0,0,0,0,0],"result":"ok"}
{"monotonic_ns":914730634,"wall_ns":1783105949358946429,"modifier":0,"keys":[0,0,0,0,0,0],"result":"ok"}
{"monotonic_ns":921725093,"wall_ns":1783105949365940888,"modifier":0,"keys":[16,0,0,0,0,0],"result":"ok"}
{"monotonic_ns":926782010,"wall_ns":1783105949370998097,"modifier":0,"keys":[0,0,0,0,0,0],"result":"ok"}
{"monotonic_ns":934751219,"wall_ns":1783105949378967015,"modifier":0,"keys":[5,0,0,0,0,0],"result":"ok"}
{"monotonic_ns":939801720,"wall_ns":1783105949384017223,"modifier":0,"keys":[0,0,0,0,0,0],"result":"ok"}
{"monotonic_ns":948801679,"wall_ns":1783105949393016599,"modifier":0,"keys":[18,0,0,0,0,0],"result":"ok"}
{"monotonic_ns":953802888,"wall_ns":1783105949398018683,"modifier":0,"keys":[0,0,0,0,0,0],"result":"ok"}
{"monotonic_ns":961985597,"wall_ns":1783105949406201976,"modifier":0,"keys":[15,0,0,0,0,0],"result":"ok"}
{"monotonic_ns":967779264,"wall_ns":1783105949411995351,"modifier":0,"keys":[0,0,0,0,0,0],"result":"ok"}
{"monotonic_ns":974756223,"wall_ns":1783105949418972310,"modifier":0,"keys":[22,0,0,0,0,0],"result":"ok"}
{"monotonic_ns":979808474,"wall_ns":1783105949424024561,"modifier":0,"keys":[0,0,0,0,0,0],"result":"ok"}
{"monotonic_ns":988761766,"wall_ns":1783105949432977562,"modifier":0,"keys":[44,0,0,0,0,0],"result":"ok"}
{"monotonic_ns":993788933,"wall_ns":1783105949438004145,"modifier":0,"keys":[0,0,0,0,0,0],"result":"ok"}
{"monotonic_ns":1001745601,"wall_ns":1783105949445960521,"modifier":2,"keys":[52,0,0,0,0,0],"result":"ok"}
{"monotonic_ns":1006802518,"wall_ns":1783105949451018605,"modifier":0,"keys":[0,0,0,0,0,0],"result":"ok"}
{"monotonic_ns":1014829477,"wall_ns":1783105949459044398,"modifier":0,"keys":[44,0,0,0,0,0],"result":"ok"}
{"monotonic_ns":1019759519,"wall_ns":1783105949463975315,"modifier":0,"keys":[0,0,0,0,0,0],"result":"ok"}
{"monotonic_ns":1028755395,"wall_ns":1783105949472970316,"modifier":2,"keys":[31,0,0,0,0,0],"result":"ok"}
{"monotonic_ns":1033798604,"wall_ns":1783105949478013525,"modifier":0,"keys":[0,0,0,0,0,0],"result":"ok"}
{"monotonic_ns":1041745647,"wall_ns":1783105949485960567,"modifier":0,"keys":[44,0,0,0,0,0],"result":"ok"}
{"monotonic_ns":1046784772,"wall_ns":1783105949491000859,"modifier":0,"keys":[0,0,0,0,0,0],"result":"ok"}
{"monotonic_ns":1054757481,"wall_ns":1783105949498972693,"modifier":0,"keys":[49,0,0,0,0,0],"result":"ok"}
{"monotonic_ns":1059801857,"wall_ns":1783105949504017652,"modifier":0,"keys":[0,0,0,0,0,0],"result":"ok"}
{"monotonic_ns":1068712566,"wall_ns":1783105949512928070,"modifier":0,"keys":[44,0,0,0,0,0],"result":"ok"}
{"monotonic_ns":1073786400,"wall_ns":1783105949518002195,"modifier":0,"keys":[0,0,0,0,0,0],"result":"ok"}
{"monotonic_ns":1081728484,"wall_ns":1783105949525943404,"modifier":2,"keys":[49,0,0,0,0,0],"result":"ok"}
{"monotonic_ns":1086731151,"wall_ns":1783105949530946946,"modifier":0,"keys":[0,0,0,0,0,0],"result":"ok"}
{"monotonic_ns":1094759860,"wall_ns":1783105949538974781,"modifier":0,"keys":[44,0,0,0,0,0],"result":"ok"}
{"monotonic_ns":1099772736,"wall_ns":1783105949543988531,"modifier":0,"keys":[0,0,0,0,0,0],"result":"ok"}
{"monotonic_ns":1108753445,"wall_ns":1783105949552968949,"modifier":0,"keys":[100,0,0,0,0,0],"result":"ok"}
{"monotonic_ns":1113779446,"wall_ns":1783105949557995241,"modifier":0,"keys":[0,0,0,0,0,0],"result":"ok"}
{"monotonic_ns":1121734071,"wall_ns":1783105949565949867,"modifier":0,"keys":[44,0,0,0,0,0],"result":"ok"}
{"monotonic_ns":1126954905,"wall_ns":1783105949571170701,"modifier":0,"keys":[0,0,0,0,0,0],"result":"ok"}
{"monotonic_ns":1134753781,"wall_ns":1783105949578969868,"modifier":2,"keys":[100,0,0,0,0,0],"result":"ok"}
{"monotonic_ns":1139736906,"wall_ns":1783105949583952702,"modifier":0,"keys":[0,0,0,0,0,0],"result":"ok"}
{"monotonic_ns":1148764282,"wall_ns":1783105949592979494,"modifier":0,"keys":[44,0,0,0,0,0],"result":"ok"}
{"monotonic_ns":1154231866,"wall_ns":1783105949598447662,"modifier":0,"keys":[0,0,0,0,0,0],"result":"ok"}
{"monotonic_ns":1162081492,"wall_ns":1783105949606297287,"modifier":2,"keys":[32,0,0,0,0,0],"result":"ok"}
{"monotonic_ns":1167099909,"wall_ns":1783105949611315705,"modifier":0,"keys":[0,0,0,0,0,0],"result":"ok"}
{"monotonic_ns":1174906077,"wall_ns":1783105949619121872,"modifier":0,"keys":[44,0,0,0,0,0],"result":"ok"}
{"monotonic_ns":1179718869,"wall_ns":1783105949623934664,"modifier":0,"keys":[0,0,0,0,0,0],"result":"ok"}
{"monotonic_ns":1188772495,"wall_ns":1783105949632988290,"modifier":2,"keys":[54,0,0,0,0,0],"result":"ok"}
{"monotonic_ns":1193667245,"wall_ns":1783105949637882457,"modifier":0,"keys":[0,0,0,0,0,0],"result":"ok"}
{"monotonic_ns":1201739996,"wall_ns":1783105949645955791,"modifier":2,"keys":[55,0,0,0,0,0],"result":"ok"}
{"monotonic_ns":1206794872,"wall_ns":1783105949651010375,"modifier":0,"keys":[0,0,0,0,0,0],"result":"ok"}
{"monotonic_ns":1214774289,"wall_ns":1783105949658990084,"modifier":0,"keys":[44,0,0,0,0,0],"result":"ok"}
{"monotonic_ns":1219884290,"wall_ns":1783105949664100668,"modifier":0,"keys":[0,0,0,0,0,0],"result":"ok"}
{"monotonic_ns":1228761165,"wall_ns":1783105949672976961,"modifier":0,"keys":[8,0,0,0,0,0],"result":"ok"}
{"monotonic_ns":1233753624,"wall_ns":1783105949677969711,"modifier":0,"keys":[0,0,0,0,0,0],"result":"ok"}
{"monotonic_ns":1241732750,"wall_ns":1783105949685947670,"modifier":0,"keys":[17,0,0,0,0,0],"result":"ok"}
{"monotonic_ns":1246710626,"wall_ns":1783105949690926713,"modifier":0,"keys":[0,0,0,0,0,0],"result":"ok"}
{"monotonic_ns":1254739626,"wall_ns":1783105949698955422,"modifier":0,"keys":[7,0,0,0,0,0],"result":"ok"}
{"monotonic_ns":1259800627,"wall_ns":1783105949704016422,"modifier":0,"keys":[0,0,0,0,0,0],"result":"ok"}
{"monotonic_ns":1268776961,"wall_ns":1783105949712992756,"modifier":0,"keys":[40,0,0,0,0,0],"result":"ok"}
{"monotonic_ns":1273839420,"wall_ns":1783105949718055215,"modifier":0,"keys":[0,0,0,0,0,0],"result":"ok"}
{"monotonic_ns":1281846254,"wall_ns":1783105949726063216,"modifier":2,"keys":[15,0,0,0,0,0],"result":"ok"}
{"monotonic_ns":1286787671,"wall_ns":1783105949731003467,"modifier":0,"keys":[0,0,0,0,0,0],"result":"ok"}
{"monotonic_ns":1294795380,"wall_ns":1783105949739010301,"modifier":0,"keys":[39,0,0,0,0,0],"result":"ok"}
{"monotonic_ns":1300059964,"wall_ns":1783105949744276051,"modifier":0,"keys":[0,0,0,0,0,0],"result":"ok"}
{"monotonic_ns":1307974340,"wall_ns":1783105949752189260,"modifier":0,"keys":[39,0,0,0,0,0],"result":"ok"}
{"monotonic_ns":1312783924,"wall_ns":1783105949756998844,"modifier":0,"keys":[0,0,0,0,0,0],"result":"ok"}
{"monotonic_ns":1321764341,"wall_ns":1783105949765980137,"modifier":0,"keys":[39,0,0,0,0,0],"result":"ok"}
{"monotonic_ns":1326783925,"wall_ns":1783105949771000304,"modifier":0,"keys":[0,0,0,0,0,0],"result":"ok"}
{"monotonic_ns":1334758968,"wall_ns":1783105949778973888,"modifier":0,"keys":[30,0,0,0,0,0],"result":"ok"}
{"monotonic_ns":1339804510,"wall_ns":1783105949784020597,"modifier":0,"keys":[0,0,0,0,0,0],"result":"ok"}
{"monotonic_ns":1348735344,"wall_ns":1783105949792951139,"modifier":0,"keys":[44,0,0,0,0,0],"result":"ok"}
{"monotonic_ns":1353805095,"wall_ns":1783105949798020015,"modifier":0,"keys":[0,0,0,0,0,0],"result":"ok"}
{"monotonic_ns":1361720637,"wall_ns":1783105949805936432,"modifier":0,"keys":[21,0,0,0,0,0],"result":"ok"}
{"monotonic_ns":1366779013,"wall_ns":1783105949810994808,"modifier":0,"keys":[0,0,0,0,0,0],"result":"ok"}
{"monotonic_ns":1374754347,"wall_ns":1783105949818969850,"modifier":0,"keys":[8,0,0,0,0,0],"result":"ok"}
{"monotonic_ns":1379783264,"wall_ns":1783105949823998184,"modifier":0,"keys":[0,0,0,0,0,0],"result":"ok"}
{"monotonic_ns":1388779723,"wall_ns":1783105949832994644,"modifier":0,"keys":[19,0,0,0,0,0],"result":"ok"}
{"monotonic_ns":1393752057,"wall_ns":1783105949837967852,"modifier":0,"keys":[0,0,0,0,0,0],"result":"ok"}
{"monotonic_ns":1401725058,"wall_ns":1783105949845939978,"modifier":0,"keys":[8,0,0,0,0,0],"result":"ok"}
{"monotonic_ns":1406804725,"wall_ns":1783105949851021104,"modifier":0,"keys":[0,0,0,0,0,0],"result":"ok"}
{"monotonic_ns":1414754101,"wall_ns":1783105949858969896,"modifier":0,"keys":[4,0,0,0,0,0],"result":"ok"}
{"monotonic_ns":1419817435,"wall_ns":1783105949864032938,"modifier":0,"keys":[0,0,0,0,0,0],"result":"ok"}
{"monotonic_ns":1428757019,"wall_ns":1783105949872972814,"modifier":0,"keys":[23,0,0,0,0,0],"result":"ok"}
{"monotonic_ns":1433773103,"wall_ns":1783105949877988898,"modifier":0,"keys":[0,0,0,0,0,0],"result":"ok"}
{"monotonic_ns":1441730937,"wall_ns":1783105949885946732,"modifier":0,"keys":[22,0,0,0,0,0],"result":"ok"}
{"monotonic_ns":1446914729,"wall_ns":1783105949891130524,"modifier":0,"keys":[0,0,0,0,0,0],"result":"ok"}
{"monotonic_ns":1454753563,"wall_ns":1783105949898969358,"modifier":0,"keys":[44,0,0,0,0,0],"result":"ok"}
{"monotonic_ns":1459798522,"wall_ns":1783105949904014609,"modifier":0,"keys":[0,0,0,0,0,0],"result":"ok"}
{"monotonic_ns":1468745981,"wall_ns":1783105949912961193,"modifier":2,"keys":[52,0,0,0,0,0],"result":"ok"}
{"monotonic_ns":1473718607,"wall_ns":1783105949917934694,"modifier":0,"keys":[0,0,0,0,0,0],"result":"ok"}
{"monotonic_ns":1481735358,"wall_ns":1783105949925950570,"modifier":2,"keys":[52,0,0,0,0,0],"result":"ok"}
{"monotonic_ns":1486797816,"wall_ns":1783105949931013903,"modifier":0,"keys":[0,0,0,0,0,0],"result":"ok"}
{"monotonic_ns":1494823900,"wall_ns":1783105949939039696,"modifier":2,"keys":[52,0,0,0,0,0],"result":"ok"}
{"monotonic_ns":1499892776,"wall_ns":1783105949944109155,"modifier":0,"keys":[0,0,0,0,0,0],"result":"ok"}
{"monotonic_ns":1508796194,"wall_ns":1783105949953011114,"modifier":0,"keys":[44,0,0,0,0,0],"result":"ok"}
{"monotonic_ns":1513793611,"wall_ns":1783105949958009698,"modifier":0,"keys":[0,0,0,0,0,0],"result":"ok"}
{"monotonic_ns":1521758737,"wall_ns":1783105949965975115,"modifier":2,"keys":[31,0,0,0,0,0],"result":"ok"}
{"monotonic_ns":1526804570,"wall_ns":1783105949971020657,"modifier":0,"keys":[0,0,0,0,0,0],"result":"ok"}
{"monotonic_ns":1534760071,"wall_ns":1783105949978975283,"modifier":2,"keys":[31,0,0,0,0,0],"result":"ok"}
{"monotonic_ns":1539920822,"wall_ns":1783105949984136909,"modifier":0,"keys":[0,0,0,0,0,0],"result":"ok"}
{"monotonic_ns":1548718364,"wall_ns":1783105949992933868,"modifier":2,"keys":[31,0,0,0,0,0],"result":"ok"}
{"monotonic_ns":1553786656,"wall_ns":1783105949998002452,"modifier":0,"keys":[0,0,0,0,0,0],"result":"ok"}
{"monotonic_ns":1561847157,"wall_ns":1783105950006062953,"modifier":0,"keys":[44,0,0,0,0,0],"result":"ok"}
{"monotonic_ns":1566783616,"wall_ns":1783105950010999703,"modifier":0,"keys":[0,0,0,0,0,0],"result":"ok"}
{"monotonic_ns":1574752825,"wall_ns":1783105950018968912,"modifier":0,"keys":[49,0,0,0,0,0],"result":"ok"}
{"monotonic_ns":1579800409,"wall_ns":1783105950024016496,"modifier":0,"keys":[0,0,0,0,0,0],"result":"ok"}
{"monotonic_ns":1588769160,"wall_ns":1783105950032984372,"modifier":0,"keys":[49,0,0,0,0,0],"result":"ok"}
{"monotonic_ns":1593739744,"wall_ns":1783105950037954664,"modifier":0,"keys":[0,0,0,0,0,0],"result":"ok"}
{"monotonic_ns":1601715661,"wall_ns":1783105950045930582,"modifier":0,"keys":[49,0,0,0,0,0],"result":"ok"}
{"monotonic_ns":1606783078,"wall_ns":1783105950050998874,"modifier":0,"keys":[0,0,0,0,0,0],"result":"ok"}
{"monotonic_ns":1614828121,"wall_ns":1783105950059043041,"modifier":0,"keys":[44,0,0,0,0,0],"result":"ok"}
{"monotonic_ns":1619777121,"wall_ns":1783105950063993208,"modifier":0,"keys":[0,0,0,0,0,0],"result":"ok"}
{"monotonic_ns":1628790206,"wall_ns":1783105950073005709,"modifier":2,"keys":[49,0,0,0,0,0],"result":"ok"}
{"monotonic_ns":1633867831,"wall_ns":1783105950078083626,"modifier":0,"keys":[0,0,0,0,0,0],"result":"ok"}
{"monotonic_ns":1641728540,"wall_ns":1783105950085943461,"modifier":2,"keys":[49,0,0,0,0,0],"result":"ok"}
{"monotonic_ns":1646800041,"wall_ns":1783105950091015253,"modifier":0,"keys":[0,0,0,0,0,0],"result":"ok"}
{"monotonic_ns":1654847708,"wall_ns":1783105950099063504,"modifier":2,"keys":[49,0,0,0,0,0],"result":"ok"}
{"monotonic_ns":1659816834,"wall_ns":1783105950104032337,"modifier":0,"keys":[0,0,0,0,0,0],"result":"ok"}
{"monotonic_ns":1668799585,"wall_ns":1783105950113014505,"modifier":0,"keys":[44,0,0,0,0,0],"result":"ok"}
{"monotonic_ns":1673806043,"wall_ns":1783105950118021839,"modifier":0,"keys":[0,0,0,0,0,0],"result":"ok"}
{"monotonic_ns":1681774378,"wall_ns":1783105950125990173,"modifier":0,"keys":[100,0,0,0,0,0],"result":"ok"}
{"monotonic_ns":1686800961,"wall_ns":1783105950131017048,"modifier":0,"keys":[0,0,0,0,0,0],"result":"ok"}
{"monotonic_ns":1694902879,"wall_ns":1783105950139118674,"modifier":0,"keys":[100,0,0,0,0,0],"result":"ok"}
{"monotonic_ns":1699745129,"wall_ns":1783105950143960050,"modifier":0,"keys":[0,0,0,0,0,0],"result":"ok"}
{"monotonic_ns":1708789130,"wall_ns":1783105950153004051,"modifier":0,"keys":[44,0,0,0,0,0],"result":"ok"}
{"monotonic_ns":1714115839,"wall_ns":1783105950158332510,"modifier":0,"keys":[0,0,0,0,0,0],"result":"ok"}
{"monotonic_ns":1721996673,"wall_ns":1783105950166212760,"modifier":2,"keys":[100,0,0,0,0,0],"result":"ok"}
{"monotonic_ns":1727804341,"wall_ns":1783105950172020136,"modifier":0,"keys":[0,0,0,0,0,0],"result":"ok"}
{"monotonic_ns":1734805216,"wall_ns":1783105950179020137,"modifier":2,"keys":[100,0,0,0,0,0],"result":"ok"}
{"monotonic_ns":1740773592,"wall_ns":1783105950184989679,"modifier":0,"keys":[0,0,0,0,0,0],"result":"ok"}
{"monotonic_ns":1748773718,"wall_ns":1783105950192989513,"modifier":2,"keys":[100,0,0,0,0,0],"result":"ok"}
{"monotonic_ns":1753817218,"wall_ns":1783105950198032139,"modifier":0,"keys":[0,0,0,0,0,0],"result":"ok"}
{"monotonic_ns":1761761927,"wall_ns":1783105950205977723,"modifier":0,"keys":[44,0,0,0,0,0],"result":"ok"}
{"monotonic_ns":1766935219,"wall_ns":1783105950211151306,"modifier":0,"keys":[0,0,0,0,0,0],"result":"ok"}
{"monotonic_ns":1774753345,"wall_ns":1783105950218969141,"modifier":2,"keys":[32,0,0,0,0,0],"result":"ok"}
{"monotonic_ns":1779811429,"wall_ns":1783105950224027224,"modifier":0,"keys":[0,0,0,0,0,0],"result":"ok"}
{"monotonic_ns":1788787180,"wall_ns":1783105950233002975,"modifier":2,"keys":[32,0,0,0,0,0],"result":"ok"}
{"monotonic_ns":1793790431,"wall_ns":1783105950238006518,"modifier":0,"keys":[0,0,0,0,0,0],"result":"ok"}
{"monotonic_ns":1801737473,"wall_ns":1783105950245952977,"modifier":2,"keys":[32,0,0,0,0,0],"result":"ok"}
{"monotonic_ns":1806820057,"wall_ns":1783105950251042561,"modifier":0,"keys":[0,0,0,0,0,0],"result":"ok"}
{"monotonic_ns":1814759808,"wall_ns":1783105950258974728,"modifier":0,"keys":[44,0,0,0,0,0],"result":"ok"}
{"monotonic_ns":1819803600,"wall_ns":1783105950264018520,"modifier":0,"keys":[0,0,0,0,0,0],"result":"ok"}
{"monotonic_ns":1828764184,"wall_ns":1783105950272979979,"modifier":2,"keys":[54,0,0,0,0,0],"result":"ok"}
{"monotonic_ns":1833762476,"wall_ns":1783105950277978563,"modifier":0,"keys":[0,0,0,0,0,0],"result":"ok"}
{"monotonic_ns":1841821810,"wall_ns":1783105950286037606,"modifier":2,"keys":[55,0,0,0,0,0],"result":"ok"}
{"monotonic_ns":1846813394,"wall_ns":1783105950291029190,"modifier":0,"keys":[0,0,0,0,0,0],"result":"ok"}
{"monotonic_ns":1854745270,"wall_ns":1783105950298961065,"modifier":2,"keys":[54,0,0,0,0,0],"result":"ok"}
{"monotonic_ns":1859809187,"wall_ns":1783105950304024982,"modifier":0,"keys":[0,0,0,0,0,0],"result":"ok"}
{"monotonic_ns":1868808271,"wall_ns":1783105950313023192,"modifier":2,"keys":[55,0,0,0,0,0],"result":"ok"}
{"monotonic_ns":1873803355,"wall_ns":1783105950318018276,"modifier":0,"keys":[0,0,0,0,0,0],"result":"ok"}
{"monotonic_ns":1881742523,"wall_ns":1783105950325957443,"modifier":2,"keys":[54,0,0,0,0,0],"result":"ok"}
{"monotonic_ns":1886982898,"wall_ns":1783105950331199277,"modifier":0,"keys":[0,0,0,0,0,0],"result":"ok"}
{"monotonic_ns":1894753482,"wall_ns":1783105950338968403,"modifier":2,"keys":[55,0,0,0,0,0],"result":"ok"}
{"monotonic_ns":1899992400,"wall_ns":1783105950344208195,"modifier":0,"keys":[0,0,0,0,0,0],"result":"ok"}
{"monotonic_ns":1908839525,"wall_ns":1783105950353076029,"modifier":0,"keys":[40,0,0,0,0,0],"result":"ok"}
{"monotonic_ns":1913780943,"wall_ns":1783105950357996738,"modifier":0,"keys":[0,0,0,0,0,0],"result":"ok"}
{"monotonic_ns":1921915235,"wall_ns":1783105950366130155,"modifier":2,"keys":[15,0,0,0,0,0],"result":"ok"}
{"monotonic_ns":1926747277,"wall_ns":1783105950370963073,"modifier":0,"keys":[0,0,0,0,0,0],"result":"ok"}
{"monotonic_ns":1934767528,"wall_ns":1783105950378983323,"modifier":0,"keys":[39,0,0,0,0,0],"result":"ok"}
{"monotonic_ns":1940078487,"wall_ns":1783105950384294574,"modifier":0,"keys":[0,0,0,0,0,0],"result":"ok"}
{"monotonic_ns":1947924029,"wall_ns":1783105950392139825,"modifier":0,"keys":[39,0,0,0,0,0],"result":"ok"}
{"monotonic_ns":1952758988,"wall_ns":1783105950396974783,"modifier":0,"keys":[0,0,0,0,0,0],"result":"ok"}
{"monotonic_ns":1961776739,"wall_ns":1783105950406011201,"modifier":0,"keys":[39,0,0,0,0,0],"result":"ok"}
{"monotonic_ns":1966796906,"wall_ns":1783105950411013285,"modifier":0,"keys":[0,0,0,0,0,0],"result":"ok"}
{"monotonic_ns":1974757657,"wall_ns":1783105950418972577,"modifier":0,"keys":[31,0,0,0,0,0],"result":"ok"}
{"monotonic_ns":1979776366,"wall_ns":1783105950423991578,"modifier":0,"keys":[0,0,0,0,0,0],"result":"ok"}
{"monotonic_ns":1988773992,"wall_ns":1783105950432989204,"modifier":0,"keys":[44,0,0,0,0,0],"result":"ok"}
{"monotonic_ns":1993799701,"wall_ns":1783105950438014621,"modifier":0,"keys":[0,0,0,0,0,0],"result":"ok"}
{"monotonic_ns":2001761035,"wall_ns":1783105950445975955,"modifier":0,"keys":[22,0,0,0,0,0],"result":"ok"}
{"monotonic_ns":2006781202,"wall_ns":1783105950450996997,"modifier":0,"keys":[0,0,0,0,0,0],"result":"ok"}
{"monotonic_ns":2014880786,"wall_ns":1783105950459096581,"modifier":0,"keys":[11,0,0,0,0,0],"result":"ok"}
{"monotonic_ns":2019734120,"wall_ns":1783105950463949332,"modifier":0,"keys":[0,0,0,0,0,0],"result":"ok"}
{"monotonic_ns":2028758871,"wall_ns":1783105950472973791,"modifier":0,"keys":[12,0,0,0,0,0],"result":"ok"}
{"monotonic_ns":2033824246,"wall_ns":1783105950478040042,"modifier":0,"keys":[0,0,0,0,0,0],"result":"ok"}
{"monotonic_ns":2041745914,"wall_ns":1783105950485961417,"modifier":0,"keys":[9,0,0,0,0,0],"result":"ok"}
{"monotonic_ns":2046773956,"wall_ns":1783105950490989460,"modifier":0,"keys":[0,0,0,0,0,0],"result":"ok"}
{"monotonic_ns":2054755415,"wall_ns":1783105950498971210,"modifier":0,"keys":[23,0,0,0,0,0],"result":"ok"}
{"monotonic_ns":2059770332,"wall_ns":1783105950503986128,"modifier":0,"keys":[0,0,0,0,0,0],"result":"ok"}
{"monotonic_ns":2068783125,"wall_ns":1783105950512998045,"modifier":0,"keys":[8,0,0,0,0,0],"result":"ok"}
{"monotonic_ns":2073811459,"wall_ns":1783105950518027254,"modifier":0,"keys":[0,0,0,0,0,0],"result":"ok"}
{"monotonic_ns":2081731376,"wall_ns":1783105950525947171,"modifier":0,"keys":[7,0,0,0,0,0],"result":"ok"}
{"monotonic_ns":2086820377,"wall_ns":1783105950531036755,"modifier":0,"keys":[0,0,0,0,0,0],"result":"ok"}
{"monotonic_ns":2094754877,"wall_ns":1783105950538969798,"modifier":0,"keys":[45,0,0,0,0,0],"result":"ok"}
{"monotonic_ns":2099811795,"wall_ns":1783105950544027590,"modifier":0,"keys":[0,0,0,0,0,0],"result":"ok"}
{"monotonic_ns":2108782296,"wall_ns":1783105950552997799,"modifier":0,"keys":[19,0,0,0,0,0],"result":"ok"}
{"monotonic_ns":2113961129,"wall_ns":1783105950558177800,"modifier":0,"keys":[0,0,0,0,0,0],"result":"ok"}
{"monotonic_ns":2121739588,"wall_ns":1783105950565954509,"modifier":0,"keys":[4,0,0,0,0,0],"result":"ok"}
{"monotonic_ns":2126850756,"wall_ns":1783105950571066843,"modifier":0,"keys":[0,0,0,0,0,0],"result":"ok"}
{"monotonic_ns":2134848256,"wall_ns":1783105950579064635,"modifier":0,"keys":[12,0,0,0,0,0],"result":"ok"}
{"monotonic_ns":2139784715,"wall_ns":1783105950584000802,"modifier":0,"keys":[0,0,0,0,0,0],"result":"ok"}
{"monotonic_ns":2148715550,"wall_ns":1783105950592931637,"modifier":0,"keys":[21,0,0,0,0,0],"result":"ok"}
{"monotonic_ns":2153798425,"wall_ns":1783105950598014220,"modifier":0,"keys":[0,0,0,0,0,0],"result":"ok"}
{"monotonic_ns":2161839093,"wall_ns":1783105950606054888,"modifier":0,"keys":[22,0,0,0,0,0],"result":"ok"}
{"monotonic_ns":2166932760,"wall_ns":1783105950611148847,"modifier":0,"keys":[0,0,0,0,0,0],"result":"ok"}
{"monotonic_ns":2174748552,"wall_ns":1783105950618963764,"modifier":0,"keys":[44,0,0,0,0,0],"result":"ok"}
{"monotonic_ns":2179816261,"wall_ns":1783105950624032640,"modifier":0,"keys":[0,0,0,0,0,0],"result":"ok"}
{"monotonic_ns":2188757012,"wall_ns":1783105950632972516,"modifier":0,"keys":[31,0,0,0,0,0],"result":"ok"}
{"monotonic_ns":2193755887,"wall_ns":1783105950637970808,"modifier":0,"keys":[0,0,0,0,0,0],"result":"ok"}
{"monotonic_ns":2201911763,"wall_ns":1783105950646126684,"modifier":2,"keys":[31,0,0,0,0,0],"result":"ok"}
{"monotonic_ns":2206750514,"wall_ns":1783105950650966309,"modifier":0,"keys":[0,0,0,0,0,0],"result":"ok"}
{"monotonic_ns":2214762889,"wall_ns":1783105950658978685,"modifier":0,"keys":[44,0,0,0,0,0],"result":"ok"}
{"monotonic_ns":2219950765,"wall_ns":1783105950664166560,"modifier":0,"keys":[0,0,0,0,0,0],"result":"ok"}
{"monotonic_ns":2228816558,"wall_ns":1783105950673032061,"modifier":0,"keys":[32,0,0,0,0,0],"result":"ok"}
{"monotonic_ns":2233841683,"wall_ns":1783105950678057478,"modifier":0,"keys":[0,0,0,0,0,0],"result":"ok"}
{"monotonic_ns":2241745267,"wall_ns":1783105950685960188,"modifier":2,"keys":[32,0,0,0,0,0],"result":"ok"}
{"monotonic_ns":2246722559,"wall_ns":1783105950690938355,"modifier":0,"keys":[0,0,0,0,0,0],"result":"ok"}
{"monotonic_ns":2254751560,"wall_ns":1783105950698966772,"modifier":0,"keys":[44,0,0,0,0,0],"result":"ok"}
{"monotonic_ns":2259811686,"wall_ns":1783105950704027773,"modifier":0,"keys":[0,0,0,0,0,0],"result":"ok"}
{"monotonic_ns":2268722978,"wall_ns":1783105950712938774,"modifier":0,"keys":[20,0,0,0,0,0],"result":"ok"}
{"monotonic_ns":2273882270,"wall_ns":1783105950718098357,"modifier":0,"keys":[0,0,0,0,0,0],"result":"ok"}
{"monotonic_ns":2281728688,"wall_ns":1783105950725943608,"modifier":0,"keys":[24,0,0,0,0,0],"result":"ok"}
{"monotonic_ns":2286804272,"wall_ns":1783105950731020359,"modifier":0,"keys":[0,0,0,0,0,0],"result":"ok"}
{"monotonic_ns":2294862148,"wall_ns":1783105950739077068,"modifier":0,"keys":[18,0,0,0,0,0],"result":"ok"}
{"monotonic_ns":2299788690,"wall_ns":1783105950744004485,"modifier":0,"keys":[0,0,0,0,0,0],"result":"ok"}
{"monotonic_ns":2308780774,"wall_ns":1783105950752996569,"modifier":0,"keys":[23,0,0,0,0,0],"result":"ok"}
{"monotonic_ns":2313847024,"wall_ns":1783105950758062820,"modifier":0,"keys":[0,0,0,0,0,0],"result":"ok"}
{"monotonic_ns":2321768109,"wall_ns":1783105950765983904,"modifier":0,"keys":[8,0,0,0,0,0],"result":"ok"}
{"monotonic_ns":2326798776,"wall_ns":1783105950771014863,"modifier":0,"keys":[0,0,0,0,0,0],"result":"ok"}
{"monotonic_ns":2334749610,"wall_ns":1783105950778965697,"modifier":2,"keys":[52,0,0,0,0,0],"result":"ok"}
{"monotonic_ns":2339812069,"wall_ns":1783105950784027281,"modifier":0,"keys":[0,0,0,0,0,0],"result":"ok"}
{"monotonic_ns":2348784028,"wall_ns":1783105950792998948,"modifier":0,"keys":[44,0,0,0,0,0],"result":"ok"}
{"monotonic_ns":2353815278,"wall_ns":1783105950798031074,"modifier":0,"keys":[0,0,0,0,0,0],"result":"ok"}
{"monotonic_ns":2361818029,"wall_ns":1783105950806033241,"modifier":0,"keys":[22,0,0,0,0,0],"result":"ok"}
{"monotonic_ns":2366801738,"wall_ns":1783105950811017533,"modifier":0,"keys":[0,0,0,0,0,0],"result":"ok"}
{"monotonic_ns":2374754322,"wall_ns":1783105950818970118,"modifier":0,"keys":[15,0,0,0,0,0],"result":"ok"}
{"monotonic_ns":2379817364,"wall_ns":1783105950824033160,"modifier":0,"keys":[0,0,0,0,0,0],"result":"ok"}
{"monotonic_ns":2388796907,"wall_ns":1783105950833012702,"modifier":0,"keys":[4,0,0,0,0,0],"result":"ok"}
{"monotonic_ns":2393768366,"wall_ns":1783105950837983286,"modifier":0,"keys":[0,0,0,0,0,0],"result":"ok"}
{"monotonic_ns":2401727658,"wall_ns":1783105950845943745,"modifier":0,"keys":[22,0,0,0,0,0],"result":"ok"}
{"monotonic_ns":2406818117,"wall_ns":1783105950851033912,"modifier":0,"keys":[0,0,0,0,0,0],"result":"ok"}
{"monotonic_ns":2414755243,"wall_ns":1783105950858971038,"modifier":0,"keys":[11,0,0,0,0,0],"result":"ok"}
{"monotonic_ns":2419828202,"wall_ns":1783105950864043997,"modifier":0,"keys":[0,0,0,0,0,0],"result":"ok"}
{"monotonic_ns":2428768078,"wall_ns":1783105950872982998,"modifier":0,"keys":[100,0,0,0,0,0],"result":"ok"}
{"monotonic_ns":2433785911,"wall_ns":1783105950878001998,"modifier":0,"keys":[0,0,0,0,0,0],"result":"ok"}
{"monotonic_ns":2441748121,"wall_ns":1783105950885963916,"modifier":0,"keys":[44,0,0,0,0,0],"result":"ok"}
{"monotonic_ns":2446902746,"wall_ns":1783105950891118833,"modifier":0,"keys":[0,0,0,0,0,0],"result":"ok"}
{"monotonic_ns":2454756164,"wall_ns":1783105950898971084,"modifier":0,"keys":[19,0,0,0,0,0],"result":"ok"}
{"monotonic_ns":2459812206,"wall_ns":1783105950904028293,"modifier":0,"keys":[0,0,0,0,0,0],"result":"ok"}
{"monotonic_ns":2468785040,"wall_ns":1783105950912999960,"modifier":0,"keys":[12,0,0,0,0,0],"result":"ok"}
{"monotonic_ns":2473747457,"wall_ns":1783105950917962378,"modifier":0,"keys":[0,0,0,0,0,0],"result":"ok"}
{"monotonic_ns":2481728625,"wall_ns":1783105950925944128,"modifier":0,"keys":[19,0,0,0,0,0],"result":"ok"}
{"monotonic_ns":2486789625,"wall_ns":1783105950931005712,"modifier":0,"keys":[0,0,0,0,0,0],"result":"ok"}
{"monotonic_ns":2494785959,"wall_ns":1783105950939001755,"modifier":0,"keys":[8,0,0,0,0,0],"result":"ok"}
{"monotonic_ns":2499840251,"wall_ns":1783105950944055172,"modifier":0,"keys":[0,0,0,0,0,0],"result":"ok"}
{"monotonic_ns":2508788002,"wall_ns":1783105950953004089,"modifier":2,"keys":[100,0,0,0,0,0],"result":"ok"}
{"monotonic_ns":2513772003,"wall_ns":1783105950957987798,"modifier":0,"keys":[0,0,0,0,0,0],"result":"ok"}
{"monotonic_ns":2521859045,"wall_ns":1783105950966074841,"modifier":0,"keys":[44,0,0,0,0,0],"result":"ok"}
{"monotonic_ns":2527260713,"wall_ns":1783105950971479716,"modifier":0,"keys":[0,0,0,0,0,0],"result":"ok"}
{"monotonic_ns":2534966547,"wall_ns":1783105950979182050,"modifier":0,"keys":[11,0,0,0,0,0],"result":"ok"}
{"monotonic_ns":2539760672,"wall_ns":1783105950983976467,"modifier":0,"keys":[0,0,0,0,0,0],"result":"ok"}
{"monotonic_ns":2548782506,"wall_ns":1783105950992998302,"modifier":0,"keys":[4,0,0,0,0,0],"result":"ok"}
{"monotonic_ns":2553809382,"wall_ns":1783105950998024594,"modifier":0,"keys":[0,0,0,0,0,0],"result":"ok"}
{"monotonic_ns":2561812716,"wall_ns":1783105951006029095,"modifier":0,"keys":[22,0,0,0,0,0],"result":"ok"}
{"monotonic_ns":2566825883,"wall_ns":1783105951011041970,"modifier":0,"keys":[0,0,0,0,0,0],"result":"ok"}
{"monotonic_ns":2574796551,"wall_ns":1783105951019012346,"modifier":0,"keys":[11,0,0,0,0,0],"result":"ok"}
{"monotonic_ns":2579948843,"wall_ns":1783105951024164930,"modifier":0,"keys":[0,0,0,0,0,0],"result":"ok"}
{"monotonic_ns":2588779635,"wall_ns":1783105951032994556,"modifier":0,"keys":[49,0,0,0,0,0],"result":"ok"}
{"monotonic_ns":2593806511,"wall_ns":1783105951038022598,"modifier":0,"keys":[0,0,0,0,0,0],"result":"ok"}
{"monotonic_ns":2601831137,"wall_ns":1783105951046046057,"modifier":0,"keys":[44,0,0,0,0,0],"result":"ok"}
{"monotonic_ns":2606771971,"wall_ns":1783105951050988058,"modifier":0,"keys":[0,0,0,0,0,0],"result":"ok"}
{"monotonic_ns":2614748471,"wall_ns":1783105951058964267,"modifier":0,"keys":[23,0,0,0,0,0],"result":"ok"}
{"monotonic_ns":2619826680,"wall_ns":1783105951064041892,"modifier":0,"keys":[0,0,0,0,0,0],"result":"ok"}
{"monotonic_ns":2628762473,"wall_ns":1783105951072977393,"modifier":0,"keys":[12,0,0,0,0,0],"result":"ok"}
{"monotonic_ns":2633814140,"wall_ns":1783105951078029935,"modifier":0,"keys":[0,0,0,0,0,0],"result":"ok"}
{"monotonic_ns":2641881349,"wall_ns":1783105951086097436,"modifier":0,"keys":[15,0,0,0,0,0],"result":"ok"}
{"monotonic_ns":2646857475,"wall_ns":1783105951091073270,"modifier":0,"keys":[0,0,0,0,0,0],"result":"ok"}
{"monotonic_ns":2654843892,"wall_ns":1783105951099059396,"modifier":0,"keys":[7,0,0,0,0,0],"result":"ok"}
{"monotonic_ns":2659793184,"wall_ns":1783105951104008688,"modifier":0,"keys":[0,0,0,0,0,0],"result":"ok"}
{"monotonic_ns":2668807435,"wall_ns":1783105951113022355,"modifier":0,"keys":[8,0,0,0,0,0],"result":"ok"}
{"monotonic_ns":2673892936,"wall_ns":1783105951118109023,"modifier":0,"keys":[0,0,0,0,0,0],"result":"ok"}
{"monotonic_ns":2681804978,"wall_ns":1783105951126020482,"modifier":2,"keys":[49,0,0,0,0,0],"result":"ok"}
{"monotonic_ns":2686798895,"wall_ns":1783105951131013816,"modifier":0,"keys":[0,0,0,0,0,0],"result":"ok"}
{"monotonic_ns":2694783271,"wall_ns":1783105951138999066,"modifier":0,"keys":[0,0,0,0,0,0],"result":"ok"}
